28-Jul-2023 05:15:42.699 INFO [main] org.apache.catalina.startup.VersionLoggerListener.log Server version name:   Apache Tomcat/10.1.7
28-Jul-2023 05:15:42.706 INFO [main] org.apache.catalina.startup.VersionLoggerListener.log Server built:          Feb 27 2023 20:25:27 UTC
28-Jul-2023 05:15:42.706 INFO [main] org.apache.catalina.startup.VersionLoggerListener.log Server version number: 10.1.7.0
28-Jul-2023 05:15:42.707 INFO [main] org.apache.catalina.startup.VersionLoggerListener.log OS Name:               Windows 10
28-Jul-2023 05:15:42.707 INFO [main] org.apache.catalina.startup.VersionLoggerListener.log OS Version:            10.0
28-Jul-2023 05:15:42.707 INFO [main] org.apache.catalina.startup.VersionLoggerListener.log Architecture:          amd64
28-Jul-2023 05:15:42.707 INFO [main] org.apache.catalina.startup.VersionLoggerListener.log Java Home:             D:\Program Files\Java\jdk-19
28-Jul-2023 05:15:42.707 INFO [main] org.apache.catalina.startup.VersionLoggerListener.log JVM Version:           19.0.2+7-44
28-Jul-2023 05:15:42.708 INFO [main] org.apache.catalina.startup.VersionLoggerListener.log JVM Vendor:            Oracle Corporation
28-Jul-2023 05:15:42.708 INFO [main] org.apache.catalina.startup.VersionLoggerListener.log CATALINA_BASE:         D:\Projetos\NetBeans\SA_Locadora\apache-tomcat-10.1.7
28-Jul-2023 05:15:42.708 INFO [main] org.apache.catalina.startup.VersionLoggerListener.log CATALINA_HOME:         D:\Projetos\NetBeans\SA_Locadora\apache-tomcat-10.1.7
28-Jul-2023 05:15:42.738 INFO [main] org.apache.catalina.startup.VersionLoggerListener.log Command line argument: -Djava.util.logging.config.file=D:\Projetos\NetBeans\SA_Locadora\apache-tomcat-10.1.7\conf\logging.properties
28-Jul-2023 05:15:42.738 INFO [main] org.apache.catalina.startup.VersionLoggerListener.log Command line argument: -Djava.util.logging.manager=org.apache.juli.ClassLoaderLogManager
28-Jul-2023 05:15:42.739 INFO [main] org.apache.catalina.startup.VersionLoggerListener.log Command line argument: -Dhttp.nonProxyHosts=localhost|127.0.0.1|DESKTOP-GNPTJLR
28-Jul-2023 05:15:42.739 INFO [main] org.apache.catalina.startup.VersionLoggerListener.log Command line argument: -Djdk.tls.ephemeralDHKeySize=2048
28-Jul-2023 05:15:42.739 INFO [main] org.apache.catalina.startup.VersionLoggerListener.log Command line argument: -Djava.protocol.handler.pkgs=org.apache.catalina.webresources
28-Jul-2023 05:15:42.739 INFO [main] org.apache.catalina.startup.VersionLoggerListener.log Command line argument: --add-opens=java.base/java.lang=ALL-UNNAMED
28-Jul-2023 05:15:42.739 INFO [main] org.apache.catalina.startup.VersionLoggerListener.log Command line argument: --add-opens=java.base/java.io=ALL-UNNAMED
28-Jul-2023 05:15:42.740 INFO [main] org.apache.catalina.startup.VersionLoggerListener.log Command line argument: --add-opens=java.base/java.util=ALL-UNNAMED
28-Jul-2023 05:15:42.740 INFO [main] org.apache.catalina.startup.VersionLoggerListener.log Command line argument: --add-opens=java.base/java.util.concurrent=ALL-UNNAMED
28-Jul-2023 05:15:42.740 INFO [main] org.apache.catalina.startup.VersionLoggerListener.log Command line argument: --add-opens=java.rmi/sun.rmi.transport=ALL-UNNAMED
28-Jul-2023 05:15:42.740 INFO [main] org.apache.catalina.startup.VersionLoggerListener.log Command line argument: -Dcatalina.base=D:\Projetos\NetBeans\SA_Locadora\apache-tomcat-10.1.7
28-Jul-2023 05:15:42.741 INFO [main] org.apache.catalina.startup.VersionLoggerListener.log Command line argument: -Dcatalina.home=D:\Projetos\NetBeans\SA_Locadora\apache-tomcat-10.1.7
28-Jul-2023 05:15:42.741 INFO [main] org.apache.catalina.startup.VersionLoggerListener.log Command line argument: -Djava.io.tmpdir=D:\Projetos\NetBeans\SA_Locadora\apache-tomcat-10.1.7\temp
28-Jul-2023 05:15:42.756 INFO [main] org.apache.catalina.core.AprLifecycleListener.lifecycleEvent The Apache Tomcat Native library which allows using OpenSSL was not found on the java.library.path: [D:\Program Files\Java\jdk-19\bin;C:\WINDOWS\Sun\Java\bin;C:\WINDOWS\system32;C:\WINDOWS;C:\Program Files\Common Files\Oracle\Java\javapath;C:\Program Files (x86)\Common Files\Oracle\Java\javapath;C:\WINDOWS\system32;C:\WINDOWS;C:\WINDOWS\System32\Wbem;C:\WINDOWS\System32\WindowsPowerShell\v1.0\;C:\WINDOWS\System32\OpenSSH\;C:\Program Files\dotnet\;C:\Program Files\MySQL\MySQL Shell 8.0\bin\;C:\Users\Gabriel\AppData\Local\Microsoft\WindowsApps;;.]
28-Jul-2023 05:15:43.489 INFO [main] org.apache.coyote.AbstractProtocol.init Initializing ProtocolHandler ["http-nio-8080"]
28-Jul-2023 05:15:43.570 INFO [main] org.apache.catalina.startup.Catalina.load Server initialization in [1389] milliseconds
28-Jul-2023 05:15:43.710 INFO [main] org.apache.catalina.core.StandardService.startInternal Starting service [Catalina]
28-Jul-2023 05:15:43.711 INFO [main] org.apache.catalina.core.StandardEngine.startInternal Starting Servlet engine: [Apache Tomcat/10.1.7]
28-Jul-2023 05:15:43.736 INFO [main] org.apache.catalina.startup.HostConfig.deployDescriptor Deploying deployment descriptor [D:\Projetos\NetBeans\SA_Locadora\apache-tomcat-10.1.7\conf\Catalina\localhost\SA_Locadora.xml]
28-Jul-2023 05:15:43.804 WARNING [main] org.apache.catalina.startup.HostConfig.deployDescriptor The path attribute with value [/SA_Locadora] in deployment descriptor [D:\Projetos\NetBeans\SA_Locadora\apache-tomcat-10.1.7\conf\Catalina\localhost\SA_Locadora.xml] has been ignored
28-Jul-2023 05:15:46.325 INFO [main] org.apache.jasper.servlet.TldScanner.scanJars At least one JAR was scanned for TLDs yet contained no TLDs. Enable debug logging for this logger for a complete list of JARs that were scanned but no TLDs were found in them. Skipping unneeded JARs during scanning can improve startup time and JSP compilation time.
28-Jul-2023 05:15:46.469 INFO [main] org.apache.catalina.startup.HostConfig.deployDescriptor Deployment of deployment descriptor [D:\Projetos\NetBeans\SA_Locadora\apache-tomcat-10.1.7\conf\Catalina\localhost\SA_Locadora.xml] has finished in [2.729] ms
28-Jul-2023 05:15:46.470 INFO [main] org.apache.catalina.startup.HostConfig.deployDirectory Diretório de instalação da aplicação web [D:\Projetos\NetBeans\SA_Locadora\apache-tomcat-10.1.7\webapps\docs]
28-Jul-2023 05:15:46.642 INFO [main] org.apache.catalina.startup.HostConfig.deployDirectory Deployment of web application directory [D:\Projetos\NetBeans\SA_Locadora\apache-tomcat-10.1.7\webapps\docs] has finished in [172] ms
28-Jul-2023 05:15:46.643 INFO [main] org.apache.catalina.startup.HostConfig.deployDirectory Diretório de instalação da aplicação web [D:\Projetos\NetBeans\SA_Locadora\apache-tomcat-10.1.7\webapps\examples]
28-Jul-2023 05:15:49.680 INFO [main] org.apache.catalina.startup.HostConfig.deployDirectory Deployment of web application directory [D:\Projetos\NetBeans\SA_Locadora\apache-tomcat-10.1.7\webapps\examples] has finished in [3.036] ms
28-Jul-2023 05:15:49.681 INFO [main] org.apache.catalina.startup.HostConfig.deployDirectory Diretório de instalação da aplicação web [D:\Projetos\NetBeans\SA_Locadora\apache-tomcat-10.1.7\webapps\host-manager]
28-Jul-2023 05:15:50.021 INFO [main] org.apache.catalina.startup.HostConfig.deployDirectory Deployment of web application directory [D:\Projetos\NetBeans\SA_Locadora\apache-tomcat-10.1.7\webapps\host-manager] has finished in [340] ms
28-Jul-2023 05:15:50.022 INFO [main] org.apache.catalina.startup.HostConfig.deployDirectory Diretório de instalação da aplicação web [D:\Projetos\NetBeans\SA_Locadora\apache-tomcat-10.1.7\webapps\manager]
28-Jul-2023 05:15:50.291 INFO [main] org.apache.catalina.startup.HostConfig.deployDirectory Deployment of web application directory [D:\Projetos\NetBeans\SA_Locadora\apache-tomcat-10.1.7\webapps\manager] has finished in [268] ms
28-Jul-2023 05:15:50.291 INFO [main] org.apache.catalina.startup.HostConfig.deployDirectory Diretório de instalação da aplicação web [D:\Projetos\NetBeans\SA_Locadora\apache-tomcat-10.1.7\webapps\ROOT]
28-Jul-2023 05:15:50.395 INFO [main] org.apache.catalina.startup.HostConfig.deployDirectory Deployment of web application directory [D:\Projetos\NetBeans\SA_Locadora\apache-tomcat-10.1.7\webapps\ROOT] has finished in [103] ms
28-Jul-2023 05:15:50.400 INFO [main] org.apache.coyote.AbstractProtocol.start Starting ProtocolHandler ["http-nio-8080"]
28-Jul-2023 05:15:50.544 INFO [main] org.apache.catalina.startup.Catalina.start Server startup in [6971] milliseconds
28-Jul-2023 06:43:01.241 INFO [main] org.apache.catalina.core.StandardServer.await A valid shutdown command was received via the shutdown port. Stopping the Server instance.
28-Jul-2023 06:43:01.243 INFO [main] org.apache.coyote.AbstractProtocol.pause Pausing ProtocolHandler ["http-nio-8080"]
28-Jul-2023 06:43:01.262 INFO [main] org.apache.catalina.core.StandardService.stopInternal Stopping service [Catalina]
28-Jul-2023 06:43:01.383 INFO [main] org.apache.coyote.AbstractProtocol.stop Stopping ProtocolHandler ["http-nio-8080"]
28-Jul-2023 06:43:01.409 INFO [main] org.apache.coyote.AbstractProtocol.destroy Destroying ProtocolHandler ["http-nio-8080"]
28-Jul-2023 06:44:46.625 INFO [main] org.apache.catalina.startup.VersionLoggerListener.log Server version name:   Apache Tomcat/10.1.7
28-Jul-2023 06:44:46.632 INFO [main] org.apache.catalina.startup.VersionLoggerListener.log Server built:          Feb 27 2023 20:25:27 UTC
28-Jul-2023 06:44:46.633 INFO [main] org.apache.catalina.startup.VersionLoggerListener.log Server version number: 10.1.7.0
28-Jul-2023 06:44:46.633 INFO [main] org.apache.catalina.startup.VersionLoggerListener.log OS Name:               Windows 10
28-Jul-2023 06:44:46.634 INFO [main] org.apache.catalina.startup.VersionLoggerListener.log OS Version:            10.0
28-Jul-2023 06:44:46.634 INFO [main] org.apache.catalina.startup.VersionLoggerListener.log Architecture:          amd64
28-Jul-2023 06:44:46.634 INFO [main] org.apache.catalina.startup.VersionLoggerListener.log Java Home:             D:\Program Files\Java\jdk-19
28-Jul-2023 06:44:46.634 INFO [main] org.apache.catalina.startup.VersionLoggerListener.log JVM Version:           19.0.2+7-44
28-Jul-2023 06:44:46.634 INFO [main] org.apache.catalina.startup.VersionLoggerListener.log JVM Vendor:            Oracle Corporation
28-Jul-2023 06:44:46.634 INFO [main] org.apache.catalina.startup.VersionLoggerListener.log CATALINA_BASE:         D:\Projetos\NetBeans\SA_Locadora\apache-tomcat-10.1.7
28-Jul-2023 06:44:46.635 INFO [main] org.apache.catalina.startup.VersionLoggerListener.log CATALINA_HOME:         D:\Projetos\NetBeans\SA_Locadora\apache-tomcat-10.1.7
28-Jul-2023 06:44:46.660 INFO [main] org.apache.catalina.startup.VersionLoggerListener.log Command line argument: -Djava.util.logging.config.file=D:\Projetos\NetBeans\SA_Locadora\apache-tomcat-10.1.7\conf\logging.properties
28-Jul-2023 06:44:46.660 INFO [main] org.apache.catalina.startup.VersionLoggerListener.log Command line argument: -Djava.util.logging.manager=org.apache.juli.ClassLoaderLogManager
28-Jul-2023 06:44:46.661 INFO [main] org.apache.catalina.startup.VersionLoggerListener.log Command line argument: -Dhttp.nonProxyHosts=localhost|127.0.0.1|DESKTOP-GNPTJLR
28-Jul-2023 06:44:46.661 INFO [main] org.apache.catalina.startup.VersionLoggerListener.log Command line argument: -Djdk.tls.ephemeralDHKeySize=2048
28-Jul-2023 06:44:46.661 INFO [main] org.apache.catalina.startup.VersionLoggerListener.log Command line argument: -Djava.protocol.handler.pkgs=org.apache.catalina.webresources
28-Jul-2023 06:44:46.661 INFO [main] org.apache.catalina.startup.VersionLoggerListener.log Command line argument: --add-opens=java.base/java.lang=ALL-UNNAMED
28-Jul-2023 06:44:46.661 INFO [main] org.apache.catalina.startup.VersionLoggerListener.log Command line argument: --add-opens=java.base/java.io=ALL-UNNAMED
28-Jul-2023 06:44:46.661 INFO [main] org.apache.catalina.startup.VersionLoggerListener.log Command line argument: --add-opens=java.base/java.util=ALL-UNNAMED
28-Jul-2023 06:44:46.661 INFO [main] org.apache.catalina.startup.VersionLoggerListener.log Command line argument: --add-opens=java.base/java.util.concurrent=ALL-UNNAMED
28-Jul-2023 06:44:46.661 INFO [main] org.apache.catalina.startup.VersionLoggerListener.log Command line argument: --add-opens=java.rmi/sun.rmi.transport=ALL-UNNAMED
28-Jul-2023 06:44:46.662 INFO [main] org.apache.catalina.startup.VersionLoggerListener.log Command line argument: -Dcatalina.base=D:\Projetos\NetBeans\SA_Locadora\apache-tomcat-10.1.7
28-Jul-2023 06:44:46.662 INFO [main] org.apache.catalina.startup.VersionLoggerListener.log Command line argument: -Dcatalina.home=D:\Projetos\NetBeans\SA_Locadora\apache-tomcat-10.1.7
28-Jul-2023 06:44:46.662 INFO [main] org.apache.catalina.startup.VersionLoggerListener.log Command line argument: -Djava.io.tmpdir=D:\Projetos\NetBeans\SA_Locadora\apache-tomcat-10.1.7\temp
28-Jul-2023 06:44:46.679 INFO [main] org.apache.catalina.core.AprLifecycleListener.lifecycleEvent The Apache Tomcat Native library which allows using OpenSSL was not found on the java.library.path: [D:\Program Files\Java\jdk-19\bin;C:\WINDOWS\Sun\Java\bin;C:\WINDOWS\system32;C:\WINDOWS;C:\Program Files\Common Files\Oracle\Java\javapath;C:\Program Files (x86)\Common Files\Oracle\Java\javapath;C:\WINDOWS\system32;C:\WINDOWS;C:\WINDOWS\System32\Wbem;C:\WINDOWS\System32\WindowsPowerShell\v1.0\;C:\WINDOWS\System32\OpenSSH\;C:\Program Files\dotnet\;C:\Program Files\MySQL\MySQL Shell 8.0\bin\;C:\Users\Gabriel\AppData\Local\Microsoft\WindowsApps;;.]
28-Jul-2023 06:44:47.187 INFO [main] org.apache.coyote.AbstractProtocol.init Initializing ProtocolHandler ["http-nio-8080"]
28-Jul-2023 06:44:47.228 INFO [main] org.apache.catalina.startup.Catalina.load Server initialization in [982] milliseconds
28-Jul-2023 06:44:47.337 INFO [main] org.apache.catalina.core.StandardService.startInternal Starting service [Catalina]
28-Jul-2023 06:44:47.337 INFO [main] org.apache.catalina.core.StandardEngine.startInternal Starting Servlet engine: [Apache Tomcat/10.1.7]
28-Jul-2023 06:44:47.360 INFO [main] org.apache.catalina.startup.HostConfig.deployDescriptor Deploying deployment descriptor [D:\Projetos\NetBeans\SA_Locadora\apache-tomcat-10.1.7\conf\Catalina\localhost\SA_Locadora.xml]
28-Jul-2023 06:44:47.407 WARNING [main] org.apache.catalina.startup.HostConfig.deployDescriptor The path attribute with value [/SA_Locadora] in deployment descriptor [D:\Projetos\NetBeans\SA_Locadora\apache-tomcat-10.1.7\conf\Catalina\localhost\SA_Locadora.xml] has been ignored
28-Jul-2023 06:44:49.426 INFO [main] org.apache.jasper.servlet.TldScanner.scanJars At least one JAR was scanned for TLDs yet contained no TLDs. Enable debug logging for this logger for a complete list of JARs that were scanned but no TLDs were found in them. Skipping unneeded JARs during scanning can improve startup time and JSP compilation time.
28-Jul-2023 06:44:49.581 INFO [main] org.apache.catalina.startup.HostConfig.deployDescriptor Deployment of deployment descriptor [D:\Projetos\NetBeans\SA_Locadora\apache-tomcat-10.1.7\conf\Catalina\localhost\SA_Locadora.xml] has finished in [2.218] ms
28-Jul-2023 06:44:49.583 INFO [main] org.apache.catalina.startup.HostConfig.deployDirectory Diretório de instalação da aplicação web [D:\Projetos\NetBeans\SA_Locadora\apache-tomcat-10.1.7\webapps\docs]
28-Jul-2023 06:44:49.693 INFO [main] org.apache.catalina.startup.HostConfig.deployDirectory Deployment of web application directory [D:\Projetos\NetBeans\SA_Locadora\apache-tomcat-10.1.7\webapps\docs] has finished in [111] ms
28-Jul-2023 06:44:49.693 INFO [main] org.apache.catalina.startup.HostConfig.deployDirectory Diretório de instalação da aplicação web [D:\Projetos\NetBeans\SA_Locadora\apache-tomcat-10.1.7\webapps\examples]
28-Jul-2023 06:44:51.796 INFO [main] org.apache.catalina.startup.HostConfig.deployDirectory Deployment of web application directory [D:\Projetos\NetBeans\SA_Locadora\apache-tomcat-10.1.7\webapps\examples] has finished in [2.103] ms
28-Jul-2023 06:44:51.797 INFO [main] org.apache.catalina.startup.HostConfig.deployDirectory Diretório de instalação da aplicação web [D:\Projetos\NetBeans\SA_Locadora\apache-tomcat-10.1.7\webapps\host-manager]
28-Jul-2023 06:44:51.933 INFO [main] org.apache.catalina.startup.HostConfig.deployDirectory Deployment of web application directory [D:\Projetos\NetBeans\SA_Locadora\apache-tomcat-10.1.7\webapps\host-manager] has finished in [136] ms
28-Jul-2023 06:44:51.934 INFO [main] org.apache.catalina.startup.HostConfig.deployDirectory Diretório de instalação da aplicação web [D:\Projetos\NetBeans\SA_Locadora\apache-tomcat-10.1.7\webapps\manager]
28-Jul-2023 06:44:52.082 INFO [main] org.apache.catalina.startup.HostConfig.deployDirectory Deployment of web application directory [D:\Projetos\NetBeans\SA_Locadora\apache-tomcat-10.1.7\webapps\manager] has finished in [148] ms
28-Jul-2023 06:44:52.083 INFO [main] org.apache.catalina.startup.HostConfig.deployDirectory Diretório de instalação da aplicação web [D:\Projetos\NetBeans\SA_Locadora\apache-tomcat-10.1.7\webapps\ROOT]
28-Jul-2023 06:44:52.166 INFO [main] org.apache.catalina.startup.HostConfig.deployDirectory Deployment of web application directory [D:\Projetos\NetBeans\SA_Locadora\apache-tomcat-10.1.7\webapps\ROOT] has finished in [83] ms
28-Jul-2023 06:44:52.172 INFO [main] org.apache.coyote.AbstractProtocol.start Starting ProtocolHandler ["http-nio-8080"]
28-Jul-2023 06:44:52.243 INFO [main] org.apache.catalina.startup.Catalina.start Server startup in [5012] milliseconds
28-Jul-2023 06:46:06.533 INFO [main] org.apache.catalina.core.StandardServer.await A valid shutdown command was received via the shutdown port. Stopping the Server instance.
28-Jul-2023 06:46:06.533 INFO [main] org.apache.coyote.AbstractProtocol.pause Pausing ProtocolHandler ["http-nio-8080"]
28-Jul-2023 06:46:06.543 INFO [main] org.apache.catalina.core.StandardService.stopInternal Stopping service [Catalina]
28-Jul-2023 06:46:06.575 INFO [main] org.apache.coyote.AbstractProtocol.stop Stopping ProtocolHandler ["http-nio-8080"]
28-Jul-2023 06:46:06.592 INFO [main] org.apache.coyote.AbstractProtocol.destroy Destroying ProtocolHandler ["http-nio-8080"]
28-Jul-2023 06:46:10.827 INFO [main] org.apache.catalina.startup.VersionLoggerListener.log Server version name:   Apache Tomcat/10.1.7
28-Jul-2023 06:46:10.834 INFO [main] org.apache.catalina.startup.VersionLoggerListener.log Server built:          Feb 27 2023 20:25:27 UTC
28-Jul-2023 06:46:10.834 INFO [main] org.apache.catalina.startup.VersionLoggerListener.log Server version number: 10.1.7.0
28-Jul-2023 06:46:10.834 INFO [main] org.apache.catalina.startup.VersionLoggerListener.log OS Name:               Windows 10
28-Jul-2023 06:46:10.835 INFO [main] org.apache.catalina.startup.VersionLoggerListener.log OS Version:            10.0
28-Jul-2023 06:46:10.835 INFO [main] org.apache.catalina.startup.VersionLoggerListener.log Architecture:          amd64
28-Jul-2023 06:46:10.835 INFO [main] org.apache.catalina.startup.VersionLoggerListener.log Java Home:             D:\Program Files\Java\jdk-19
28-Jul-2023 06:46:10.835 INFO [main] org.apache.catalina.startup.VersionLoggerListener.log JVM Version:           19.0.2+7-44
28-Jul-2023 06:46:10.836 INFO [main] org.apache.catalina.startup.VersionLoggerListener.log JVM Vendor:            Oracle Corporation
28-Jul-2023 06:46:10.836 INFO [main] org.apache.catalina.startup.VersionLoggerListener.log CATALINA_BASE:         D:\Projetos\NetBeans\SA_Locadora\apache-tomcat-10.1.7
28-Jul-2023 06:46:10.836 INFO [main] org.apache.catalina.startup.VersionLoggerListener.log CATALINA_HOME:         D:\Projetos\NetBeans\SA_Locadora\apache-tomcat-10.1.7
28-Jul-2023 06:46:10.853 INFO [main] org.apache.catalina.startup.VersionLoggerListener.log Command line argument: -Djava.util.logging.config.file=D:\Projetos\NetBeans\SA_Locadora\apache-tomcat-10.1.7\conf\logging.properties
28-Jul-2023 06:46:10.854 INFO [main] org.apache.catalina.startup.VersionLoggerListener.log Command line argument: -Djava.util.logging.manager=org.apache.juli.ClassLoaderLogManager
28-Jul-2023 06:46:10.854 INFO [main] org.apache.catalina.startup.VersionLoggerListener.log Command line argument: -Dhttp.nonProxyHosts=localhost|127.0.0.1|DESKTOP-GNPTJLR
28-Jul-2023 06:46:10.854 INFO [main] org.apache.catalina.startup.VersionLoggerListener.log Command line argument: -Djdk.tls.ephemeralDHKeySize=2048
28-Jul-2023 06:46:10.854 INFO [main] org.apache.catalina.startup.VersionLoggerListener.log Command line argument: -Djava.protocol.handler.pkgs=org.apache.catalina.webresources
28-Jul-2023 06:46:10.854 INFO [main] org.apache.catalina.startup.VersionLoggerListener.log Command line argument: --add-opens=java.base/java.lang=ALL-UNNAMED
28-Jul-2023 06:46:10.855 INFO [main] org.apache.catalina.startup.VersionLoggerListener.log Command line argument: --add-opens=java.base/java.io=ALL-UNNAMED
28-Jul-2023 06:46:10.855 INFO [main] org.apache.catalina.startup.VersionLoggerListener.log Command line argument: --add-opens=java.base/java.util=ALL-UNNAMED
28-Jul-2023 06:46:10.855 INFO [main] org.apache.catalina.startup.VersionLoggerListener.log Command line argument: --add-opens=java.base/java.util.concurrent=ALL-UNNAMED
28-Jul-2023 06:46:10.855 INFO [main] org.apache.catalina.startup.VersionLoggerListener.log Command line argument: --add-opens=java.rmi/sun.rmi.transport=ALL-UNNAMED
28-Jul-2023 06:46:10.855 INFO [main] org.apache.catalina.startup.VersionLoggerListener.log Command line argument: -Dcatalina.base=D:\Projetos\NetBeans\SA_Locadora\apache-tomcat-10.1.7
28-Jul-2023 06:46:10.855 INFO [main] org.apache.catalina.startup.VersionLoggerListener.log Command line argument: -Dcatalina.home=D:\Projetos\NetBeans\SA_Locadora\apache-tomcat-10.1.7
28-Jul-2023 06:46:10.855 INFO [main] org.apache.catalina.startup.VersionLoggerListener.log Command line argument: -Djava.io.tmpdir=D:\Projetos\NetBeans\SA_Locadora\apache-tomcat-10.1.7\temp
28-Jul-2023 06:46:10.870 INFO [main] org.apache.catalina.core.AprLifecycleListener.lifecycleEvent The Apache Tomcat Native library which allows using OpenSSL was not found on the java.library.path: [D:\Program Files\Java\jdk-19\bin;C:\WINDOWS\Sun\Java\bin;C:\WINDOWS\system32;C:\WINDOWS;C:\Program Files\Common Files\Oracle\Java\javapath;C:\Program Files (x86)\Common Files\Oracle\Java\javapath;C:\WINDOWS\system32;C:\WINDOWS;C:\WINDOWS\System32\Wbem;C:\WINDOWS\System32\WindowsPowerShell\v1.0\;C:\WINDOWS\System32\OpenSSH\;C:\Program Files\dotnet\;C:\Program Files\MySQL\MySQL Shell 8.0\bin\;C:\Users\Gabriel\AppData\Local\Microsoft\WindowsApps;;.]
28-Jul-2023 06:46:11.298 INFO [main] org.apache.coyote.AbstractProtocol.init Initializing ProtocolHandler ["http-nio-8080"]
28-Jul-2023 06:46:11.336 INFO [main] org.apache.catalina.startup.Catalina.load Server initialization in [832] milliseconds
28-Jul-2023 06:46:11.423 INFO [main] org.apache.catalina.core.StandardService.startInternal Starting service [Catalina]
28-Jul-2023 06:46:11.423 INFO [main] org.apache.catalina.core.StandardEngine.startInternal Starting Servlet engine: [Apache Tomcat/10.1.7]
28-Jul-2023 06:46:11.445 INFO [main] org.apache.catalina.startup.HostConfig.deployDescriptor Deploying deployment descriptor [D:\Projetos\NetBeans\SA_Locadora\apache-tomcat-10.1.7\conf\Catalina\localhost\SA_Locadora.xml]
28-Jul-2023 06:46:11.484 WARNING [main] org.apache.catalina.startup.HostConfig.deployDescriptor The path attribute with value [/SA_Locadora] in deployment descriptor [D:\Projetos\NetBeans\SA_Locadora\apache-tomcat-10.1.7\conf\Catalina\localhost\SA_Locadora.xml] has been ignored
28-Jul-2023 06:46:13.255 INFO [main] org.apache.jasper.servlet.TldScanner.scanJars At least one JAR was scanned for TLDs yet contained no TLDs. Enable debug logging for this logger for a complete list of JARs that were scanned but no TLDs were found in them. Skipping unneeded JARs during scanning can improve startup time and JSP compilation time.
28-Jul-2023 06:46:13.386 INFO [main] org.apache.catalina.startup.HostConfig.deployDescriptor Deployment of deployment descriptor [D:\Projetos\NetBeans\SA_Locadora\apache-tomcat-10.1.7\conf\Catalina\localhost\SA_Locadora.xml] has finished in [1.937] ms
28-Jul-2023 06:46:13.387 INFO [main] org.apache.catalina.startup.HostConfig.deployDirectory Diretório de instalação da aplicação web [D:\Projetos\NetBeans\SA_Locadora\apache-tomcat-10.1.7\webapps\docs]
28-Jul-2023 06:46:13.480 INFO [main] org.apache.catalina.startup.HostConfig.deployDirectory Deployment of web application directory [D:\Projetos\NetBeans\SA_Locadora\apache-tomcat-10.1.7\webapps\docs] has finished in [93] ms
28-Jul-2023 06:46:13.481 INFO [main] org.apache.catalina.startup.HostConfig.deployDirectory Diretório de instalação da aplicação web [D:\Projetos\NetBeans\SA_Locadora\apache-tomcat-10.1.7\webapps\examples]
28-Jul-2023 06:46:14.682 INFO [main] org.apache.catalina.startup.HostConfig.deployDirectory Deployment of web application directory [D:\Projetos\NetBeans\SA_Locadora\apache-tomcat-10.1.7\webapps\examples] has finished in [1.202] ms
28-Jul-2023 06:46:14.683 INFO [main] org.apache.catalina.startup.HostConfig.deployDirectory Diretório de instalação da aplicação web [D:\Projetos\NetBeans\SA_Locadora\apache-tomcat-10.1.7\webapps\host-manager]
28-Jul-2023 06:46:14.803 INFO [main] org.apache.catalina.startup.HostConfig.deployDirectory Deployment of web application directory [D:\Projetos\NetBeans\SA_Locadora\apache-tomcat-10.1.7\webapps\host-manager] has finished in [121] ms
28-Jul-2023 06:46:14.803 INFO [main] org.apache.catalina.startup.HostConfig.deployDirectory Diretório de instalação da aplicação web [D:\Projetos\NetBeans\SA_Locadora\apache-tomcat-10.1.7\webapps\manager]
28-Jul-2023 06:46:14.930 INFO [main] org.apache.catalina.startup.HostConfig.deployDirectory Deployment of web application directory [D:\Projetos\NetBeans\SA_Locadora\apache-tomcat-10.1.7\webapps\manager] has finished in [127] ms
28-Jul-2023 06:46:14.930 INFO [main] org.apache.catalina.startup.HostConfig.deployDirectory Diretório de instalação da aplicação web [D:\Projetos\NetBeans\SA_Locadora\apache-tomcat-10.1.7\webapps\ROOT]
28-Jul-2023 06:46:14.998 INFO [main] org.apache.catalina.startup.HostConfig.deployDirectory Deployment of web application directory [D:\Projetos\NetBeans\SA_Locadora\apache-tomcat-10.1.7\webapps\ROOT] has finished in [67] ms
28-Jul-2023 06:46:15.002 INFO [main] org.apache.coyote.AbstractProtocol.start Starting ProtocolHandler ["http-nio-8080"]
28-Jul-2023 06:46:15.068 INFO [main] org.apache.catalina.startup.Catalina.start Server startup in [3728] milliseconds
28-Jul-2023 07:42:58.712 INFO [main] org.apache.catalina.core.StandardServer.await A valid shutdown command was received via the shutdown port. Stopping the Server instance.
28-Jul-2023 07:42:58.713 INFO [main] org.apache.coyote.AbstractProtocol.pause Pausing ProtocolHandler ["http-nio-8080"]
28-Jul-2023 07:42:58.726 INFO [main] org.apache.catalina.core.StandardService.stopInternal Stopping service [Catalina]
28-Jul-2023 07:42:58.858 INFO [main] org.apache.coyote.AbstractProtocol.stop Stopping ProtocolHandler ["http-nio-8080"]
28-Jul-2023 07:42:58.874 INFO [main] org.apache.coyote.AbstractProtocol.destroy Destroying ProtocolHandler ["http-nio-8080"]
28-Jul-2023 07:43:04.115 INFO [main] org.apache.catalina.startup.VersionLoggerListener.log Server version name:   Apache Tomcat/10.1.7
28-Jul-2023 07:43:04.121 INFO [main] org.apache.catalina.startup.VersionLoggerListener.log Server built:          Feb 27 2023 20:25:27 UTC
28-Jul-2023 07:43:04.122 INFO [main] org.apache.catalina.startup.VersionLoggerListener.log Server version number: 10.1.7.0
28-Jul-2023 07:43:04.122 INFO [main] org.apache.catalina.startup.VersionLoggerListener.log OS Name:               Windows 10
28-Jul-2023 07:43:04.122 INFO [main] org.apache.catalina.startup.VersionLoggerListener.log OS Version:            10.0
28-Jul-2023 07:43:04.122 INFO [main] org.apache.catalina.startup.VersionLoggerListener.log Architecture:          amd64
28-Jul-2023 07:43:04.122 INFO [main] org.apache.catalina.startup.VersionLoggerListener.log Java Home:             D:\Program Files\Java\jdk-19
28-Jul-2023 07:43:04.122 INFO [main] org.apache.catalina.startup.VersionLoggerListener.log JVM Version:           19.0.2+7-44
28-Jul-2023 07:43:04.122 INFO [main] org.apache.catalina.startup.VersionLoggerListener.log JVM Vendor:            Oracle Corporation
28-Jul-2023 07:43:04.123 INFO [main] org.apache.catalina.startup.VersionLoggerListener.log CATALINA_BASE:         D:\Projetos\NetBeans\SA_Locadora\apache-tomcat-10.1.7
28-Jul-2023 07:43:04.123 INFO [main] org.apache.catalina.startup.VersionLoggerListener.log CATALINA_HOME:         D:\Projetos\NetBeans\SA_Locadora\apache-tomcat-10.1.7
28-Jul-2023 07:43:04.138 INFO [main] org.apache.catalina.startup.VersionLoggerListener.log Command line argument: -Djava.util.logging.config.file=D:\Projetos\NetBeans\SA_Locadora\apache-tomcat-10.1.7\conf\logging.properties
28-Jul-2023 07:43:04.138 INFO [main] org.apache.catalina.startup.VersionLoggerListener.log Command line argument: -Djava.util.logging.manager=org.apache.juli.ClassLoaderLogManager
28-Jul-2023 07:43:04.139 INFO [main] org.apache.catalina.startup.VersionLoggerListener.log Command line argument: -Dhttp.nonProxyHosts=localhost|127.0.0.1|DESKTOP-GNPTJLR
28-Jul-2023 07:43:04.139 INFO [main] org.apache.catalina.startup.VersionLoggerListener.log Command line argument: -Djdk.tls.ephemeralDHKeySize=2048
28-Jul-2023 07:43:04.139 INFO [main] org.apache.catalina.startup.VersionLoggerListener.log Command line argument: -Djava.protocol.handler.pkgs=org.apache.catalina.webresources
28-Jul-2023 07:43:04.139 INFO [main] org.apache.catalina.startup.VersionLoggerListener.log Command line argument: --add-opens=java.base/java.lang=ALL-UNNAMED
28-Jul-2023 07:43:04.139 INFO [main] org.apache.catalina.startup.VersionLoggerListener.log Command line argument: --add-opens=java.base/java.io=ALL-UNNAMED
28-Jul-2023 07:43:04.139 INFO [main] org.apache.catalina.startup.VersionLoggerListener.log Command line argument: --add-opens=java.base/java.util=ALL-UNNAMED
28-Jul-2023 07:43:04.139 INFO [main] org.apache.catalina.startup.VersionLoggerListener.log Command line argument: --add-opens=java.base/java.util.concurrent=ALL-UNNAMED
28-Jul-2023 07:43:04.139 INFO [main] org.apache.catalina.startup.VersionLoggerListener.log Command line argument: --add-opens=java.rmi/sun.rmi.transport=ALL-UNNAMED
28-Jul-2023 07:43:04.140 INFO [main] org.apache.catalina.startup.VersionLoggerListener.log Command line argument: -Dcatalina.base=D:\Projetos\NetBeans\SA_Locadora\apache-tomcat-10.1.7
28-Jul-2023 07:43:04.140 INFO [main] org.apache.catalina.startup.VersionLoggerListener.log Command line argument: -Dcatalina.home=D:\Projetos\NetBeans\SA_Locadora\apache-tomcat-10.1.7
28-Jul-2023 07:43:04.140 INFO [main] org.apache.catalina.startup.VersionLoggerListener.log Command line argument: -Djava.io.tmpdir=D:\Projetos\NetBeans\SA_Locadora\apache-tomcat-10.1.7\temp
28-Jul-2023 07:43:04.151 INFO [main] org.apache.catalina.core.AprLifecycleListener.lifecycleEvent The Apache Tomcat Native library which allows using OpenSSL was not found on the java.library.path: [D:\Program Files\Java\jdk-19\bin;C:\WINDOWS\Sun\Java\bin;C:\WINDOWS\system32;C:\WINDOWS;C:\Program Files\Common Files\Oracle\Java\javapath;C:\Program Files (x86)\Common Files\Oracle\Java\javapath;C:\WINDOWS\system32;C:\WINDOWS;C:\WINDOWS\System32\Wbem;C:\WINDOWS\System32\WindowsPowerShell\v1.0\;C:\WINDOWS\System32\OpenSSH\;C:\Program Files\dotnet\;C:\Program Files\MySQL\MySQL Shell 8.0\bin\;C:\Users\Gabriel\AppData\Local\Microsoft\WindowsApps;;.]
28-Jul-2023 07:43:04.616 INFO [main] org.apache.coyote.AbstractProtocol.init Initializing ProtocolHandler ["http-nio-8080"]
28-Jul-2023 07:43:04.648 INFO [main] org.apache.catalina.startup.Catalina.load Server initialization in [825] milliseconds
28-Jul-2023 07:43:04.725 INFO [main] org.apache.catalina.core.StandardService.startInternal Starting service [Catalina]
28-Jul-2023 07:43:04.725 INFO [main] org.apache.catalina.core.StandardEngine.startInternal Starting Servlet engine: [Apache Tomcat/10.1.7]
28-Jul-2023 07:43:04.747 INFO [main] org.apache.catalina.startup.HostConfig.deployDescriptor Deploying deployment descriptor [D:\Projetos\NetBeans\SA_Locadora\apache-tomcat-10.1.7\conf\Catalina\localhost\SA_Locadora.xml]
28-Jul-2023 07:43:04.778 WARNING [main] org.apache.catalina.startup.HostConfig.deployDescriptor The path attribute with value [/SA_Locadora] in deployment descriptor [D:\Projetos\NetBeans\SA_Locadora\apache-tomcat-10.1.7\conf\Catalina\localhost\SA_Locadora.xml] has been ignored
28-Jul-2023 07:43:06.251 INFO [main] org.apache.jasper.servlet.TldScanner.scanJars At least one JAR was scanned for TLDs yet contained no TLDs. Enable debug logging for this logger for a complete list of JARs that were scanned but no TLDs were found in them. Skipping unneeded JARs during scanning can improve startup time and JSP compilation time.
28-Jul-2023 07:43:06.358 INFO [main] org.apache.catalina.startup.HostConfig.deployDescriptor Deployment of deployment descriptor [D:\Projetos\NetBeans\SA_Locadora\apache-tomcat-10.1.7\conf\Catalina\localhost\SA_Locadora.xml] has finished in [1.609] ms
28-Jul-2023 07:43:06.359 INFO [main] org.apache.catalina.startup.HostConfig.deployDirectory Diretório de instalação da aplicação web [D:\Projetos\NetBeans\SA_Locadora\apache-tomcat-10.1.7\webapps\docs]
28-Jul-2023 07:43:06.429 INFO [main] org.apache.catalina.startup.HostConfig.deployDirectory Deployment of web application directory [D:\Projetos\NetBeans\SA_Locadora\apache-tomcat-10.1.7\webapps\docs] has finished in [70] ms
28-Jul-2023 07:43:06.429 INFO [main] org.apache.catalina.startup.HostConfig.deployDirectory Diretório de instalação da aplicação web [D:\Projetos\NetBeans\SA_Locadora\apache-tomcat-10.1.7\webapps\examples]
28-Jul-2023 07:43:07.508 INFO [main] org.apache.catalina.startup.HostConfig.deployDirectory Deployment of web application directory [D:\Projetos\NetBeans\SA_Locadora\apache-tomcat-10.1.7\webapps\examples] has finished in [1.079] ms
28-Jul-2023 07:43:07.508 INFO [main] org.apache.catalina.startup.HostConfig.deployDirectory Diretório de instalação da aplicação web [D:\Projetos\NetBeans\SA_Locadora\apache-tomcat-10.1.7\webapps\host-manager]
28-Jul-2023 07:43:07.610 INFO [main] org.apache.catalina.startup.HostConfig.deployDirectory Deployment of web application directory [D:\Projetos\NetBeans\SA_Locadora\apache-tomcat-10.1.7\webapps\host-manager] has finished in [101] ms
28-Jul-2023 07:43:07.610 INFO [main] org.apache.catalina.startup.HostConfig.deployDirectory Diretório de instalação da aplicação web [D:\Projetos\NetBeans\SA_Locadora\apache-tomcat-10.1.7\webapps\manager]
28-Jul-2023 07:43:07.727 INFO [main] org.apache.catalina.startup.HostConfig.deployDirectory Deployment of web application directory [D:\Projetos\NetBeans\SA_Locadora\apache-tomcat-10.1.7\webapps\manager] has finished in [117] ms
28-Jul-2023 07:43:07.728 INFO [main] org.apache.catalina.startup.HostConfig.deployDirectory Diretório de instalação da aplicação web [D:\Projetos\NetBeans\SA_Locadora\apache-tomcat-10.1.7\webapps\ROOT]
28-Jul-2023 07:43:07.787 INFO [main] org.apache.catalina.startup.HostConfig.deployDirectory Deployment of web application directory [D:\Projetos\NetBeans\SA_Locadora\apache-tomcat-10.1.7\webapps\ROOT] has finished in [59] ms
28-Jul-2023 07:43:07.792 INFO [main] org.apache.coyote.AbstractProtocol.start Starting ProtocolHandler ["http-nio-8080"]
28-Jul-2023 07:43:07.862 INFO [main] org.apache.catalina.startup.Catalina.start Server startup in [3211] milliseconds
28-Jul-2023 07:52:54.600 INFO [main] org.apache.catalina.core.StandardServer.await A valid shutdown command was received via the shutdown port. Stopping the Server instance.
28-Jul-2023 07:52:54.601 INFO [main] org.apache.coyote.AbstractProtocol.pause Pausing ProtocolHandler ["http-nio-8080"]
28-Jul-2023 07:52:54.613 INFO [main] org.apache.catalina.core.StandardService.stopInternal Stopping service [Catalina]
28-Jul-2023 07:52:54.902 INFO [main] org.apache.coyote.AbstractProtocol.stop Stopping ProtocolHandler ["http-nio-8080"]
28-Jul-2023 07:52:54.926 INFO [main] org.apache.coyote.AbstractProtocol.destroy Destroying ProtocolHandler ["http-nio-8080"]
