18-Aug-2023 07:35:41.223 INFO [main] org.apache.catalina.startup.VersionLoggerListener.log Server version name:   Apache Tomcat/10.1.7
18-Aug-2023 07:35:41.227 INFO [main] org.apache.catalina.startup.VersionLoggerListener.log Server built:          Feb 27 2023 20:25:27 UTC
18-Aug-2023 07:35:41.227 INFO [main] org.apache.catalina.startup.VersionLoggerListener.log Server version number: 10.1.7.0
18-Aug-2023 07:35:41.227 INFO [main] org.apache.catalina.startup.VersionLoggerListener.log OS Name:               Windows 10
18-Aug-2023 07:35:41.227 INFO [main] org.apache.catalina.startup.VersionLoggerListener.log OS Version:            10.0
18-Aug-2023 07:35:41.227 INFO [main] org.apache.catalina.startup.VersionLoggerListener.log Architecture:          amd64
18-Aug-2023 07:35:41.227 INFO [main] org.apache.catalina.startup.VersionLoggerListener.log Java Home:             C:\Program Files\Java\jdk-17.0.2
18-Aug-2023 07:35:41.228 INFO [main] org.apache.catalina.startup.VersionLoggerListener.log JVM Version:           17.0.2+8-LTS-86
18-Aug-2023 07:35:41.228 INFO [main] org.apache.catalina.startup.VersionLoggerListener.log JVM Vendor:            Oracle Corporation
18-Aug-2023 07:35:41.228 INFO [main] org.apache.catalina.startup.VersionLoggerListener.log CATALINA_BASE:         C:\Users\gabriel_souza20\Documents\NetBeansProjects\www.athenalocadora.com\apache-tomcat-10.1.7
18-Aug-2023 07:35:41.228 INFO [main] org.apache.catalina.startup.VersionLoggerListener.log CATALINA_HOME:         C:\Users\gabriel_souza20\Documents\NetBeansProjects\www.athenalocadora.com\apache-tomcat-10.1.7
18-Aug-2023 07:35:41.235 INFO [main] org.apache.catalina.startup.VersionLoggerListener.log Command line argument: -Djava.util.logging.config.file=C:\Users\gabriel_souza20\Documents\NetBeansProjects\www.athenalocadora.com\apache-tomcat-10.1.7\conf\logging.properties
18-Aug-2023 07:35:41.235 INFO [main] org.apache.catalina.startup.VersionLoggerListener.log Command line argument: -Djava.util.logging.manager=org.apache.juli.ClassLoaderLogManager
18-Aug-2023 07:35:41.235 INFO [main] org.apache.catalina.startup.VersionLoggerListener.log Command line argument: -Dhttp.nonProxyHosts=localhost|127.0.0.1|SN-344668
18-Aug-2023 07:35:41.235 INFO [main] org.apache.catalina.startup.VersionLoggerListener.log Command line argument: -Djdk.tls.ephemeralDHKeySize=2048
18-Aug-2023 07:35:41.235 INFO [main] org.apache.catalina.startup.VersionLoggerListener.log Command line argument: -Djava.protocol.handler.pkgs=org.apache.catalina.webresources
18-Aug-2023 07:35:41.235 INFO [main] org.apache.catalina.startup.VersionLoggerListener.log Command line argument: --add-opens=java.base/java.lang=ALL-UNNAMED
18-Aug-2023 07:35:41.235 INFO [main] org.apache.catalina.startup.VersionLoggerListener.log Command line argument: --add-opens=java.base/java.io=ALL-UNNAMED
18-Aug-2023 07:35:41.235 INFO [main] org.apache.catalina.startup.VersionLoggerListener.log Command line argument: --add-opens=java.base/java.util=ALL-UNNAMED
18-Aug-2023 07:35:41.235 INFO [main] org.apache.catalina.startup.VersionLoggerListener.log Command line argument: --add-opens=java.base/java.util.concurrent=ALL-UNNAMED
18-Aug-2023 07:35:41.235 INFO [main] org.apache.catalina.startup.VersionLoggerListener.log Command line argument: --add-opens=java.rmi/sun.rmi.transport=ALL-UNNAMED
18-Aug-2023 07:35:41.235 INFO [main] org.apache.catalina.startup.VersionLoggerListener.log Command line argument: -Dcatalina.base=C:\Users\gabriel_souza20\Documents\NetBeansProjects\www.athenalocadora.com\apache-tomcat-10.1.7
18-Aug-2023 07:35:41.235 INFO [main] org.apache.catalina.startup.VersionLoggerListener.log Command line argument: -Dcatalina.home=C:\Users\gabriel_souza20\Documents\NetBeansProjects\www.athenalocadora.com\apache-tomcat-10.1.7
18-Aug-2023 07:35:41.236 INFO [main] org.apache.catalina.startup.VersionLoggerListener.log Command line argument: -Djava.io.tmpdir=C:\Users\gabriel_souza20\Documents\NetBeansProjects\www.athenalocadora.com\apache-tomcat-10.1.7\temp
18-Aug-2023 07:35:41.242 INFO [main] org.apache.catalina.core.AprLifecycleListener.lifecycleEvent The Apache Tomcat Native library which allows using OpenSSL was not found on the java.library.path: [C:\Program Files\Java\jdk-17.0.2\bin;C:\Windows\Sun\Java\bin;C:\Windows\system32;C:\Windows;C:\Program Files (x86)\NVIDIA Corporation\PhysX\Common;C:\Program Files\Common Files\Oracle\Java\javapath;C:\Program Files (x86)\Common Files\Oracle\Java\javapath;C:\Windows\system32;C:\Windows;C:\Windows\System32\Wbem;C:\Windows\System32\WindowsPowerShell\v1.0\;C:\Windows\System32\OpenSSH\;C:\Program Files (x86)\IronRuby 1.1\bin;C:\Program Files\Git\cmd;C:\Program Files\Inkscape\bin;C:\Program Files (x86)\IVI Foundation\VISA\WinNT\Bin;C:\Program Files\Azure Data Studio\bin;C:\Program Files\nodejs\;C:\ProgramData\UNIVALI\Portugol Studio;C:\Program Files\MATLAB\R2021a\runtime\win64;C:\Program Files\MATLAB\R2021a\bin;C:\Program Files\dotnet\;C:\Program Files\Microsoft SQL Server\120\Tools\Binn\;C:\Program Files\Microsoft SQL Server\Client SDK\ODBC\110\Tools\Binn\;C:\Program Files (x86)\Microsoft SQL Server\120\Tools\Binn\;C:\Program Files\Microsoft SQL Server\120\DTS\Binn\;C:\Program Files (x86)\Windows Kits\8.1\Windows Performance Toolkit\;C:\Program Files\Common Files\Autodesk Shared\;C:\Program Files\CodeBlocks\MinGW\bin;C:\Users\Default\AppData\Roaming\npm;C:\Users\Default\AppData\Roaming\node_modules\@angular\cli\bin;C:\Users\gabriel_souza20\AppData\Local\Microsoft\WindowsApps;;.]
18-Aug-2023 07:35:41.488 INFO [main] org.apache.coyote.AbstractProtocol.init Initializing ProtocolHandler ["http-nio-8080"]
18-Aug-2023 07:35:41.504 INFO [main] org.apache.catalina.startup.Catalina.load Server initialization in [419] milliseconds
18-Aug-2023 07:35:41.538 INFO [main] org.apache.catalina.core.StandardService.startInternal Starting service [Catalina]
18-Aug-2023 07:35:41.538 INFO [main] org.apache.catalina.core.StandardEngine.startInternal Starting Servlet engine: [Apache Tomcat/10.1.7]
18-Aug-2023 07:35:41.546 INFO [main] org.apache.catalina.startup.HostConfig.deployDescriptor Deploying deployment descriptor [C:\Users\gabriel_souza20\Documents\NetBeansProjects\www.athenalocadora.com\apache-tomcat-10.1.7\conf\Catalina\localhost\www.athenalocadora.com.xml]
18-Aug-2023 07:35:41.558 WARNING [main] org.apache.catalina.startup.HostConfig.deployDescriptor The path attribute with value [/www.athenalocadora.com] in deployment descriptor [C:\Users\gabriel_souza20\Documents\NetBeansProjects\www.athenalocadora.com\apache-tomcat-10.1.7\conf\Catalina\localhost\www.athenalocadora.com.xml] has been ignored
18-Aug-2023 07:35:42.197 INFO [main] org.apache.jasper.servlet.TldScanner.scanJars At least one JAR was scanned for TLDs yet contained no TLDs. Enable debug logging for this logger for a complete list of JARs that were scanned but no TLDs were found in them. Skipping unneeded JARs during scanning can improve startup time and JSP compilation time.
18-Aug-2023 07:35:42.252 INFO [main] org.apache.catalina.startup.HostConfig.deployDescriptor Deployment of deployment descriptor [C:\Users\gabriel_souza20\Documents\NetBeansProjects\www.athenalocadora.com\apache-tomcat-10.1.7\conf\Catalina\localhost\www.athenalocadora.com.xml] has finished in [704] ms
18-Aug-2023 07:35:42.252 INFO [main] org.apache.catalina.startup.HostConfig.deployDirectory Diretório de instalação da aplicação web [C:\Users\gabriel_souza20\Documents\NetBeansProjects\www.athenalocadora.com\apache-tomcat-10.1.7\webapps\docs]
18-Aug-2023 07:35:42.277 INFO [main] org.apache.catalina.startup.HostConfig.deployDirectory Deployment of web application directory [C:\Users\gabriel_souza20\Documents\NetBeansProjects\www.athenalocadora.com\apache-tomcat-10.1.7\webapps\docs] has finished in [25] ms
18-Aug-2023 07:35:42.277 INFO [main] org.apache.catalina.startup.HostConfig.deployDirectory Diretório de instalação da aplicação web [C:\Users\gabriel_souza20\Documents\NetBeansProjects\www.athenalocadora.com\apache-tomcat-10.1.7\webapps\examples]
18-Aug-2023 07:35:42.598 INFO [main] org.apache.catalina.startup.HostConfig.deployDirectory Deployment of web application directory [C:\Users\gabriel_souza20\Documents\NetBeansProjects\www.athenalocadora.com\apache-tomcat-10.1.7\webapps\examples] has finished in [321] ms
18-Aug-2023 07:35:42.598 INFO [main] org.apache.catalina.startup.HostConfig.deployDirectory Diretório de instalação da aplicação web [C:\Users\gabriel_souza20\Documents\NetBeansProjects\www.athenalocadora.com\apache-tomcat-10.1.7\webapps\host-manager]
18-Aug-2023 07:35:42.632 INFO [main] org.apache.catalina.startup.HostConfig.deployDirectory Deployment of web application directory [C:\Users\gabriel_souza20\Documents\NetBeansProjects\www.athenalocadora.com\apache-tomcat-10.1.7\webapps\host-manager] has finished in [34] ms
18-Aug-2023 07:35:42.632 INFO [main] org.apache.catalina.startup.HostConfig.deployDirectory Diretório de instalação da aplicação web [C:\Users\gabriel_souza20\Documents\NetBeansProjects\www.athenalocadora.com\apache-tomcat-10.1.7\webapps\manager]
18-Aug-2023 07:35:42.665 INFO [main] org.apache.catalina.startup.HostConfig.deployDirectory Deployment of web application directory [C:\Users\gabriel_souza20\Documents\NetBeansProjects\www.athenalocadora.com\apache-tomcat-10.1.7\webapps\manager] has finished in [33] ms
18-Aug-2023 07:35:42.665 INFO [main] org.apache.catalina.startup.HostConfig.deployDirectory Diretório de instalação da aplicação web [C:\Users\gabriel_souza20\Documents\NetBeansProjects\www.athenalocadora.com\apache-tomcat-10.1.7\webapps\ROOT]
18-Aug-2023 07:35:42.684 INFO [main] org.apache.catalina.startup.HostConfig.deployDirectory Deployment of web application directory [C:\Users\gabriel_souza20\Documents\NetBeansProjects\www.athenalocadora.com\apache-tomcat-10.1.7\webapps\ROOT] has finished in [19] ms
18-Aug-2023 07:35:42.688 INFO [main] org.apache.coyote.AbstractProtocol.start Starting ProtocolHandler ["http-nio-8080"]
18-Aug-2023 07:35:42.714 INFO [main] org.apache.catalina.startup.Catalina.start Server startup in [1209] milliseconds
18-Aug-2023 12:12:38.376 INFO [main] org.apache.catalina.core.StandardServer.await A valid shutdown command was received via the shutdown port. Stopping the Server instance.
18-Aug-2023 12:12:38.376 INFO [main] org.apache.coyote.AbstractProtocol.pause Pausing ProtocolHandler ["http-nio-8080"]
18-Aug-2023 12:12:38.380 INFO [main] org.apache.catalina.core.StandardService.stopInternal Stopping service [Catalina]
18-Aug-2023 12:12:38.397 WARNING [main] org.apache.catalina.loader.WebappClassLoaderBase.clearReferencesJdbc The web application [www.athenalocadora.com] registered the JDBC driver [com.mysql.cj.jdbc.Driver] but failed to unregister it when the web application was stopped. To prevent a memory leak, the JDBC Driver has been forcibly unregistered.
18-Aug-2023 12:12:38.397 WARNING [main] org.apache.catalina.loader.WebappClassLoaderBase.clearReferencesThreads The web application [www.athenalocadora.com] appears to have started a thread named [mysql-cj-abandoned-connection-cleanup] but has failed to stop it. This is very likely to create a memory leak. Stack trace of thread:
 java.base@17.0.2/java.lang.Object.wait(Native Method)
 java.base@17.0.2/java.lang.ref.ReferenceQueue.remove(ReferenceQueue.java:155)
 com.mysql.cj.jdbc.AbandonedConnectionCleanupThread.run(AbandonedConnectionCleanupThread.java:91)
 java.base@17.0.2/java.util.concurrent.ThreadPoolExecutor.runWorker(ThreadPoolExecutor.java:1136)
 java.base@17.0.2/java.util.concurrent.ThreadPoolExecutor$Worker.run(ThreadPoolExecutor.java:635)
 java.base@17.0.2/java.lang.Thread.run(Thread.java:833)
18-Aug-2023 12:12:38.400 INFO [main] org.apache.coyote.AbstractProtocol.stop Stopping ProtocolHandler ["http-nio-8080"]
18-Aug-2023 12:12:38.415 INFO [main] org.apache.coyote.AbstractProtocol.destroy Destroying ProtocolHandler ["http-nio-8080"]
18-Aug-2023 12:19:17.555 INFO [main] org.apache.catalina.startup.VersionLoggerListener.log Server version name:   Apache Tomcat/10.1.7
18-Aug-2023 12:19:17.558 INFO [main] org.apache.catalina.startup.VersionLoggerListener.log Server built:          Feb 27 2023 20:25:27 UTC
18-Aug-2023 12:19:17.558 INFO [main] org.apache.catalina.startup.VersionLoggerListener.log Server version number: 10.1.7.0
18-Aug-2023 12:19:17.558 INFO [main] org.apache.catalina.startup.VersionLoggerListener.log OS Name:               Windows 10
18-Aug-2023 12:19:17.558 INFO [main] org.apache.catalina.startup.VersionLoggerListener.log OS Version:            10.0
18-Aug-2023 12:19:17.558 INFO [main] org.apache.catalina.startup.VersionLoggerListener.log Architecture:          amd64
18-Aug-2023 12:19:17.558 INFO [main] org.apache.catalina.startup.VersionLoggerListener.log Java Home:             C:\Program Files\Java\jdk-17.0.2
18-Aug-2023 12:19:17.558 INFO [main] org.apache.catalina.startup.VersionLoggerListener.log JVM Version:           17.0.2+8-LTS-86
18-Aug-2023 12:19:17.559 INFO [main] org.apache.catalina.startup.VersionLoggerListener.log JVM Vendor:            Oracle Corporation
18-Aug-2023 12:19:17.559 INFO [main] org.apache.catalina.startup.VersionLoggerListener.log CATALINA_BASE:         C:\Users\gabriel_souza20\Documents\NetBeansProjects\www.athenalocadora.com\apache-tomcat-10.1.7
18-Aug-2023 12:19:17.559 INFO [main] org.apache.catalina.startup.VersionLoggerListener.log CATALINA_HOME:         C:\Users\gabriel_souza20\Documents\NetBeansProjects\www.athenalocadora.com\apache-tomcat-10.1.7
18-Aug-2023 12:19:17.567 INFO [main] org.apache.catalina.startup.VersionLoggerListener.log Command line argument: -Djava.util.logging.config.file=C:\Users\gabriel_souza20\Documents\NetBeansProjects\www.athenalocadora.com\apache-tomcat-10.1.7\conf\logging.properties
18-Aug-2023 12:19:17.567 INFO [main] org.apache.catalina.startup.VersionLoggerListener.log Command line argument: -Djava.util.logging.manager=org.apache.juli.ClassLoaderLogManager
18-Aug-2023 12:19:17.567 INFO [main] org.apache.catalina.startup.VersionLoggerListener.log Command line argument: -Dhttp.nonProxyHosts=localhost|127.0.0.1|SN-344668
18-Aug-2023 12:19:17.567 INFO [main] org.apache.catalina.startup.VersionLoggerListener.log Command line argument: -Djdk.tls.ephemeralDHKeySize=2048
18-Aug-2023 12:19:17.567 INFO [main] org.apache.catalina.startup.VersionLoggerListener.log Command line argument: -Djava.protocol.handler.pkgs=org.apache.catalina.webresources
18-Aug-2023 12:19:17.567 INFO [main] org.apache.catalina.startup.VersionLoggerListener.log Command line argument: --add-opens=java.base/java.lang=ALL-UNNAMED
18-Aug-2023 12:19:17.567 INFO [main] org.apache.catalina.startup.VersionLoggerListener.log Command line argument: --add-opens=java.base/java.io=ALL-UNNAMED
18-Aug-2023 12:19:17.567 INFO [main] org.apache.catalina.startup.VersionLoggerListener.log Command line argument: --add-opens=java.base/java.util=ALL-UNNAMED
18-Aug-2023 12:19:17.568 INFO [main] org.apache.catalina.startup.VersionLoggerListener.log Command line argument: --add-opens=java.base/java.util.concurrent=ALL-UNNAMED
18-Aug-2023 12:19:17.568 INFO [main] org.apache.catalina.startup.VersionLoggerListener.log Command line argument: --add-opens=java.rmi/sun.rmi.transport=ALL-UNNAMED
18-Aug-2023 12:19:17.568 INFO [main] org.apache.catalina.startup.VersionLoggerListener.log Command line argument: -Dcatalina.base=C:\Users\gabriel_souza20\Documents\NetBeansProjects\www.athenalocadora.com\apache-tomcat-10.1.7
18-Aug-2023 12:19:17.568 INFO [main] org.apache.catalina.startup.VersionLoggerListener.log Command line argument: -Dcatalina.home=C:\Users\gabriel_souza20\Documents\NetBeansProjects\www.athenalocadora.com\apache-tomcat-10.1.7
18-Aug-2023 12:19:17.568 INFO [main] org.apache.catalina.startup.VersionLoggerListener.log Command line argument: -Djava.io.tmpdir=C:\Users\gabriel_souza20\Documents\NetBeansProjects\www.athenalocadora.com\apache-tomcat-10.1.7\temp
18-Aug-2023 12:19:17.576 INFO [main] org.apache.catalina.core.AprLifecycleListener.lifecycleEvent The Apache Tomcat Native library which allows using OpenSSL was not found on the java.library.path: [C:\Program Files\Java\jdk-17.0.2\bin;C:\Windows\Sun\Java\bin;C:\Windows\system32;C:\Windows;C:\Program Files (x86)\NVIDIA Corporation\PhysX\Common;C:\Program Files\Common Files\Oracle\Java\javapath;C:\Program Files (x86)\Common Files\Oracle\Java\javapath;C:\Windows\system32;C:\Windows;C:\Windows\System32\Wbem;C:\Windows\System32\WindowsPowerShell\v1.0\;C:\Windows\System32\OpenSSH\;C:\Program Files (x86)\IronRuby 1.1\bin;C:\Program Files\Git\cmd;C:\Program Files\Inkscape\bin;C:\Program Files (x86)\IVI Foundation\VISA\WinNT\Bin;C:\Program Files\Azure Data Studio\bin;C:\Program Files\nodejs\;C:\ProgramData\UNIVALI\Portugol Studio;C:\Program Files\MATLAB\R2021a\runtime\win64;C:\Program Files\MATLAB\R2021a\bin;C:\Program Files\dotnet\;C:\Program Files\Microsoft SQL Server\120\Tools\Binn\;C:\Program Files\Microsoft SQL Server\Client SDK\ODBC\110\Tools\Binn\;C:\Program Files (x86)\Microsoft SQL Server\120\Tools\Binn\;C:\Program Files\Microsoft SQL Server\120\DTS\Binn\;C:\Program Files (x86)\Windows Kits\8.1\Windows Performance Toolkit\;C:\Program Files\Common Files\Autodesk Shared\;C:\Program Files\CodeBlocks\MinGW\bin;C:\Users\Default\AppData\Roaming\npm;C:\Users\Default\AppData\Roaming\node_modules\@angular\cli\bin;C:\Users\gabriel_souza20\AppData\Local\Microsoft\WindowsApps;;.]
18-Aug-2023 12:19:17.789 INFO [main] org.apache.coyote.AbstractProtocol.init Initializing ProtocolHandler ["http-nio-8080"]
18-Aug-2023 12:19:17.815 INFO [main] org.apache.catalina.startup.Catalina.load Server initialization in [418] milliseconds
18-Aug-2023 12:19:17.870 INFO [main] org.apache.catalina.core.StandardService.startInternal Starting service [Catalina]
18-Aug-2023 12:19:17.870 INFO [main] org.apache.catalina.core.StandardEngine.startInternal Starting Servlet engine: [Apache Tomcat/10.1.7]
18-Aug-2023 12:19:17.883 INFO [main] org.apache.catalina.startup.HostConfig.deployDescriptor Deploying deployment descriptor [C:\Users\gabriel_souza20\Documents\NetBeansProjects\www.athenalocadora.com\apache-tomcat-10.1.7\conf\Catalina\localhost\www.athenalocadora.com.xml]
18-Aug-2023 12:19:17.904 WARNING [main] org.apache.catalina.startup.HostConfig.deployDescriptor The path attribute with value [/www.athenalocadora.com] in deployment descriptor [C:\Users\gabriel_souza20\Documents\NetBeansProjects\www.athenalocadora.com\apache-tomcat-10.1.7\conf\Catalina\localhost\www.athenalocadora.com.xml] has been ignored
18-Aug-2023 12:19:18.863 INFO [main] org.apache.jasper.servlet.TldScanner.scanJars At least one JAR was scanned for TLDs yet contained no TLDs. Enable debug logging for this logger for a complete list of JARs that were scanned but no TLDs were found in them. Skipping unneeded JARs during scanning can improve startup time and JSP compilation time.
18-Aug-2023 12:19:18.935 INFO [main] org.apache.catalina.startup.HostConfig.deployDescriptor Deployment of deployment descriptor [C:\Users\gabriel_souza20\Documents\NetBeansProjects\www.athenalocadora.com\apache-tomcat-10.1.7\conf\Catalina\localhost\www.athenalocadora.com.xml] has finished in [1.050] ms
18-Aug-2023 12:19:18.935 INFO [main] org.apache.catalina.startup.HostConfig.deployDirectory Diretório de instalação da aplicação web [C:\Users\gabriel_souza20\Documents\NetBeansProjects\www.athenalocadora.com\apache-tomcat-10.1.7\webapps\docs]
18-Aug-2023 12:19:18.966 INFO [main] org.apache.catalina.startup.HostConfig.deployDirectory Deployment of web application directory [C:\Users\gabriel_souza20\Documents\NetBeansProjects\www.athenalocadora.com\apache-tomcat-10.1.7\webapps\docs] has finished in [31] ms
18-Aug-2023 12:19:18.967 INFO [main] org.apache.catalina.startup.HostConfig.deployDirectory Diretório de instalação da aplicação web [C:\Users\gabriel_souza20\Documents\NetBeansProjects\www.athenalocadora.com\apache-tomcat-10.1.7\webapps\examples]
18-Aug-2023 12:19:19.453 INFO [main] org.apache.catalina.startup.HostConfig.deployDirectory Deployment of web application directory [C:\Users\gabriel_souza20\Documents\NetBeansProjects\www.athenalocadora.com\apache-tomcat-10.1.7\webapps\examples] has finished in [487] ms
18-Aug-2023 12:19:19.453 INFO [main] org.apache.catalina.startup.HostConfig.deployDirectory Diretório de instalação da aplicação web [C:\Users\gabriel_souza20\Documents\NetBeansProjects\www.athenalocadora.com\apache-tomcat-10.1.7\webapps\host-manager]
18-Aug-2023 12:19:19.494 INFO [main] org.apache.catalina.startup.HostConfig.deployDirectory Deployment of web application directory [C:\Users\gabriel_souza20\Documents\NetBeansProjects\www.athenalocadora.com\apache-tomcat-10.1.7\webapps\host-manager] has finished in [41] ms
18-Aug-2023 12:19:19.494 INFO [main] org.apache.catalina.startup.HostConfig.deployDirectory Diretório de instalação da aplicação web [C:\Users\gabriel_souza20\Documents\NetBeansProjects\www.athenalocadora.com\apache-tomcat-10.1.7\webapps\manager]
18-Aug-2023 12:19:19.541 INFO [main] org.apache.catalina.startup.HostConfig.deployDirectory Deployment of web application directory [C:\Users\gabriel_souza20\Documents\NetBeansProjects\www.athenalocadora.com\apache-tomcat-10.1.7\webapps\manager] has finished in [46] ms
18-Aug-2023 12:19:19.541 INFO [main] org.apache.catalina.startup.HostConfig.deployDirectory Diretório de instalação da aplicação web [C:\Users\gabriel_souza20\Documents\NetBeansProjects\www.athenalocadora.com\apache-tomcat-10.1.7\webapps\ROOT]
18-Aug-2023 12:19:19.563 INFO [main] org.apache.catalina.startup.HostConfig.deployDirectory Deployment of web application directory [C:\Users\gabriel_souza20\Documents\NetBeansProjects\www.athenalocadora.com\apache-tomcat-10.1.7\webapps\ROOT] has finished in [21] ms
18-Aug-2023 12:19:19.566 INFO [main] org.apache.coyote.AbstractProtocol.start Starting ProtocolHandler ["http-nio-8080"]
18-Aug-2023 12:19:19.597 INFO [main] org.apache.catalina.startup.Catalina.start Server startup in [1783] milliseconds
18-Aug-2023 14:14:50.076 INFO [main] org.apache.catalina.startup.VersionLoggerListener.log Server version name:   Apache Tomcat/10.1.7
18-Aug-2023 14:14:50.081 INFO [main] org.apache.catalina.startup.VersionLoggerListener.log Server built:          Feb 27 2023 20:25:27 UTC
18-Aug-2023 14:14:50.081 INFO [main] org.apache.catalina.startup.VersionLoggerListener.log Server version number: 10.1.7.0
18-Aug-2023 14:14:50.082 INFO [main] org.apache.catalina.startup.VersionLoggerListener.log OS Name:               Windows 10
18-Aug-2023 14:14:50.083 INFO [main] org.apache.catalina.startup.VersionLoggerListener.log OS Version:            10.0
18-Aug-2023 14:14:50.083 INFO [main] org.apache.catalina.startup.VersionLoggerListener.log Architecture:          amd64
18-Aug-2023 14:14:50.083 INFO [main] org.apache.catalina.startup.VersionLoggerListener.log Java Home:             D:\Program Files\Java\jdk-15.0.2
18-Aug-2023 14:14:50.083 INFO [main] org.apache.catalina.startup.VersionLoggerListener.log JVM Version:           15.0.2+7-27
18-Aug-2023 14:14:50.083 INFO [main] org.apache.catalina.startup.VersionLoggerListener.log JVM Vendor:            Oracle Corporation
18-Aug-2023 14:14:50.083 INFO [main] org.apache.catalina.startup.VersionLoggerListener.log CATALINA_BASE:         D:\Projetos\NetBeans 12.6\www.athenalocadora.com\apache-tomcat-10.1.7
18-Aug-2023 14:14:50.083 INFO [main] org.apache.catalina.startup.VersionLoggerListener.log CATALINA_HOME:         D:\Projetos\NetBeans 12.6\www.athenalocadora.com\apache-tomcat-10.1.7
18-Aug-2023 14:14:50.104 INFO [main] org.apache.catalina.startup.VersionLoggerListener.log Command line argument: -Djava.util.logging.config.file=D:\Projetos\NetBeans 12.6\www.athenalocadora.com\apache-tomcat-10.1.7\conf\logging.properties
18-Aug-2023 14:14:50.104 INFO [main] org.apache.catalina.startup.VersionLoggerListener.log Command line argument: -Djava.util.logging.manager=org.apache.juli.ClassLoaderLogManager
18-Aug-2023 14:14:50.104 INFO [main] org.apache.catalina.startup.VersionLoggerListener.log Command line argument: -Dhttp.nonProxyHosts=localhost|127.0.0.1|DESKTOP-GNPTJLR
18-Aug-2023 14:14:50.104 INFO [main] org.apache.catalina.startup.VersionLoggerListener.log Command line argument: -Djdk.tls.ephemeralDHKeySize=2048
18-Aug-2023 14:14:50.104 INFO [main] org.apache.catalina.startup.VersionLoggerListener.log Command line argument: -Djava.protocol.handler.pkgs=org.apache.catalina.webresources
18-Aug-2023 14:14:50.104 INFO [main] org.apache.catalina.startup.VersionLoggerListener.log Command line argument: --add-opens=java.base/java.lang=ALL-UNNAMED
18-Aug-2023 14:14:50.104 INFO [main] org.apache.catalina.startup.VersionLoggerListener.log Command line argument: --add-opens=java.base/java.io=ALL-UNNAMED
18-Aug-2023 14:14:50.104 INFO [main] org.apache.catalina.startup.VersionLoggerListener.log Command line argument: --add-opens=java.base/java.util=ALL-UNNAMED
18-Aug-2023 14:14:50.104 INFO [main] org.apache.catalina.startup.VersionLoggerListener.log Command line argument: --add-opens=java.base/java.util.concurrent=ALL-UNNAMED
18-Aug-2023 14:14:50.104 INFO [main] org.apache.catalina.startup.VersionLoggerListener.log Command line argument: --add-opens=java.rmi/sun.rmi.transport=ALL-UNNAMED
18-Aug-2023 14:14:50.104 INFO [main] org.apache.catalina.startup.VersionLoggerListener.log Command line argument: -Dcatalina.base=D:\Projetos\NetBeans 12.6\www.athenalocadora.com\apache-tomcat-10.1.7
18-Aug-2023 14:14:50.104 INFO [main] org.apache.catalina.startup.VersionLoggerListener.log Command line argument: -Dcatalina.home=D:\Projetos\NetBeans 12.6\www.athenalocadora.com\apache-tomcat-10.1.7
18-Aug-2023 14:14:50.105 INFO [main] org.apache.catalina.startup.VersionLoggerListener.log Command line argument: -Djava.io.tmpdir=D:\Projetos\NetBeans 12.6\www.athenalocadora.com\apache-tomcat-10.1.7\temp
18-Aug-2023 14:14:50.118 INFO [main] org.apache.catalina.core.AprLifecycleListener.lifecycleEvent The Apache Tomcat Native library which allows using OpenSSL was not found on the java.library.path: [D:\Program Files\Java\jdk-15.0.2\bin;C:\WINDOWS\Sun\Java\bin;C:\WINDOWS\system32;C:\WINDOWS;C:\Program Files\Common Files\Oracle\Java\javapath;C:\Program Files (x86)\Common Files\Oracle\Java\javapath;C:\WINDOWS\system32;C:\WINDOWS;C:\WINDOWS\System32\Wbem;C:\WINDOWS\System32\WindowsPowerShell\v1.0\;C:\WINDOWS\System32\OpenSSH\;C:\Program Files\dotnet\;C:\Program Files\MySQL\MySQL Shell 8.0\bin\;C:\Users\Gabriel\AppData\Local\Microsoft\WindowsApps;;D:\Microsoft VS Code\bin;.]
18-Aug-2023 14:14:50.603 INFO [main] org.apache.coyote.AbstractProtocol.init Initializing ProtocolHandler ["http-nio-8080"]
18-Aug-2023 14:14:50.654 INFO [main] org.apache.catalina.startup.Catalina.load Server initialization in [852] milliseconds
18-Aug-2023 14:14:50.735 INFO [main] org.apache.catalina.core.StandardService.startInternal Starting service [Catalina]
18-Aug-2023 14:14:50.735 INFO [main] org.apache.catalina.core.StandardEngine.startInternal Starting Servlet engine: [Apache Tomcat/10.1.7]
18-Aug-2023 14:14:50.755 INFO [main] org.apache.catalina.startup.HostConfig.deployDescriptor Deploying deployment descriptor [D:\Projetos\NetBeans 12.6\www.athenalocadora.com\apache-tomcat-10.1.7\conf\Catalina\localhost\www.athenalocadora.com.xml]
18-Aug-2023 14:14:50.784 WARNING [main] org.apache.catalina.startup.HostConfig.deployDescriptor The path attribute with value [/www.athenalocadora.com] in deployment descriptor [D:\Projetos\NetBeans 12.6\www.athenalocadora.com\apache-tomcat-10.1.7\conf\Catalina\localhost\www.athenalocadora.com.xml] has been ignored
18-Aug-2023 14:14:50.862 SEVERE [main] org.apache.catalina.startup.HostConfig.deployDescriptor Error deploying deployment descriptor [D:\Projetos\NetBeans 12.6\www.athenalocadora.com\apache-tomcat-10.1.7\conf\Catalina\localhost\www.athenalocadora.com.xml]
	java.lang.IllegalStateException: Error starting child
		at org.apache.catalina.core.ContainerBase.addChildInternal(ContainerBase.java:686)
		at org.apache.catalina.core.ContainerBase.addChild(ContainerBase.java:658)
		at org.apache.catalina.core.StandardHost.addChild(StandardHost.java:713)
		at org.apache.catalina.startup.HostConfig.deployDescriptor(HostConfig.java:641)
		at org.apache.catalina.startup.HostConfig$DeployDescriptor.run(HostConfig.java:1927)
		at java.base/java.util.concurrent.Executors$RunnableAdapter.call(Executors.java:515)
		at java.base/java.util.concurrent.FutureTask.run(FutureTask.java:264)
		at org.apache.tomcat.util.threads.InlineExecutorService.execute(InlineExecutorService.java:75)
		at java.base/java.util.concurrent.AbstractExecutorService.submit(AbstractExecutorService.java:118)
		at org.apache.catalina.startup.HostConfig.deployDescriptors(HostConfig.java:534)
		at org.apache.catalina.startup.HostConfig.deployApps(HostConfig.java:424)
		at org.apache.catalina.startup.HostConfig.start(HostConfig.java:1656)
		at org.apache.catalina.startup.HostConfig.lifecycleEvent(HostConfig.java:309)
		at org.apache.catalina.util.LifecycleBase.fireLifecycleEvent(LifecycleBase.java:123)
		at org.apache.catalina.util.LifecycleBase.setStateInternal(LifecycleBase.java:423)
		at org.apache.catalina.util.LifecycleBase.setState(LifecycleBase.java:366)
		at org.apache.catalina.core.ContainerBase.startInternal(ContainerBase.java:898)
		at org.apache.catalina.core.StandardHost.startInternal(StandardHost.java:846)
		at org.apache.catalina.util.LifecycleBase.start(LifecycleBase.java:183)
		at org.apache.catalina.core.ContainerBase$StartChild.call(ContainerBase.java:1332)
		at org.apache.catalina.core.ContainerBase$StartChild.call(ContainerBase.java:1322)
		at java.base/java.util.concurrent.FutureTask.run(FutureTask.java:264)
		at org.apache.tomcat.util.threads.InlineExecutorService.execute(InlineExecutorService.java:75)
		at java.base/java.util.concurrent.AbstractExecutorService.submit(AbstractExecutorService.java:140)
		at org.apache.catalina.core.ContainerBase.startInternal(ContainerBase.java:871)
		at org.apache.catalina.core.StandardEngine.startInternal(StandardEngine.java:241)
		at org.apache.catalina.util.LifecycleBase.start(LifecycleBase.java:183)
		at org.apache.catalina.core.StandardService.startInternal(StandardService.java:428)
		at org.apache.catalina.util.LifecycleBase.start(LifecycleBase.java:183)
		at org.apache.catalina.core.StandardServer.startInternal(StandardServer.java:913)
		at org.apache.catalina.util.LifecycleBase.start(LifecycleBase.java:183)
		at org.apache.catalina.startup.Catalina.start(Catalina.java:795)
		at java.base/jdk.internal.reflect.NativeMethodAccessorImpl.invoke0(Native Method)
		at java.base/jdk.internal.reflect.NativeMethodAccessorImpl.invoke(NativeMethodAccessorImpl.java:64)
		at java.base/jdk.internal.reflect.DelegatingMethodAccessorImpl.invoke(DelegatingMethodAccessorImpl.java:43)
		at java.base/java.lang.reflect.Method.invoke(Method.java:564)
		at org.apache.catalina.startup.Bootstrap.start(Bootstrap.java:347)
		at org.apache.catalina.startup.Bootstrap.main(Bootstrap.java:478)
	Caused by: org.apache.catalina.LifecycleException: Failed to start component [org.apache.catalina.webresources.StandardRoot@23941fb4]
		at org.apache.catalina.util.LifecycleBase.handleSubClassException(LifecycleBase.java:440)
		at org.apache.catalina.util.LifecycleBase.start(LifecycleBase.java:198)
		at org.apache.catalina.core.StandardContext.resourcesStart(StandardContext.java:4566)
		at org.apache.catalina.core.StandardContext.startInternal(StandardContext.java:4699)
		at org.apache.catalina.util.LifecycleBase.start(LifecycleBase.java:183)
		at org.apache.catalina.core.ContainerBase.addChildInternal(ContainerBase.java:683)
		... 37 more
	Caused by: java.lang.IllegalArgumentException: The main resource set specified [C:\Users\gabriel_souza20\Documents\NetBeansProjects\www.athenalocadora.com\build\web] is not valid
		at org.apache.catalina.webresources.StandardRoot.createMainResourceSet(StandardRoot.java:749)
		at org.apache.catalina.webresources.StandardRoot.startInternal(StandardRoot.java:707)
		at org.apache.catalina.util.LifecycleBase.start(LifecycleBase.java:183)
		... 41 more
18-Aug-2023 14:14:50.899 INFO [main] org.apache.catalina.startup.HostConfig.deployDescriptor Deployment of deployment descriptor [D:\Projetos\NetBeans 12.6\www.athenalocadora.com\apache-tomcat-10.1.7\conf\Catalina\localhost\www.athenalocadora.com.xml] has finished in [140] ms
18-Aug-2023 14:14:50.900 INFO [main] org.apache.catalina.startup.HostConfig.deployDirectory Diretório de instalação da aplicação web [D:\Projetos\NetBeans 12.6\www.athenalocadora.com\apache-tomcat-10.1.7\webapps\docs]
18-Aug-2023 14:14:51.471 INFO [main] org.apache.catalina.startup.HostConfig.deployDirectory Deployment of web application directory [D:\Projetos\NetBeans 12.6\www.athenalocadora.com\apache-tomcat-10.1.7\webapps\docs] has finished in [571] ms
18-Aug-2023 14:14:51.472 INFO [main] org.apache.catalina.startup.HostConfig.deployDirectory Diretório de instalação da aplicação web [D:\Projetos\NetBeans 12.6\www.athenalocadora.com\apache-tomcat-10.1.7\webapps\examples]
18-Aug-2023 14:14:53.394 INFO [main] org.apache.catalina.startup.HostConfig.deployDirectory Deployment of web application directory [D:\Projetos\NetBeans 12.6\www.athenalocadora.com\apache-tomcat-10.1.7\webapps\examples] has finished in [1.922] ms
18-Aug-2023 14:14:53.395 INFO [main] org.apache.catalina.startup.HostConfig.deployDirectory Diretório de instalação da aplicação web [D:\Projetos\NetBeans 12.6\www.athenalocadora.com\apache-tomcat-10.1.7\webapps\host-manager]
18-Aug-2023 14:14:53.526 INFO [main] org.apache.catalina.startup.HostConfig.deployDirectory Deployment of web application directory [D:\Projetos\NetBeans 12.6\www.athenalocadora.com\apache-tomcat-10.1.7\webapps\host-manager] has finished in [130] ms
18-Aug-2023 14:14:53.526 INFO [main] org.apache.catalina.startup.HostConfig.deployDirectory Diretório de instalação da aplicação web [D:\Projetos\NetBeans 12.6\www.athenalocadora.com\apache-tomcat-10.1.7\webapps\manager]
18-Aug-2023 14:14:53.655 INFO [main] org.apache.catalina.startup.HostConfig.deployDirectory Deployment of web application directory [D:\Projetos\NetBeans 12.6\www.athenalocadora.com\apache-tomcat-10.1.7\webapps\manager] has finished in [128] ms
18-Aug-2023 14:14:53.655 INFO [main] org.apache.catalina.startup.HostConfig.deployDirectory Diretório de instalação da aplicação web [D:\Projetos\NetBeans 12.6\www.athenalocadora.com\apache-tomcat-10.1.7\webapps\ROOT]
18-Aug-2023 14:14:53.721 INFO [main] org.apache.catalina.startup.HostConfig.deployDirectory Deployment of web application directory [D:\Projetos\NetBeans 12.6\www.athenalocadora.com\apache-tomcat-10.1.7\webapps\ROOT] has finished in [66] ms
18-Aug-2023 14:14:53.725 INFO [main] org.apache.coyote.AbstractProtocol.start Starting ProtocolHandler ["http-nio-8080"]
18-Aug-2023 14:14:53.788 INFO [main] org.apache.catalina.startup.Catalina.start Server startup in [3133] milliseconds
18-Aug-2023 14:14:57.974 INFO [http-nio-8080-exec-10] org.apache.catalina.startup.HostConfig.undeploy Undeploying context [/www.athenalocadora.com]
18-Aug-2023 14:14:58.107 INFO [http-nio-8080-exec-2] org.apache.catalina.startup.HostConfig.deployDescriptor Deploying deployment descriptor [D:\Projetos\NetBeans 12.6\www.athenalocadora.com\apache-tomcat-10.1.7\conf\Catalina\localhost\www.athenalocadora.com.xml]
18-Aug-2023 14:14:58.111 WARNING [http-nio-8080-exec-2] org.apache.catalina.startup.HostConfig.deployDescriptor The path attribute with value [/www.athenalocadora.com] in deployment descriptor [D:\Projetos\NetBeans 12.6\www.athenalocadora.com\apache-tomcat-10.1.7\conf\Catalina\localhost\www.athenalocadora.com.xml] has been ignored
18-Aug-2023 14:15:00.514 INFO [http-nio-8080-exec-2] org.apache.jasper.servlet.TldScanner.scanJars At least one JAR was scanned for TLDs yet contained no TLDs. Enable debug logging for this logger for a complete list of JARs that were scanned but no TLDs were found in them. Skipping unneeded JARs during scanning can improve startup time and JSP compilation time.
18-Aug-2023 14:15:00.524 INFO [http-nio-8080-exec-2] org.apache.catalina.startup.HostConfig.deployDescriptor Deployment of deployment descriptor [D:\Projetos\NetBeans 12.6\www.athenalocadora.com\apache-tomcat-10.1.7\conf\Catalina\localhost\www.athenalocadora.com.xml] has finished in [2.417] ms
18-Aug-2023 14:15:00.528 INFO [http-nio-8080-exec-1] org.apache.catalina.util.LifecycleBase.start The start() method was called on component [StandardEngine[Catalina].StandardHost[localhost].StandardContext[/www.athenalocadora.com]] after start() had already been called. The second call will be ignored.
18-Aug-2023 15:03:21.717 INFO [main] org.apache.catalina.core.StandardServer.await A valid shutdown command was received via the shutdown port. Stopping the Server instance.
18-Aug-2023 15:03:21.718 INFO [main] org.apache.coyote.AbstractProtocol.pause Pausing ProtocolHandler ["http-nio-8080"]
18-Aug-2023 15:03:21.729 INFO [main] org.apache.catalina.core.StandardService.stopInternal Stopping service [Catalina]
18-Aug-2023 15:03:21.770 WARNING [main] org.apache.catalina.loader.WebappClassLoaderBase.clearReferencesJdbc The web application [www.athenalocadora.com] registered the JDBC driver [com.mysql.cj.jdbc.Driver] but failed to unregister it when the web application was stopped. To prevent a memory leak, the JDBC Driver has been forcibly unregistered.
18-Aug-2023 15:03:21.771 WARNING [main] org.apache.catalina.loader.WebappClassLoaderBase.clearReferencesThreads The web application [www.athenalocadora.com] appears to have started a thread named [mysql-cj-abandoned-connection-cleanup] but has failed to stop it. This is very likely to create a memory leak. Stack trace of thread:
 java.base@15.0.2/java.lang.Object.wait(Native Method)
 java.base@15.0.2/java.lang.ref.ReferenceQueue.remove(ReferenceQueue.java:155)
 com.mysql.cj.jdbc.AbandonedConnectionCleanupThread.run(AbandonedConnectionCleanupThread.java:91)
 java.base@15.0.2/java.util.concurrent.ThreadPoolExecutor.runWorker(ThreadPoolExecutor.java:1130)
 java.base@15.0.2/java.util.concurrent.ThreadPoolExecutor$Worker.run(ThreadPoolExecutor.java:630)
 java.base@15.0.2/java.lang.Thread.run(Thread.java:832)
18-Aug-2023 15:03:21.777 INFO [main] org.apache.coyote.AbstractProtocol.stop Stopping ProtocolHandler ["http-nio-8080"]
18-Aug-2023 15:03:21.785 INFO [main] org.apache.coyote.AbstractProtocol.destroy Destroying ProtocolHandler ["http-nio-8080"]
