30-Jul-2023 21:04:28.374 INFO [main] org.apache.catalina.startup.VersionLoggerListener.log Server version name:   Apache Tomcat/10.1.7
30-Jul-2023 21:04:28.381 INFO [main] org.apache.catalina.startup.VersionLoggerListener.log Server built:          Feb 27 2023 20:25:27 UTC
30-Jul-2023 21:04:28.382 INFO [main] org.apache.catalina.startup.VersionLoggerListener.log Server version number: 10.1.7.0
30-Jul-2023 21:04:28.382 INFO [main] org.apache.catalina.startup.VersionLoggerListener.log OS Name:               Windows 10
30-Jul-2023 21:04:28.382 INFO [main] org.apache.catalina.startup.VersionLoggerListener.log OS Version:            10.0
30-Jul-2023 21:04:28.382 INFO [main] org.apache.catalina.startup.VersionLoggerListener.log Architecture:          amd64
30-Jul-2023 21:04:28.382 INFO [main] org.apache.catalina.startup.VersionLoggerListener.log Java Home:             D:\Program Files\Java\jdk-19
30-Jul-2023 21:04:28.382 INFO [main] org.apache.catalina.startup.VersionLoggerListener.log JVM Version:           19.0.2+7-44
30-Jul-2023 21:04:28.382 INFO [main] org.apache.catalina.startup.VersionLoggerListener.log JVM Vendor:            Oracle Corporation
30-Jul-2023 21:04:28.383 INFO [main] org.apache.catalina.startup.VersionLoggerListener.log CATALINA_BASE:         D:\Projetos\NetBeans\SA_Locadora\apache-tomcat-10.1.7
30-Jul-2023 21:04:28.383 INFO [main] org.apache.catalina.startup.VersionLoggerListener.log CATALINA_HOME:         D:\Projetos\NetBeans\SA_Locadora\apache-tomcat-10.1.7
30-Jul-2023 21:04:28.404 INFO [main] org.apache.catalina.startup.VersionLoggerListener.log Command line argument: -Djava.util.logging.config.file=D:\Projetos\NetBeans\SA_Locadora\apache-tomcat-10.1.7\conf\logging.properties
30-Jul-2023 21:04:28.405 INFO [main] org.apache.catalina.startup.VersionLoggerListener.log Command line argument: -Djava.util.logging.manager=org.apache.juli.ClassLoaderLogManager
30-Jul-2023 21:04:28.405 INFO [main] org.apache.catalina.startup.VersionLoggerListener.log Command line argument: -Dhttp.nonProxyHosts=localhost|127.0.0.1|DESKTOP-GNPTJLR
30-Jul-2023 21:04:28.405 INFO [main] org.apache.catalina.startup.VersionLoggerListener.log Command line argument: -Djdk.tls.ephemeralDHKeySize=2048
30-Jul-2023 21:04:28.405 INFO [main] org.apache.catalina.startup.VersionLoggerListener.log Command line argument: -Djava.protocol.handler.pkgs=org.apache.catalina.webresources
30-Jul-2023 21:04:28.405 INFO [main] org.apache.catalina.startup.VersionLoggerListener.log Command line argument: --add-opens=java.base/java.lang=ALL-UNNAMED
30-Jul-2023 21:04:28.405 INFO [main] org.apache.catalina.startup.VersionLoggerListener.log Command line argument: --add-opens=java.base/java.io=ALL-UNNAMED
30-Jul-2023 21:04:28.406 INFO [main] org.apache.catalina.startup.VersionLoggerListener.log Command line argument: --add-opens=java.base/java.util=ALL-UNNAMED
30-Jul-2023 21:04:28.406 INFO [main] org.apache.catalina.startup.VersionLoggerListener.log Command line argument: --add-opens=java.base/java.util.concurrent=ALL-UNNAMED
30-Jul-2023 21:04:28.406 INFO [main] org.apache.catalina.startup.VersionLoggerListener.log Command line argument: --add-opens=java.rmi/sun.rmi.transport=ALL-UNNAMED
30-Jul-2023 21:04:28.406 INFO [main] org.apache.catalina.startup.VersionLoggerListener.log Command line argument: -Dcatalina.base=D:\Projetos\NetBeans\SA_Locadora\apache-tomcat-10.1.7
30-Jul-2023 21:04:28.406 INFO [main] org.apache.catalina.startup.VersionLoggerListener.log Command line argument: -Dcatalina.home=D:\Projetos\NetBeans\SA_Locadora\apache-tomcat-10.1.7
30-Jul-2023 21:04:28.406 INFO [main] org.apache.catalina.startup.VersionLoggerListener.log Command line argument: -Djava.io.tmpdir=D:\Projetos\NetBeans\SA_Locadora\apache-tomcat-10.1.7\temp
30-Jul-2023 21:04:28.420 INFO [main] org.apache.catalina.core.AprLifecycleListener.lifecycleEvent The Apache Tomcat Native library which allows using OpenSSL was not found on the java.library.path: [D:\Program Files\Java\jdk-19\bin;C:\WINDOWS\Sun\Java\bin;C:\WINDOWS\system32;C:\WINDOWS;C:\Program Files\Common Files\Oracle\Java\javapath;C:\Program Files (x86)\Common Files\Oracle\Java\javapath;C:\WINDOWS\system32;C:\WINDOWS;C:\WINDOWS\System32\Wbem;C:\WINDOWS\System32\WindowsPowerShell\v1.0\;C:\WINDOWS\System32\OpenSSH\;C:\Program Files\dotnet\;C:\Program Files\MySQL\MySQL Shell 8.0\bin\;C:\Users\Gabriel\AppData\Local\Microsoft\WindowsApps;;.]
30-Jul-2023 21:04:29.050 INFO [main] org.apache.coyote.AbstractProtocol.init Initializing ProtocolHandler ["http-nio-8080"]
30-Jul-2023 21:04:29.235 INFO [main] org.apache.catalina.startup.Catalina.load Server initialization in [1179] milliseconds
30-Jul-2023 21:04:29.430 INFO [main] org.apache.catalina.core.StandardService.startInternal Starting service [Catalina]
30-Jul-2023 21:04:29.430 INFO [main] org.apache.catalina.core.StandardEngine.startInternal Starting Servlet engine: [Apache Tomcat/10.1.7]
30-Jul-2023 21:04:29.447 INFO [main] org.apache.catalina.startup.HostConfig.deployDescriptor Deploying deployment descriptor [D:\Projetos\NetBeans\SA_Locadora\apache-tomcat-10.1.7\conf\Catalina\localhost\SA_Locadora.xml]
30-Jul-2023 21:04:29.484 WARNING [main] org.apache.catalina.startup.HostConfig.deployDescriptor The path attribute with value [/SA_Locadora] in deployment descriptor [D:\Projetos\NetBeans\SA_Locadora\apache-tomcat-10.1.7\conf\Catalina\localhost\SA_Locadora.xml] has been ignored
30-Jul-2023 21:04:31.837 INFO [main] org.apache.jasper.servlet.TldScanner.scanJars At least one JAR was scanned for TLDs yet contained no TLDs. Enable debug logging for this logger for a complete list of JARs that were scanned but no TLDs were found in them. Skipping unneeded JARs during scanning can improve startup time and JSP compilation time.
30-Jul-2023 21:04:31.952 INFO [main] org.apache.catalina.startup.HostConfig.deployDescriptor Deployment of deployment descriptor [D:\Projetos\NetBeans\SA_Locadora\apache-tomcat-10.1.7\conf\Catalina\localhost\SA_Locadora.xml] has finished in [2.500] ms
30-Jul-2023 21:04:31.954 INFO [main] org.apache.catalina.startup.HostConfig.deployDirectory Diretório de instalação da aplicação web [D:\Projetos\NetBeans\SA_Locadora\apache-tomcat-10.1.7\webapps\docs]
30-Jul-2023 21:04:32.100 INFO [main] org.apache.catalina.startup.HostConfig.deployDirectory Deployment of web application directory [D:\Projetos\NetBeans\SA_Locadora\apache-tomcat-10.1.7\webapps\docs] has finished in [147] ms
30-Jul-2023 21:04:32.100 INFO [main] org.apache.catalina.startup.HostConfig.deployDirectory Diretório de instalação da aplicação web [D:\Projetos\NetBeans\SA_Locadora\apache-tomcat-10.1.7\webapps\examples]
30-Jul-2023 21:04:35.301 INFO [main] org.apache.catalina.startup.HostConfig.deployDirectory Deployment of web application directory [D:\Projetos\NetBeans\SA_Locadora\apache-tomcat-10.1.7\webapps\examples] has finished in [3.201] ms
30-Jul-2023 21:04:35.302 INFO [main] org.apache.catalina.startup.HostConfig.deployDirectory Diretório de instalação da aplicação web [D:\Projetos\NetBeans\SA_Locadora\apache-tomcat-10.1.7\webapps\host-manager]
30-Jul-2023 21:04:35.497 INFO [main] org.apache.catalina.startup.HostConfig.deployDirectory Deployment of web application directory [D:\Projetos\NetBeans\SA_Locadora\apache-tomcat-10.1.7\webapps\host-manager] has finished in [194] ms
30-Jul-2023 21:04:35.497 INFO [main] org.apache.catalina.startup.HostConfig.deployDirectory Diretório de instalação da aplicação web [D:\Projetos\NetBeans\SA_Locadora\apache-tomcat-10.1.7\webapps\manager]
30-Jul-2023 21:04:35.671 INFO [main] org.apache.catalina.startup.HostConfig.deployDirectory Deployment of web application directory [D:\Projetos\NetBeans\SA_Locadora\apache-tomcat-10.1.7\webapps\manager] has finished in [174] ms
30-Jul-2023 21:04:35.672 INFO [main] org.apache.catalina.startup.HostConfig.deployDirectory Diretório de instalação da aplicação web [D:\Projetos\NetBeans\SA_Locadora\apache-tomcat-10.1.7\webapps\ROOT]
30-Jul-2023 21:04:35.749 INFO [main] org.apache.catalina.startup.HostConfig.deployDirectory Deployment of web application directory [D:\Projetos\NetBeans\SA_Locadora\apache-tomcat-10.1.7\webapps\ROOT] has finished in [78] ms
30-Jul-2023 21:04:35.754 INFO [main] org.apache.coyote.AbstractProtocol.start Starting ProtocolHandler ["http-nio-8080"]
30-Jul-2023 21:04:35.880 INFO [main] org.apache.catalina.startup.Catalina.start Server startup in [6644] milliseconds
30-Jul-2023 21:08:07.383 INFO [main] org.apache.catalina.core.StandardServer.await A valid shutdown command was received via the shutdown port. Stopping the Server instance.
30-Jul-2023 21:08:07.384 INFO [main] org.apache.coyote.AbstractProtocol.pause Pausing ProtocolHandler ["http-nio-8080"]
30-Jul-2023 21:08:07.392 INFO [main] org.apache.catalina.core.StandardService.stopInternal Stopping service [Catalina]
30-Jul-2023 21:08:07.464 WARNING [main] org.apache.catalina.loader.WebappClassLoaderBase.clearReferencesJdbc The web application [SA_Locadora] registered the JDBC driver [com.mysql.cj.jdbc.Driver] but failed to unregister it when the web application was stopped. To prevent a memory leak, the JDBC Driver has been forcibly unregistered.
30-Jul-2023 21:08:07.464 WARNING [main] org.apache.catalina.loader.WebappClassLoaderBase.clearReferencesThreads The web application [SA_Locadora] appears to have started a thread named [mysql-cj-abandoned-connection-cleanup] but has failed to stop it. This is very likely to create a memory leak. Stack trace of thread:
 java.base/jdk.internal.misc.Unsafe.park(Native Method)
 java.base/java.util.concurrent.locks.LockSupport.parkNanos(LockSupport.java:269)
 java.base/java.util.concurrent.locks.AbstractQueuedSynchronizer$ConditionObject.await(AbstractQueuedSynchronizer.java:1759)
 java.base/java.lang.ref.ReferenceQueue.await(ReferenceQueue.java:71)
 java.base/java.lang.ref.ReferenceQueue.remove0(ReferenceQueue.java:143)
 java.base/java.lang.ref.ReferenceQueue.remove(ReferenceQueue.java:218)
 com.mysql.cj.jdbc.AbandonedConnectionCleanupThread.run(AbandonedConnectionCleanupThread.java:91)
 java.base/java.util.concurrent.ThreadPoolExecutor.runWorker(ThreadPoolExecutor.java:1144)
 java.base/java.util.concurrent.ThreadPoolExecutor$Worker.run(ThreadPoolExecutor.java:642)
 java.base/java.lang.Thread.run(Thread.java:1589)
30-Jul-2023 21:08:07.471 INFO [main] org.apache.coyote.AbstractProtocol.stop Stopping ProtocolHandler ["http-nio-8080"]
30-Jul-2023 21:08:07.478 INFO [main] org.apache.coyote.AbstractProtocol.destroy Destroying ProtocolHandler ["http-nio-8080"]
30-Jul-2023 21:15:44.648 INFO [main] org.apache.catalina.startup.VersionLoggerListener.log Server version name:   Apache Tomcat/10.1.7
30-Jul-2023 21:15:44.652 INFO [main] org.apache.catalina.startup.VersionLoggerListener.log Server built:          Feb 27 2023 20:25:27 UTC
30-Jul-2023 21:15:44.652 INFO [main] org.apache.catalina.startup.VersionLoggerListener.log Server version number: 10.1.7.0
30-Jul-2023 21:15:44.652 INFO [main] org.apache.catalina.startup.VersionLoggerListener.log OS Name:               Windows 10
30-Jul-2023 21:15:44.653 INFO [main] org.apache.catalina.startup.VersionLoggerListener.log OS Version:            10.0
30-Jul-2023 21:15:44.653 INFO [main] org.apache.catalina.startup.VersionLoggerListener.log Architecture:          amd64
30-Jul-2023 21:15:44.653 INFO [main] org.apache.catalina.startup.VersionLoggerListener.log Java Home:             D:\Program Files\Java\jdk-19
30-Jul-2023 21:15:44.653 INFO [main] org.apache.catalina.startup.VersionLoggerListener.log JVM Version:           19.0.2+7-44
30-Jul-2023 21:15:44.653 INFO [main] org.apache.catalina.startup.VersionLoggerListener.log JVM Vendor:            Oracle Corporation
30-Jul-2023 21:15:44.653 INFO [main] org.apache.catalina.startup.VersionLoggerListener.log CATALINA_BASE:         D:\Projetos\NetBeans\SA_Locadora\apache-tomcat-10.1.7
30-Jul-2023 21:15:44.653 INFO [main] org.apache.catalina.startup.VersionLoggerListener.log CATALINA_HOME:         D:\Projetos\NetBeans\SA_Locadora\apache-tomcat-10.1.7
30-Jul-2023 21:15:44.666 INFO [main] org.apache.catalina.startup.VersionLoggerListener.log Command line argument: -Djava.util.logging.config.file=D:\Projetos\NetBeans\SA_Locadora\apache-tomcat-10.1.7\conf\logging.properties
30-Jul-2023 21:15:44.666 INFO [main] org.apache.catalina.startup.VersionLoggerListener.log Command line argument: -Djava.util.logging.manager=org.apache.juli.ClassLoaderLogManager
30-Jul-2023 21:15:44.666 INFO [main] org.apache.catalina.startup.VersionLoggerListener.log Command line argument: -Dhttp.nonProxyHosts=localhost|127.0.0.1|DESKTOP-GNPTJLR
30-Jul-2023 21:15:44.667 INFO [main] org.apache.catalina.startup.VersionLoggerListener.log Command line argument: -Djdk.tls.ephemeralDHKeySize=2048
30-Jul-2023 21:15:44.667 INFO [main] org.apache.catalina.startup.VersionLoggerListener.log Command line argument: -Djava.protocol.handler.pkgs=org.apache.catalina.webresources
30-Jul-2023 21:15:44.667 INFO [main] org.apache.catalina.startup.VersionLoggerListener.log Command line argument: --add-opens=java.base/java.lang=ALL-UNNAMED
30-Jul-2023 21:15:44.667 INFO [main] org.apache.catalina.startup.VersionLoggerListener.log Command line argument: --add-opens=java.base/java.io=ALL-UNNAMED
30-Jul-2023 21:15:44.667 INFO [main] org.apache.catalina.startup.VersionLoggerListener.log Command line argument: --add-opens=java.base/java.util=ALL-UNNAMED
30-Jul-2023 21:15:44.667 INFO [main] org.apache.catalina.startup.VersionLoggerListener.log Command line argument: --add-opens=java.base/java.util.concurrent=ALL-UNNAMED
30-Jul-2023 21:15:44.667 INFO [main] org.apache.catalina.startup.VersionLoggerListener.log Command line argument: --add-opens=java.rmi/sun.rmi.transport=ALL-UNNAMED
30-Jul-2023 21:15:44.667 INFO [main] org.apache.catalina.startup.VersionLoggerListener.log Command line argument: -Dcatalina.base=D:\Projetos\NetBeans\SA_Locadora\apache-tomcat-10.1.7
30-Jul-2023 21:15:44.667 INFO [main] org.apache.catalina.startup.VersionLoggerListener.log Command line argument: -Dcatalina.home=D:\Projetos\NetBeans\SA_Locadora\apache-tomcat-10.1.7
30-Jul-2023 21:15:44.667 INFO [main] org.apache.catalina.startup.VersionLoggerListener.log Command line argument: -Djava.io.tmpdir=D:\Projetos\NetBeans\SA_Locadora\apache-tomcat-10.1.7\temp
30-Jul-2023 21:15:44.677 INFO [main] org.apache.catalina.core.AprLifecycleListener.lifecycleEvent The Apache Tomcat Native library which allows using OpenSSL was not found on the java.library.path: [D:\Program Files\Java\jdk-19\bin;C:\WINDOWS\Sun\Java\bin;C:\WINDOWS\system32;C:\WINDOWS;C:\Program Files\Common Files\Oracle\Java\javapath;C:\Program Files (x86)\Common Files\Oracle\Java\javapath;C:\WINDOWS\system32;C:\WINDOWS;C:\WINDOWS\System32\Wbem;C:\WINDOWS\System32\WindowsPowerShell\v1.0\;C:\WINDOWS\System32\OpenSSH\;C:\Program Files\dotnet\;C:\Program Files\MySQL\MySQL Shell 8.0\bin\;C:\Users\Gabriel\AppData\Local\Microsoft\WindowsApps;;.]
30-Jul-2023 21:15:44.993 INFO [main] org.apache.coyote.AbstractProtocol.init Initializing ProtocolHandler ["http-nio-8080"]
30-Jul-2023 21:15:45.022 INFO [main] org.apache.catalina.startup.Catalina.load Server initialization in [598] milliseconds
30-Jul-2023 21:15:45.082 INFO [main] org.apache.catalina.core.StandardService.startInternal Starting service [Catalina]
30-Jul-2023 21:15:45.082 INFO [main] org.apache.catalina.core.StandardEngine.startInternal Starting Servlet engine: [Apache Tomcat/10.1.7]
30-Jul-2023 21:15:45.101 INFO [main] org.apache.catalina.startup.HostConfig.deployDescriptor Deploying deployment descriptor [D:\Projetos\NetBeans\SA_Locadora\apache-tomcat-10.1.7\conf\Catalina\localhost\SA_Locadora.xml]
30-Jul-2023 21:15:45.125 WARNING [main] org.apache.catalina.startup.HostConfig.deployDescriptor The path attribute with value [/SA_Locadora] in deployment descriptor [D:\Projetos\NetBeans\SA_Locadora\apache-tomcat-10.1.7\conf\Catalina\localhost\SA_Locadora.xml] has been ignored
30-Jul-2023 21:15:46.437 INFO [main] org.apache.jasper.servlet.TldScanner.scanJars At least one JAR was scanned for TLDs yet contained no TLDs. Enable debug logging for this logger for a complete list of JARs that were scanned but no TLDs were found in them. Skipping unneeded JARs during scanning can improve startup time and JSP compilation time.
30-Jul-2023 21:15:46.535 INFO [main] org.apache.catalina.startup.HostConfig.deployDescriptor Deployment of deployment descriptor [D:\Projetos\NetBeans\SA_Locadora\apache-tomcat-10.1.7\conf\Catalina\localhost\SA_Locadora.xml] has finished in [1.433] ms
30-Jul-2023 21:15:46.536 INFO [main] org.apache.catalina.startup.HostConfig.deployDirectory Diretório de instalação da aplicação web [D:\Projetos\NetBeans\SA_Locadora\apache-tomcat-10.1.7\webapps\docs]
30-Jul-2023 21:15:46.608 INFO [main] org.apache.catalina.startup.HostConfig.deployDirectory Deployment of web application directory [D:\Projetos\NetBeans\SA_Locadora\apache-tomcat-10.1.7\webapps\docs] has finished in [71] ms
30-Jul-2023 21:15:46.608 INFO [main] org.apache.catalina.startup.HostConfig.deployDirectory Diretório de instalação da aplicação web [D:\Projetos\NetBeans\SA_Locadora\apache-tomcat-10.1.7\webapps\examples]
30-Jul-2023 21:15:47.574 INFO [main] org.apache.catalina.startup.HostConfig.deployDirectory Deployment of web application directory [D:\Projetos\NetBeans\SA_Locadora\apache-tomcat-10.1.7\webapps\examples] has finished in [966] ms
30-Jul-2023 21:15:47.574 INFO [main] org.apache.catalina.startup.HostConfig.deployDirectory Diretório de instalação da aplicação web [D:\Projetos\NetBeans\SA_Locadora\apache-tomcat-10.1.7\webapps\host-manager]
30-Jul-2023 21:15:47.704 INFO [main] org.apache.catalina.startup.HostConfig.deployDirectory Deployment of web application directory [D:\Projetos\NetBeans\SA_Locadora\apache-tomcat-10.1.7\webapps\host-manager] has finished in [130] ms
30-Jul-2023 21:15:47.705 INFO [main] org.apache.catalina.startup.HostConfig.deployDirectory Diretório de instalação da aplicação web [D:\Projetos\NetBeans\SA_Locadora\apache-tomcat-10.1.7\webapps\manager]
30-Jul-2023 21:15:47.822 INFO [main] org.apache.catalina.startup.HostConfig.deployDirectory Deployment of web application directory [D:\Projetos\NetBeans\SA_Locadora\apache-tomcat-10.1.7\webapps\manager] has finished in [118] ms
30-Jul-2023 21:15:47.822 INFO [main] org.apache.catalina.startup.HostConfig.deployDirectory Diretório de instalação da aplicação web [D:\Projetos\NetBeans\SA_Locadora\apache-tomcat-10.1.7\webapps\ROOT]
30-Jul-2023 21:15:47.887 INFO [main] org.apache.catalina.startup.HostConfig.deployDirectory Deployment of web application directory [D:\Projetos\NetBeans\SA_Locadora\apache-tomcat-10.1.7\webapps\ROOT] has finished in [50] ms
30-Jul-2023 21:15:47.892 INFO [main] org.apache.coyote.AbstractProtocol.start Starting ProtocolHandler ["http-nio-8080"]
30-Jul-2023 21:15:47.946 INFO [main] org.apache.catalina.startup.Catalina.start Server startup in [2922] milliseconds
30-Jul-2023 21:26:20.608 INFO [main] org.apache.catalina.core.StandardServer.await A valid shutdown command was received via the shutdown port. Stopping the Server instance.
30-Jul-2023 21:26:20.609 INFO [main] org.apache.coyote.AbstractProtocol.pause Pausing ProtocolHandler ["http-nio-8080"]
30-Jul-2023 21:26:20.619 INFO [main] org.apache.catalina.core.StandardService.stopInternal Stopping service [Catalina]
30-Jul-2023 21:26:20.652 WARNING [main] org.apache.catalina.loader.WebappClassLoaderBase.clearReferencesJdbc The web application [SA_Locadora] registered the JDBC driver [com.mysql.cj.jdbc.Driver] but failed to unregister it when the web application was stopped. To prevent a memory leak, the JDBC Driver has been forcibly unregistered.
30-Jul-2023 21:26:20.653 WARNING [main] org.apache.catalina.loader.WebappClassLoaderBase.clearReferencesThreads The web application [SA_Locadora] appears to have started a thread named [mysql-cj-abandoned-connection-cleanup] but has failed to stop it. This is very likely to create a memory leak. Stack trace of thread:
 java.base/jdk.internal.misc.Unsafe.park(Native Method)
 java.base/java.util.concurrent.locks.LockSupport.parkNanos(LockSupport.java:269)
 java.base/java.util.concurrent.locks.AbstractQueuedSynchronizer$ConditionObject.await(AbstractQueuedSynchronizer.java:1759)
 java.base/java.lang.ref.ReferenceQueue.await(ReferenceQueue.java:71)
 java.base/java.lang.ref.ReferenceQueue.remove0(ReferenceQueue.java:143)
 java.base/java.lang.ref.ReferenceQueue.remove(ReferenceQueue.java:218)
 com.mysql.cj.jdbc.AbandonedConnectionCleanupThread.run(AbandonedConnectionCleanupThread.java:91)
 java.base/java.util.concurrent.ThreadPoolExecutor.runWorker(ThreadPoolExecutor.java:1144)
 java.base/java.util.concurrent.ThreadPoolExecutor$Worker.run(ThreadPoolExecutor.java:642)
 java.base/java.lang.Thread.run(Thread.java:1589)
30-Jul-2023 21:26:20.659 INFO [main] org.apache.coyote.AbstractProtocol.stop Stopping ProtocolHandler ["http-nio-8080"]
30-Jul-2023 21:26:20.676 INFO [main] org.apache.coyote.AbstractProtocol.destroy Destroying ProtocolHandler ["http-nio-8080"]
30-Jul-2023 21:26:24.986 INFO [main] org.apache.catalina.startup.VersionLoggerListener.log Server version name:   Apache Tomcat/10.1.7
30-Jul-2023 21:26:24.990 INFO [main] org.apache.catalina.startup.VersionLoggerListener.log Server built:          Feb 27 2023 20:25:27 UTC
30-Jul-2023 21:26:24.990 INFO [main] org.apache.catalina.startup.VersionLoggerListener.log Server version number: 10.1.7.0
30-Jul-2023 21:26:24.990 INFO [main] org.apache.catalina.startup.VersionLoggerListener.log OS Name:               Windows 10
30-Jul-2023 21:26:24.990 INFO [main] org.apache.catalina.startup.VersionLoggerListener.log OS Version:            10.0
30-Jul-2023 21:26:24.991 INFO [main] org.apache.catalina.startup.VersionLoggerListener.log Architecture:          amd64
30-Jul-2023 21:26:24.991 INFO [main] org.apache.catalina.startup.VersionLoggerListener.log Java Home:             D:\Program Files\Java\jdk-19
30-Jul-2023 21:26:24.991 INFO [main] org.apache.catalina.startup.VersionLoggerListener.log JVM Version:           19.0.2+7-44
30-Jul-2023 21:26:24.991 INFO [main] org.apache.catalina.startup.VersionLoggerListener.log JVM Vendor:            Oracle Corporation
30-Jul-2023 21:26:24.991 INFO [main] org.apache.catalina.startup.VersionLoggerListener.log CATALINA_BASE:         D:\Projetos\NetBeans\SA_Locadora\apache-tomcat-10.1.7
30-Jul-2023 21:26:24.991 INFO [main] org.apache.catalina.startup.VersionLoggerListener.log CATALINA_HOME:         D:\Projetos\NetBeans\SA_Locadora\apache-tomcat-10.1.7
30-Jul-2023 21:26:25.004 INFO [main] org.apache.catalina.startup.VersionLoggerListener.log Command line argument: -Djava.util.logging.config.file=D:\Projetos\NetBeans\SA_Locadora\apache-tomcat-10.1.7\conf\logging.properties
30-Jul-2023 21:26:25.005 INFO [main] org.apache.catalina.startup.VersionLoggerListener.log Command line argument: -Djava.util.logging.manager=org.apache.juli.ClassLoaderLogManager
30-Jul-2023 21:26:25.005 INFO [main] org.apache.catalina.startup.VersionLoggerListener.log Command line argument: -Dhttp.nonProxyHosts=localhost|127.0.0.1|DESKTOP-GNPTJLR
30-Jul-2023 21:26:25.005 INFO [main] org.apache.catalina.startup.VersionLoggerListener.log Command line argument: -Djdk.tls.ephemeralDHKeySize=2048
30-Jul-2023 21:26:25.005 INFO [main] org.apache.catalina.startup.VersionLoggerListener.log Command line argument: -Djava.protocol.handler.pkgs=org.apache.catalina.webresources
30-Jul-2023 21:26:25.005 INFO [main] org.apache.catalina.startup.VersionLoggerListener.log Command line argument: --add-opens=java.base/java.lang=ALL-UNNAMED
30-Jul-2023 21:26:25.005 INFO [main] org.apache.catalina.startup.VersionLoggerListener.log Command line argument: --add-opens=java.base/java.io=ALL-UNNAMED
30-Jul-2023 21:26:25.005 INFO [main] org.apache.catalina.startup.VersionLoggerListener.log Command line argument: --add-opens=java.base/java.util=ALL-UNNAMED
30-Jul-2023 21:26:25.005 INFO [main] org.apache.catalina.startup.VersionLoggerListener.log Command line argument: --add-opens=java.base/java.util.concurrent=ALL-UNNAMED
30-Jul-2023 21:26:25.006 INFO [main] org.apache.catalina.startup.VersionLoggerListener.log Command line argument: --add-opens=java.rmi/sun.rmi.transport=ALL-UNNAMED
30-Jul-2023 21:26:25.006 INFO [main] org.apache.catalina.startup.VersionLoggerListener.log Command line argument: -Dcatalina.base=D:\Projetos\NetBeans\SA_Locadora\apache-tomcat-10.1.7
30-Jul-2023 21:26:25.006 INFO [main] org.apache.catalina.startup.VersionLoggerListener.log Command line argument: -Dcatalina.home=D:\Projetos\NetBeans\SA_Locadora\apache-tomcat-10.1.7
30-Jul-2023 21:26:25.006 INFO [main] org.apache.catalina.startup.VersionLoggerListener.log Command line argument: -Djava.io.tmpdir=D:\Projetos\NetBeans\SA_Locadora\apache-tomcat-10.1.7\temp
30-Jul-2023 21:26:25.015 INFO [main] org.apache.catalina.core.AprLifecycleListener.lifecycleEvent The Apache Tomcat Native library which allows using OpenSSL was not found on the java.library.path: [D:\Program Files\Java\jdk-19\bin;C:\WINDOWS\Sun\Java\bin;C:\WINDOWS\system32;C:\WINDOWS;C:\Program Files\Common Files\Oracle\Java\javapath;C:\Program Files (x86)\Common Files\Oracle\Java\javapath;C:\WINDOWS\system32;C:\WINDOWS;C:\WINDOWS\System32\Wbem;C:\WINDOWS\System32\WindowsPowerShell\v1.0\;C:\WINDOWS\System32\OpenSSH\;C:\Program Files\dotnet\;C:\Program Files\MySQL\MySQL Shell 8.0\bin\;C:\Users\Gabriel\AppData\Local\Microsoft\WindowsApps;;.]
30-Jul-2023 21:26:25.389 INFO [main] org.apache.coyote.AbstractProtocol.init Initializing ProtocolHandler ["http-nio-8080"]
30-Jul-2023 21:26:25.425 INFO [main] org.apache.catalina.startup.Catalina.load Server initialization in [696] milliseconds
30-Jul-2023 21:26:25.507 INFO [main] org.apache.catalina.core.StandardService.startInternal Starting service [Catalina]
30-Jul-2023 21:26:25.508 INFO [main] org.apache.catalina.core.StandardEngine.startInternal Starting Servlet engine: [Apache Tomcat/10.1.7]
30-Jul-2023 21:26:25.534 INFO [main] org.apache.catalina.startup.HostConfig.deployDescriptor Deploying deployment descriptor [D:\Projetos\NetBeans\SA_Locadora\apache-tomcat-10.1.7\conf\Catalina\localhost\SA_Locadora.xml]
30-Jul-2023 21:26:25.566 WARNING [main] org.apache.catalina.startup.HostConfig.deployDescriptor The path attribute with value [/SA_Locadora] in deployment descriptor [D:\Projetos\NetBeans\SA_Locadora\apache-tomcat-10.1.7\conf\Catalina\localhost\SA_Locadora.xml] has been ignored
30-Jul-2023 21:26:27.099 INFO [main] org.apache.jasper.servlet.TldScanner.scanJars At least one JAR was scanned for TLDs yet contained no TLDs. Enable debug logging for this logger for a complete list of JARs that were scanned but no TLDs were found in them. Skipping unneeded JARs during scanning can improve startup time and JSP compilation time.
30-Jul-2023 21:26:27.196 INFO [main] org.apache.catalina.startup.HostConfig.deployDescriptor Deployment of deployment descriptor [D:\Projetos\NetBeans\SA_Locadora\apache-tomcat-10.1.7\conf\Catalina\localhost\SA_Locadora.xml] has finished in [1.659] ms
30-Jul-2023 21:26:27.196 INFO [main] org.apache.catalina.startup.HostConfig.deployDirectory Diretório de instalação da aplicação web [D:\Projetos\NetBeans\SA_Locadora\apache-tomcat-10.1.7\webapps\docs]
30-Jul-2023 21:26:27.267 INFO [main] org.apache.catalina.startup.HostConfig.deployDirectory Deployment of web application directory [D:\Projetos\NetBeans\SA_Locadora\apache-tomcat-10.1.7\webapps\docs] has finished in [71] ms
30-Jul-2023 21:26:27.268 INFO [main] org.apache.catalina.startup.HostConfig.deployDirectory Diretório de instalação da aplicação web [D:\Projetos\NetBeans\SA_Locadora\apache-tomcat-10.1.7\webapps\examples]
30-Jul-2023 21:26:28.315 INFO [main] org.apache.catalina.startup.HostConfig.deployDirectory Deployment of web application directory [D:\Projetos\NetBeans\SA_Locadora\apache-tomcat-10.1.7\webapps\examples] has finished in [1.047] ms
30-Jul-2023 21:26:28.315 INFO [main] org.apache.catalina.startup.HostConfig.deployDirectory Diretório de instalação da aplicação web [D:\Projetos\NetBeans\SA_Locadora\apache-tomcat-10.1.7\webapps\host-manager]
30-Jul-2023 21:26:28.423 INFO [main] org.apache.catalina.startup.HostConfig.deployDirectory Deployment of web application directory [D:\Projetos\NetBeans\SA_Locadora\apache-tomcat-10.1.7\webapps\host-manager] has finished in [107] ms
30-Jul-2023 21:26:28.423 INFO [main] org.apache.catalina.startup.HostConfig.deployDirectory Diretório de instalação da aplicação web [D:\Projetos\NetBeans\SA_Locadora\apache-tomcat-10.1.7\webapps\manager]
30-Jul-2023 21:26:28.531 INFO [main] org.apache.catalina.startup.HostConfig.deployDirectory Deployment of web application directory [D:\Projetos\NetBeans\SA_Locadora\apache-tomcat-10.1.7\webapps\manager] has finished in [108] ms
30-Jul-2023 21:26:28.532 INFO [main] org.apache.catalina.startup.HostConfig.deployDirectory Diretório de instalação da aplicação web [D:\Projetos\NetBeans\SA_Locadora\apache-tomcat-10.1.7\webapps\ROOT]
30-Jul-2023 21:26:28.591 INFO [main] org.apache.catalina.startup.HostConfig.deployDirectory Deployment of web application directory [D:\Projetos\NetBeans\SA_Locadora\apache-tomcat-10.1.7\webapps\ROOT] has finished in [59] ms
30-Jul-2023 21:26:28.595 INFO [main] org.apache.coyote.AbstractProtocol.start Starting ProtocolHandler ["http-nio-8080"]
30-Jul-2023 21:26:28.655 INFO [main] org.apache.catalina.startup.Catalina.start Server startup in [3227] milliseconds
30-Jul-2023 21:38:25.227 INFO [main] org.apache.catalina.core.StandardServer.await A valid shutdown command was received via the shutdown port. Stopping the Server instance.
30-Jul-2023 21:38:25.227 INFO [main] org.apache.coyote.AbstractProtocol.pause Pausing ProtocolHandler ["http-nio-8080"]
30-Jul-2023 21:38:25.236 INFO [main] org.apache.catalina.core.StandardService.stopInternal Stopping service [Catalina]
30-Jul-2023 21:38:25.271 WARNING [main] org.apache.catalina.loader.WebappClassLoaderBase.clearReferencesJdbc The web application [SA_Locadora] registered the JDBC driver [com.mysql.cj.jdbc.Driver] but failed to unregister it when the web application was stopped. To prevent a memory leak, the JDBC Driver has been forcibly unregistered.
30-Jul-2023 21:38:25.272 WARNING [main] org.apache.catalina.loader.WebappClassLoaderBase.clearReferencesThreads The web application [SA_Locadora] appears to have started a thread named [mysql-cj-abandoned-connection-cleanup] but has failed to stop it. This is very likely to create a memory leak. Stack trace of thread:
 java.base/jdk.internal.misc.Unsafe.park(Native Method)
 java.base/java.util.concurrent.locks.LockSupport.parkNanos(LockSupport.java:269)
 java.base/java.util.concurrent.locks.AbstractQueuedSynchronizer$ConditionObject.await(AbstractQueuedSynchronizer.java:1759)
 java.base/java.lang.ref.ReferenceQueue.await(ReferenceQueue.java:71)
 java.base/java.lang.ref.ReferenceQueue.remove0(ReferenceQueue.java:143)
 java.base/java.lang.ref.ReferenceQueue.remove(ReferenceQueue.java:218)
 com.mysql.cj.jdbc.AbandonedConnectionCleanupThread.run(AbandonedConnectionCleanupThread.java:91)
 java.base/java.util.concurrent.ThreadPoolExecutor.runWorker(ThreadPoolExecutor.java:1144)
 java.base/java.util.concurrent.ThreadPoolExecutor$Worker.run(ThreadPoolExecutor.java:642)
 java.base/java.lang.Thread.run(Thread.java:1589)
30-Jul-2023 21:38:25.279 INFO [main] org.apache.coyote.AbstractProtocol.stop Stopping ProtocolHandler ["http-nio-8080"]
30-Jul-2023 21:38:25.284 INFO [main] org.apache.coyote.AbstractProtocol.destroy Destroying ProtocolHandler ["http-nio-8080"]
30-Jul-2023 22:04:20.646 INFO [main] org.apache.catalina.startup.VersionLoggerListener.log Server version name:   Apache Tomcat/10.1.7
30-Jul-2023 22:04:20.652 INFO [main] org.apache.catalina.startup.VersionLoggerListener.log Server built:          Feb 27 2023 20:25:27 UTC
30-Jul-2023 22:04:20.652 INFO [main] org.apache.catalina.startup.VersionLoggerListener.log Server version number: 10.1.7.0
30-Jul-2023 22:04:20.653 INFO [main] org.apache.catalina.startup.VersionLoggerListener.log OS Name:               Windows 10
30-Jul-2023 22:04:20.653 INFO [main] org.apache.catalina.startup.VersionLoggerListener.log OS Version:            10.0
30-Jul-2023 22:04:20.653 INFO [main] org.apache.catalina.startup.VersionLoggerListener.log Architecture:          amd64
30-Jul-2023 22:04:20.653 INFO [main] org.apache.catalina.startup.VersionLoggerListener.log Java Home:             D:\Program Files\Java\jdk-19
30-Jul-2023 22:04:20.653 INFO [main] org.apache.catalina.startup.VersionLoggerListener.log JVM Version:           19.0.2+7-44
30-Jul-2023 22:04:20.653 INFO [main] org.apache.catalina.startup.VersionLoggerListener.log JVM Vendor:            Oracle Corporation
30-Jul-2023 22:04:20.653 INFO [main] org.apache.catalina.startup.VersionLoggerListener.log CATALINA_BASE:         D:\Projetos\NetBeans\SA_Locadora\apache-tomcat-10.1.7
30-Jul-2023 22:04:20.653 INFO [main] org.apache.catalina.startup.VersionLoggerListener.log CATALINA_HOME:         D:\Projetos\NetBeans\SA_Locadora\apache-tomcat-10.1.7
30-Jul-2023 22:04:20.667 INFO [main] org.apache.catalina.startup.VersionLoggerListener.log Command line argument: -Djava.util.logging.config.file=D:\Projetos\NetBeans\SA_Locadora\apache-tomcat-10.1.7\conf\logging.properties
30-Jul-2023 22:04:20.668 INFO [main] org.apache.catalina.startup.VersionLoggerListener.log Command line argument: -Djava.util.logging.manager=org.apache.juli.ClassLoaderLogManager
30-Jul-2023 22:04:20.668 INFO [main] org.apache.catalina.startup.VersionLoggerListener.log Command line argument: -Dhttp.nonProxyHosts=localhost|127.0.0.1|DESKTOP-GNPTJLR
30-Jul-2023 22:04:20.668 INFO [main] org.apache.catalina.startup.VersionLoggerListener.log Command line argument: -Djdk.tls.ephemeralDHKeySize=2048
30-Jul-2023 22:04:20.668 INFO [main] org.apache.catalina.startup.VersionLoggerListener.log Command line argument: -Djava.protocol.handler.pkgs=org.apache.catalina.webresources
30-Jul-2023 22:04:20.668 INFO [main] org.apache.catalina.startup.VersionLoggerListener.log Command line argument: --add-opens=java.base/java.lang=ALL-UNNAMED
30-Jul-2023 22:04:20.668 INFO [main] org.apache.catalina.startup.VersionLoggerListener.log Command line argument: --add-opens=java.base/java.io=ALL-UNNAMED
30-Jul-2023 22:04:20.668 INFO [main] org.apache.catalina.startup.VersionLoggerListener.log Command line argument: --add-opens=java.base/java.util=ALL-UNNAMED
30-Jul-2023 22:04:20.668 INFO [main] org.apache.catalina.startup.VersionLoggerListener.log Command line argument: --add-opens=java.base/java.util.concurrent=ALL-UNNAMED
30-Jul-2023 22:04:20.668 INFO [main] org.apache.catalina.startup.VersionLoggerListener.log Command line argument: --add-opens=java.rmi/sun.rmi.transport=ALL-UNNAMED
30-Jul-2023 22:04:20.668 INFO [main] org.apache.catalina.startup.VersionLoggerListener.log Command line argument: -Dcatalina.base=D:\Projetos\NetBeans\SA_Locadora\apache-tomcat-10.1.7
30-Jul-2023 22:04:20.669 INFO [main] org.apache.catalina.startup.VersionLoggerListener.log Command line argument: -Dcatalina.home=D:\Projetos\NetBeans\SA_Locadora\apache-tomcat-10.1.7
30-Jul-2023 22:04:20.669 INFO [main] org.apache.catalina.startup.VersionLoggerListener.log Command line argument: -Djava.io.tmpdir=D:\Projetos\NetBeans\SA_Locadora\apache-tomcat-10.1.7\temp
30-Jul-2023 22:04:20.678 INFO [main] org.apache.catalina.core.AprLifecycleListener.lifecycleEvent The Apache Tomcat Native library which allows using OpenSSL was not found on the java.library.path: [D:\Program Files\Java\jdk-19\bin;C:\WINDOWS\Sun\Java\bin;C:\WINDOWS\system32;C:\WINDOWS;C:\Program Files\Common Files\Oracle\Java\javapath;C:\Program Files (x86)\Common Files\Oracle\Java\javapath;C:\WINDOWS\system32;C:\WINDOWS;C:\WINDOWS\System32\Wbem;C:\WINDOWS\System32\WindowsPowerShell\v1.0\;C:\WINDOWS\System32\OpenSSH\;C:\Program Files\dotnet\;C:\Program Files\MySQL\MySQL Shell 8.0\bin\;C:\Users\Gabriel\AppData\Local\Microsoft\WindowsApps;;.]
30-Jul-2023 22:04:21.215 INFO [main] org.apache.coyote.AbstractProtocol.init Initializing ProtocolHandler ["http-nio-8080"]
30-Jul-2023 22:04:21.253 INFO [main] org.apache.catalina.startup.Catalina.load Server initialization in [880] milliseconds
30-Jul-2023 22:04:21.335 INFO [main] org.apache.catalina.core.StandardService.startInternal Starting service [Catalina]
30-Jul-2023 22:04:21.335 INFO [main] org.apache.catalina.core.StandardEngine.startInternal Starting Servlet engine: [Apache Tomcat/10.1.7]
30-Jul-2023 22:04:21.360 INFO [main] org.apache.catalina.startup.HostConfig.deployDescriptor Deploying deployment descriptor [D:\Projetos\NetBeans\SA_Locadora\apache-tomcat-10.1.7\conf\Catalina\localhost\SA_Locadora.xml]
30-Jul-2023 22:04:21.394 WARNING [main] org.apache.catalina.startup.HostConfig.deployDescriptor The path attribute with value [/SA_Locadora] in deployment descriptor [D:\Projetos\NetBeans\SA_Locadora\apache-tomcat-10.1.7\conf\Catalina\localhost\SA_Locadora.xml] has been ignored
30-Jul-2023 22:04:22.887 INFO [main] org.apache.jasper.servlet.TldScanner.scanJars At least one JAR was scanned for TLDs yet contained no TLDs. Enable debug logging for this logger for a complete list of JARs that were scanned but no TLDs were found in them. Skipping unneeded JARs during scanning can improve startup time and JSP compilation time.
30-Jul-2023 22:04:22.999 INFO [main] org.apache.catalina.startup.HostConfig.deployDescriptor Deployment of deployment descriptor [D:\Projetos\NetBeans\SA_Locadora\apache-tomcat-10.1.7\conf\Catalina\localhost\SA_Locadora.xml] has finished in [1.636] ms
30-Jul-2023 22:04:23.001 INFO [main] org.apache.catalina.startup.HostConfig.deployDirectory Diretório de instalação da aplicação web [D:\Projetos\NetBeans\SA_Locadora\apache-tomcat-10.1.7\webapps\docs]
30-Jul-2023 22:04:23.085 INFO [main] org.apache.catalina.startup.HostConfig.deployDirectory Deployment of web application directory [D:\Projetos\NetBeans\SA_Locadora\apache-tomcat-10.1.7\webapps\docs] has finished in [85] ms
30-Jul-2023 22:04:23.086 INFO [main] org.apache.catalina.startup.HostConfig.deployDirectory Diretório de instalação da aplicação web [D:\Projetos\NetBeans\SA_Locadora\apache-tomcat-10.1.7\webapps\examples]
30-Jul-2023 22:04:24.179 INFO [main] org.apache.catalina.startup.HostConfig.deployDirectory Deployment of web application directory [D:\Projetos\NetBeans\SA_Locadora\apache-tomcat-10.1.7\webapps\examples] has finished in [1.094] ms
30-Jul-2023 22:04:24.179 INFO [main] org.apache.catalina.startup.HostConfig.deployDirectory Diretório de instalação da aplicação web [D:\Projetos\NetBeans\SA_Locadora\apache-tomcat-10.1.7\webapps\host-manager]
30-Jul-2023 22:04:24.273 INFO [main] org.apache.catalina.startup.HostConfig.deployDirectory Deployment of web application directory [D:\Projetos\NetBeans\SA_Locadora\apache-tomcat-10.1.7\webapps\host-manager] has finished in [94] ms
30-Jul-2023 22:04:24.273 INFO [main] org.apache.catalina.startup.HostConfig.deployDirectory Diretório de instalação da aplicação web [D:\Projetos\NetBeans\SA_Locadora\apache-tomcat-10.1.7\webapps\manager]
30-Jul-2023 22:04:24.407 INFO [main] org.apache.catalina.startup.HostConfig.deployDirectory Deployment of web application directory [D:\Projetos\NetBeans\SA_Locadora\apache-tomcat-10.1.7\webapps\manager] has finished in [134] ms
30-Jul-2023 22:04:24.407 INFO [main] org.apache.catalina.startup.HostConfig.deployDirectory Diretório de instalação da aplicação web [D:\Projetos\NetBeans\SA_Locadora\apache-tomcat-10.1.7\webapps\ROOT]
30-Jul-2023 22:04:24.464 INFO [main] org.apache.catalina.startup.HostConfig.deployDirectory Deployment of web application directory [D:\Projetos\NetBeans\SA_Locadora\apache-tomcat-10.1.7\webapps\ROOT] has finished in [57] ms
30-Jul-2023 22:04:24.468 INFO [main] org.apache.coyote.AbstractProtocol.start Starting ProtocolHandler ["http-nio-8080"]
30-Jul-2023 22:04:24.526 INFO [main] org.apache.catalina.startup.Catalina.start Server startup in [3271] milliseconds
30-Jul-2023 22:25:52.104 INFO [main] org.apache.catalina.core.StandardServer.await A valid shutdown command was received via the shutdown port. Stopping the Server instance.
30-Jul-2023 22:25:52.105 INFO [main] org.apache.coyote.AbstractProtocol.pause Pausing ProtocolHandler ["http-nio-8080"]
30-Jul-2023 22:25:52.115 INFO [main] org.apache.catalina.core.StandardService.stopInternal Stopping service [Catalina]
30-Jul-2023 22:25:52.145 INFO [main] org.apache.coyote.AbstractProtocol.stop Stopping ProtocolHandler ["http-nio-8080"]
30-Jul-2023 22:25:52.154 INFO [main] org.apache.coyote.AbstractProtocol.destroy Destroying ProtocolHandler ["http-nio-8080"]
30-Jul-2023 22:25:55.428 INFO [main] org.apache.catalina.startup.VersionLoggerListener.log Server version name:   Apache Tomcat/10.1.7
30-Jul-2023 22:25:55.433 INFO [main] org.apache.catalina.startup.VersionLoggerListener.log Server built:          Feb 27 2023 20:25:27 UTC
30-Jul-2023 22:25:55.434 INFO [main] org.apache.catalina.startup.VersionLoggerListener.log Server version number: 10.1.7.0
30-Jul-2023 22:25:55.434 INFO [main] org.apache.catalina.startup.VersionLoggerListener.log OS Name:               Windows 10
30-Jul-2023 22:25:55.434 INFO [main] org.apache.catalina.startup.VersionLoggerListener.log OS Version:            10.0
30-Jul-2023 22:25:55.434 INFO [main] org.apache.catalina.startup.VersionLoggerListener.log Architecture:          amd64
30-Jul-2023 22:25:55.434 INFO [main] org.apache.catalina.startup.VersionLoggerListener.log Java Home:             D:\Program Files\Java\jdk-19
30-Jul-2023 22:25:55.434 INFO [main] org.apache.catalina.startup.VersionLoggerListener.log JVM Version:           19.0.2+7-44
30-Jul-2023 22:25:55.434 INFO [main] org.apache.catalina.startup.VersionLoggerListener.log JVM Vendor:            Oracle Corporation
30-Jul-2023 22:25:55.435 INFO [main] org.apache.catalina.startup.VersionLoggerListener.log CATALINA_BASE:         D:\Projetos\NetBeans\SA_Locadora\apache-tomcat-10.1.7
30-Jul-2023 22:25:55.435 INFO [main] org.apache.catalina.startup.VersionLoggerListener.log CATALINA_HOME:         D:\Projetos\NetBeans\SA_Locadora\apache-tomcat-10.1.7
30-Jul-2023 22:25:55.451 INFO [main] org.apache.catalina.startup.VersionLoggerListener.log Command line argument: -Djava.util.logging.config.file=D:\Projetos\NetBeans\SA_Locadora\apache-tomcat-10.1.7\conf\logging.properties
30-Jul-2023 22:25:55.451 INFO [main] org.apache.catalina.startup.VersionLoggerListener.log Command line argument: -Djava.util.logging.manager=org.apache.juli.ClassLoaderLogManager
30-Jul-2023 22:25:55.452 INFO [main] org.apache.catalina.startup.VersionLoggerListener.log Command line argument: -Dhttp.nonProxyHosts=localhost|127.0.0.1|DESKTOP-GNPTJLR
30-Jul-2023 22:25:55.452 INFO [main] org.apache.catalina.startup.VersionLoggerListener.log Command line argument: -Djdk.tls.ephemeralDHKeySize=2048
30-Jul-2023 22:25:55.452 INFO [main] org.apache.catalina.startup.VersionLoggerListener.log Command line argument: -Djava.protocol.handler.pkgs=org.apache.catalina.webresources
30-Jul-2023 22:25:55.452 INFO [main] org.apache.catalina.startup.VersionLoggerListener.log Command line argument: --add-opens=java.base/java.lang=ALL-UNNAMED
30-Jul-2023 22:25:55.452 INFO [main] org.apache.catalina.startup.VersionLoggerListener.log Command line argument: --add-opens=java.base/java.io=ALL-UNNAMED
30-Jul-2023 22:25:55.452 INFO [main] org.apache.catalina.startup.VersionLoggerListener.log Command line argument: --add-opens=java.base/java.util=ALL-UNNAMED
30-Jul-2023 22:25:55.452 INFO [main] org.apache.catalina.startup.VersionLoggerListener.log Command line argument: --add-opens=java.base/java.util.concurrent=ALL-UNNAMED
30-Jul-2023 22:25:55.453 INFO [main] org.apache.catalina.startup.VersionLoggerListener.log Command line argument: --add-opens=java.rmi/sun.rmi.transport=ALL-UNNAMED
30-Jul-2023 22:25:55.453 INFO [main] org.apache.catalina.startup.VersionLoggerListener.log Command line argument: -Dcatalina.base=D:\Projetos\NetBeans\SA_Locadora\apache-tomcat-10.1.7
30-Jul-2023 22:25:55.453 INFO [main] org.apache.catalina.startup.VersionLoggerListener.log Command line argument: -Dcatalina.home=D:\Projetos\NetBeans\SA_Locadora\apache-tomcat-10.1.7
30-Jul-2023 22:25:55.453 INFO [main] org.apache.catalina.startup.VersionLoggerListener.log Command line argument: -Djava.io.tmpdir=D:\Projetos\NetBeans\SA_Locadora\apache-tomcat-10.1.7\temp
30-Jul-2023 22:25:55.464 INFO [main] org.apache.catalina.core.AprLifecycleListener.lifecycleEvent The Apache Tomcat Native library which allows using OpenSSL was not found on the java.library.path: [D:\Program Files\Java\jdk-19\bin;C:\WINDOWS\Sun\Java\bin;C:\WINDOWS\system32;C:\WINDOWS;C:\Program Files\Common Files\Oracle\Java\javapath;C:\Program Files (x86)\Common Files\Oracle\Java\javapath;C:\WINDOWS\system32;C:\WINDOWS;C:\WINDOWS\System32\Wbem;C:\WINDOWS\System32\WindowsPowerShell\v1.0\;C:\WINDOWS\System32\OpenSSH\;C:\Program Files\dotnet\;C:\Program Files\MySQL\MySQL Shell 8.0\bin\;C:\Users\Gabriel\AppData\Local\Microsoft\WindowsApps;;.]
30-Jul-2023 22:25:55.877 INFO [main] org.apache.coyote.AbstractProtocol.init Initializing ProtocolHandler ["http-nio-8080"]
30-Jul-2023 22:25:55.910 INFO [main] org.apache.catalina.startup.Catalina.load Server initialization in [743] milliseconds
30-Jul-2023 22:25:55.975 INFO [main] org.apache.catalina.core.StandardService.startInternal Starting service [Catalina]
30-Jul-2023 22:25:55.975 INFO [main] org.apache.catalina.core.StandardEngine.startInternal Starting Servlet engine: [Apache Tomcat/10.1.7]
30-Jul-2023 22:25:55.992 INFO [main] org.apache.catalina.startup.HostConfig.deployDescriptor Deploying deployment descriptor [D:\Projetos\NetBeans\SA_Locadora\apache-tomcat-10.1.7\conf\Catalina\localhost\SA_Locadora.xml]
30-Jul-2023 22:25:56.017 WARNING [main] org.apache.catalina.startup.HostConfig.deployDescriptor The path attribute with value [/SA_Locadora] in deployment descriptor [D:\Projetos\NetBeans\SA_Locadora\apache-tomcat-10.1.7\conf\Catalina\localhost\SA_Locadora.xml] has been ignored
30-Jul-2023 22:25:57.384 INFO [main] org.apache.jasper.servlet.TldScanner.scanJars At least one JAR was scanned for TLDs yet contained no TLDs. Enable debug logging for this logger for a complete list of JARs that were scanned but no TLDs were found in them. Skipping unneeded JARs during scanning can improve startup time and JSP compilation time.
30-Jul-2023 22:25:57.481 INFO [main] org.apache.catalina.startup.HostConfig.deployDescriptor Deployment of deployment descriptor [D:\Projetos\NetBeans\SA_Locadora\apache-tomcat-10.1.7\conf\Catalina\localhost\SA_Locadora.xml] has finished in [1.486] ms
30-Jul-2023 22:25:57.483 INFO [main] org.apache.catalina.startup.HostConfig.deployDirectory Diretório de instalação da aplicação web [D:\Projetos\NetBeans\SA_Locadora\apache-tomcat-10.1.7\webapps\docs]
30-Jul-2023 22:25:57.553 INFO [main] org.apache.catalina.startup.HostConfig.deployDirectory Deployment of web application directory [D:\Projetos\NetBeans\SA_Locadora\apache-tomcat-10.1.7\webapps\docs] has finished in [70] ms
30-Jul-2023 22:25:57.553 INFO [main] org.apache.catalina.startup.HostConfig.deployDirectory Diretório de instalação da aplicação web [D:\Projetos\NetBeans\SA_Locadora\apache-tomcat-10.1.7\webapps\examples]
30-Jul-2023 22:25:58.527 INFO [main] org.apache.catalina.startup.HostConfig.deployDirectory Deployment of web application directory [D:\Projetos\NetBeans\SA_Locadora\apache-tomcat-10.1.7\webapps\examples] has finished in [974] ms
30-Jul-2023 22:25:58.528 INFO [main] org.apache.catalina.startup.HostConfig.deployDirectory Diretório de instalação da aplicação web [D:\Projetos\NetBeans\SA_Locadora\apache-tomcat-10.1.7\webapps\host-manager]
30-Jul-2023 22:25:58.631 INFO [main] org.apache.catalina.startup.HostConfig.deployDirectory Deployment of web application directory [D:\Projetos\NetBeans\SA_Locadora\apache-tomcat-10.1.7\webapps\host-manager] has finished in [103] ms
30-Jul-2023 22:25:58.631 INFO [main] org.apache.catalina.startup.HostConfig.deployDirectory Diretório de instalação da aplicação web [D:\Projetos\NetBeans\SA_Locadora\apache-tomcat-10.1.7\webapps\manager]
30-Jul-2023 22:25:58.735 INFO [main] org.apache.catalina.startup.HostConfig.deployDirectory Deployment of web application directory [D:\Projetos\NetBeans\SA_Locadora\apache-tomcat-10.1.7\webapps\manager] has finished in [104] ms
30-Jul-2023 22:25:58.735 INFO [main] org.apache.catalina.startup.HostConfig.deployDirectory Diretório de instalação da aplicação web [D:\Projetos\NetBeans\SA_Locadora\apache-tomcat-10.1.7\webapps\ROOT]
30-Jul-2023 22:25:58.793 INFO [main] org.apache.catalina.startup.HostConfig.deployDirectory Deployment of web application directory [D:\Projetos\NetBeans\SA_Locadora\apache-tomcat-10.1.7\webapps\ROOT] has finished in [58] ms
30-Jul-2023 22:25:58.798 INFO [main] org.apache.coyote.AbstractProtocol.start Starting ProtocolHandler ["http-nio-8080"]
30-Jul-2023 22:25:58.849 INFO [main] org.apache.catalina.startup.Catalina.start Server startup in [2937] milliseconds
30-Jul-2023 22:39:01.989 INFO [http-nio-8080-exec-4] org.apache.catalina.core.StandardContext.reload Reloading Context with name [/SA_Locadora] has started
30-Jul-2023 22:39:01.999 WARNING [http-nio-8080-exec-4] org.apache.catalina.loader.WebappClassLoaderBase.clearReferencesJdbc The web application [SA_Locadora] registered the JDBC driver [com.mysql.cj.jdbc.Driver] but failed to unregister it when the web application was stopped. To prevent a memory leak, the JDBC Driver has been forcibly unregistered.
30-Jul-2023 22:39:02.001 WARNING [http-nio-8080-exec-4] org.apache.catalina.loader.WebappClassLoaderBase.clearReferencesThreads The web application [SA_Locadora] appears to have started a thread named [mysql-cj-abandoned-connection-cleanup] but has failed to stop it. This is very likely to create a memory leak. Stack trace of thread:
 java.base/jdk.internal.misc.Unsafe.park(Native Method)
 java.base/java.util.concurrent.locks.LockSupport.parkNanos(LockSupport.java:269)
 java.base/java.util.concurrent.locks.AbstractQueuedSynchronizer$ConditionObject.await(AbstractQueuedSynchronizer.java:1759)
 java.base/java.lang.ref.ReferenceQueue.await(ReferenceQueue.java:71)
 java.base/java.lang.ref.ReferenceQueue.remove0(ReferenceQueue.java:143)
 java.base/java.lang.ref.ReferenceQueue.remove(ReferenceQueue.java:218)
 com.mysql.cj.jdbc.AbandonedConnectionCleanupThread.run(AbandonedConnectionCleanupThread.java:91)
 java.base/java.util.concurrent.ThreadPoolExecutor.runWorker(ThreadPoolExecutor.java:1144)
 java.base/java.util.concurrent.ThreadPoolExecutor$Worker.run(ThreadPoolExecutor.java:642)
 java.base/java.lang.Thread.run(Thread.java:1589)
30-Jul-2023 22:39:03.142 INFO [http-nio-8080-exec-4] org.apache.jasper.servlet.TldScanner.scanJars At least one JAR was scanned for TLDs yet contained no TLDs. Enable debug logging for this logger for a complete list of JARs that were scanned but no TLDs were found in them. Skipping unneeded JARs during scanning can improve startup time and JSP compilation time.
30-Jul-2023 22:39:03.146 INFO [http-nio-8080-exec-4] org.apache.catalina.core.StandardContext.reload Reloading Context with name [/SA_Locadora] is completed
30-Jul-2023 22:39:05.980 INFO [mysql-cj-abandoned-connection-cleanup] org.apache.catalina.loader.WebappClassLoaderBase.checkStateForResourceLoading Illegal access: this web application instance has been stopped already. Could not load []. The following stack trace is thrown for debugging purposes as well as to attempt to terminate the thread which caused the illegal access.
	java.lang.IllegalStateException: Illegal access: this web application instance has been stopped already. Could not load []. The following stack trace is thrown for debugging purposes as well as to attempt to terminate the thread which caused the illegal access.
		at org.apache.catalina.loader.WebappClassLoaderBase.checkStateForResourceLoading(WebappClassLoaderBase.java:1457)
		at org.apache.catalina.loader.WebappClassLoaderBase.getResource(WebappClassLoaderBase.java:1047)
		at com.mysql.cj.jdbc.AbandonedConnectionCleanupThread.checkThreadContextClassLoader(AbandonedConnectionCleanupThread.java:123)
		at com.mysql.cj.jdbc.AbandonedConnectionCleanupThread.run(AbandonedConnectionCleanupThread.java:90)
		at java.base/java.util.concurrent.ThreadPoolExecutor.runWorker(ThreadPoolExecutor.java:1144)
		at java.base/java.util.concurrent.ThreadPoolExecutor$Worker.run(ThreadPoolExecutor.java:642)
		at java.base/java.lang.Thread.run(Thread.java:1589)
30-Jul-2023 22:39:53.424 INFO [http-nio-8080-exec-2] org.apache.catalina.core.StandardContext.reload Reloading Context with name [/SA_Locadora] has started
30-Jul-2023 22:39:54.522 INFO [http-nio-8080-exec-2] org.apache.jasper.servlet.TldScanner.scanJars At least one JAR was scanned for TLDs yet contained no TLDs. Enable debug logging for this logger for a complete list of JARs that were scanned but no TLDs were found in them. Skipping unneeded JARs during scanning can improve startup time and JSP compilation time.
30-Jul-2023 22:39:54.529 INFO [http-nio-8080-exec-2] org.apache.catalina.core.StandardContext.reload Reloading Context with name [/SA_Locadora] is completed
30-Jul-2023 22:40:04.303 INFO [http-nio-8080-exec-7] org.apache.catalina.core.StandardContext.reload Reloading Context with name [/SA_Locadora] has started
30-Jul-2023 22:40:05.333 INFO [http-nio-8080-exec-7] org.apache.jasper.servlet.TldScanner.scanJars At least one JAR was scanned for TLDs yet contained no TLDs. Enable debug logging for this logger for a complete list of JARs that were scanned but no TLDs were found in them. Skipping unneeded JARs during scanning can improve startup time and JSP compilation time.
30-Jul-2023 22:40:05.338 INFO [http-nio-8080-exec-7] org.apache.catalina.core.StandardContext.reload Reloading Context with name [/SA_Locadora] is completed
30-Jul-2023 22:44:27.124 INFO [http-nio-8080-exec-17] org.apache.catalina.core.StandardContext.reload Reloading Context with name [/SA_Locadora] has started
30-Jul-2023 22:44:28.124 INFO [http-nio-8080-exec-17] org.apache.jasper.servlet.TldScanner.scanJars At least one JAR was scanned for TLDs yet contained no TLDs. Enable debug logging for this logger for a complete list of JARs that were scanned but no TLDs were found in them. Skipping unneeded JARs during scanning can improve startup time and JSP compilation time.
30-Jul-2023 22:44:28.128 INFO [http-nio-8080-exec-17] org.apache.catalina.core.StandardContext.reload Reloading Context with name [/SA_Locadora] is completed
30-Jul-2023 22:53:19.004 INFO [main] org.apache.catalina.core.StandardServer.await A valid shutdown command was received via the shutdown port. Stopping the Server instance.
30-Jul-2023 22:53:19.004 INFO [main] org.apache.coyote.AbstractProtocol.pause Pausing ProtocolHandler ["http-nio-8080"]
30-Jul-2023 22:53:19.022 INFO [main] org.apache.catalina.core.StandardService.stopInternal Stopping service [Catalina]
30-Jul-2023 22:53:19.044 INFO [main] org.apache.coyote.AbstractProtocol.stop Stopping ProtocolHandler ["http-nio-8080"]
30-Jul-2023 22:53:19.060 INFO [main] org.apache.coyote.AbstractProtocol.destroy Destroying ProtocolHandler ["http-nio-8080"]
30-Jul-2023 22:53:20.272 INFO [main] org.apache.catalina.startup.VersionLoggerListener.log Server version name:   Apache Tomcat/10.1.7
30-Jul-2023 22:53:20.276 INFO [main] org.apache.catalina.startup.VersionLoggerListener.log Server built:          Feb 27 2023 20:25:27 UTC
30-Jul-2023 22:53:20.276 INFO [main] org.apache.catalina.startup.VersionLoggerListener.log Server version number: 10.1.7.0
30-Jul-2023 22:53:20.277 INFO [main] org.apache.catalina.startup.VersionLoggerListener.log OS Name:               Windows 10
30-Jul-2023 22:53:20.277 INFO [main] org.apache.catalina.startup.VersionLoggerListener.log OS Version:            10.0
30-Jul-2023 22:53:20.277 INFO [main] org.apache.catalina.startup.VersionLoggerListener.log Architecture:          amd64
30-Jul-2023 22:53:20.277 INFO [main] org.apache.catalina.startup.VersionLoggerListener.log Java Home:             D:\Program Files\Java\jdk-19
30-Jul-2023 22:53:20.277 INFO [main] org.apache.catalina.startup.VersionLoggerListener.log JVM Version:           19.0.2+7-44
30-Jul-2023 22:53:20.277 INFO [main] org.apache.catalina.startup.VersionLoggerListener.log JVM Vendor:            Oracle Corporation
30-Jul-2023 22:53:20.277 INFO [main] org.apache.catalina.startup.VersionLoggerListener.log CATALINA_BASE:         D:\Projetos\NetBeans\SA_Locadora\apache-tomcat-10.1.7
30-Jul-2023 22:53:20.278 INFO [main] org.apache.catalina.startup.VersionLoggerListener.log CATALINA_HOME:         D:\Projetos\NetBeans\SA_Locadora\apache-tomcat-10.1.7
30-Jul-2023 22:53:20.292 INFO [main] org.apache.catalina.startup.VersionLoggerListener.log Command line argument: -Djava.util.logging.config.file=D:\Projetos\NetBeans\SA_Locadora\apache-tomcat-10.1.7\conf\logging.properties
30-Jul-2023 22:53:20.292 INFO [main] org.apache.catalina.startup.VersionLoggerListener.log Command line argument: -Djava.util.logging.manager=org.apache.juli.ClassLoaderLogManager
30-Jul-2023 22:53:20.293 INFO [main] org.apache.catalina.startup.VersionLoggerListener.log Command line argument: -Dhttp.nonProxyHosts=localhost|127.0.0.1|DESKTOP-GNPTJLR
30-Jul-2023 22:53:20.293 INFO [main] org.apache.catalina.startup.VersionLoggerListener.log Command line argument: -Djdk.tls.ephemeralDHKeySize=2048
30-Jul-2023 22:53:20.293 INFO [main] org.apache.catalina.startup.VersionLoggerListener.log Command line argument: -Djava.protocol.handler.pkgs=org.apache.catalina.webresources
30-Jul-2023 22:53:20.293 INFO [main] org.apache.catalina.startup.VersionLoggerListener.log Command line argument: --add-opens=java.base/java.lang=ALL-UNNAMED
30-Jul-2023 22:53:20.293 INFO [main] org.apache.catalina.startup.VersionLoggerListener.log Command line argument: --add-opens=java.base/java.io=ALL-UNNAMED
30-Jul-2023 22:53:20.293 INFO [main] org.apache.catalina.startup.VersionLoggerListener.log Command line argument: --add-opens=java.base/java.util=ALL-UNNAMED
30-Jul-2023 22:53:20.293 INFO [main] org.apache.catalina.startup.VersionLoggerListener.log Command line argument: --add-opens=java.base/java.util.concurrent=ALL-UNNAMED
30-Jul-2023 22:53:20.293 INFO [main] org.apache.catalina.startup.VersionLoggerListener.log Command line argument: --add-opens=java.rmi/sun.rmi.transport=ALL-UNNAMED
30-Jul-2023 22:53:20.293 INFO [main] org.apache.catalina.startup.VersionLoggerListener.log Command line argument: -Dcatalina.base=D:\Projetos\NetBeans\SA_Locadora\apache-tomcat-10.1.7
30-Jul-2023 22:53:20.293 INFO [main] org.apache.catalina.startup.VersionLoggerListener.log Command line argument: -Dcatalina.home=D:\Projetos\NetBeans\SA_Locadora\apache-tomcat-10.1.7
30-Jul-2023 22:53:20.293 INFO [main] org.apache.catalina.startup.VersionLoggerListener.log Command line argument: -Djava.io.tmpdir=D:\Projetos\NetBeans\SA_Locadora\apache-tomcat-10.1.7\temp
30-Jul-2023 22:53:20.303 INFO [main] org.apache.catalina.core.AprLifecycleListener.lifecycleEvent The Apache Tomcat Native library which allows using OpenSSL was not found on the java.library.path: [D:\Program Files\Java\jdk-19\bin;C:\WINDOWS\Sun\Java\bin;C:\WINDOWS\system32;C:\WINDOWS;C:\Program Files\Common Files\Oracle\Java\javapath;C:\Program Files (x86)\Common Files\Oracle\Java\javapath;C:\WINDOWS\system32;C:\WINDOWS;C:\WINDOWS\System32\Wbem;C:\WINDOWS\System32\WindowsPowerShell\v1.0\;C:\WINDOWS\System32\OpenSSH\;C:\Program Files\dotnet\;C:\Program Files\MySQL\MySQL Shell 8.0\bin\;C:\Users\Gabriel\AppData\Local\Microsoft\WindowsApps;;.]
30-Jul-2023 22:53:20.728 INFO [main] org.apache.coyote.AbstractProtocol.init Initializing ProtocolHandler ["http-nio-8080"]
30-Jul-2023 22:53:20.758 INFO [main] org.apache.catalina.startup.Catalina.load Server initialization in [720] milliseconds
30-Jul-2023 22:53:20.820 INFO [main] org.apache.catalina.core.StandardService.startInternal Starting service [Catalina]
30-Jul-2023 22:53:20.820 INFO [main] org.apache.catalina.core.StandardEngine.startInternal Starting Servlet engine: [Apache Tomcat/10.1.7]
30-Jul-2023 22:53:20.838 INFO [main] org.apache.catalina.startup.HostConfig.deployDescriptor Deploying deployment descriptor [D:\Projetos\NetBeans\SA_Locadora\apache-tomcat-10.1.7\conf\Catalina\localhost\SA_Locadora.xml]
30-Jul-2023 22:53:20.862 WARNING [main] org.apache.catalina.startup.HostConfig.deployDescriptor The path attribute with value [/SA_Locadora] in deployment descriptor [D:\Projetos\NetBeans\SA_Locadora\apache-tomcat-10.1.7\conf\Catalina\localhost\SA_Locadora.xml] has been ignored
30-Jul-2023 22:53:22.272 INFO [main] org.apache.jasper.servlet.TldScanner.scanJars At least one JAR was scanned for TLDs yet contained no TLDs. Enable debug logging for this logger for a complete list of JARs that were scanned but no TLDs were found in them. Skipping unneeded JARs during scanning can improve startup time and JSP compilation time.
30-Jul-2023 22:53:22.367 INFO [main] org.apache.catalina.startup.HostConfig.deployDescriptor Deployment of deployment descriptor [D:\Projetos\NetBeans\SA_Locadora\apache-tomcat-10.1.7\conf\Catalina\localhost\SA_Locadora.xml] has finished in [1.526] ms
30-Jul-2023 22:53:22.369 INFO [main] org.apache.catalina.startup.HostConfig.deployDirectory Diretório de instalação da aplicação web [D:\Projetos\NetBeans\SA_Locadora\apache-tomcat-10.1.7\webapps\docs]
30-Jul-2023 22:53:22.438 INFO [main] org.apache.catalina.startup.HostConfig.deployDirectory Deployment of web application directory [D:\Projetos\NetBeans\SA_Locadora\apache-tomcat-10.1.7\webapps\docs] has finished in [70] ms
30-Jul-2023 22:53:22.438 INFO [main] org.apache.catalina.startup.HostConfig.deployDirectory Diretório de instalação da aplicação web [D:\Projetos\NetBeans\SA_Locadora\apache-tomcat-10.1.7\webapps\examples]
30-Jul-2023 22:53:23.433 INFO [main] org.apache.catalina.startup.HostConfig.deployDirectory Deployment of web application directory [D:\Projetos\NetBeans\SA_Locadora\apache-tomcat-10.1.7\webapps\examples] has finished in [995] ms
30-Jul-2023 22:53:23.434 INFO [main] org.apache.catalina.startup.HostConfig.deployDirectory Diretório de instalação da aplicação web [D:\Projetos\NetBeans\SA_Locadora\apache-tomcat-10.1.7\webapps\host-manager]
30-Jul-2023 22:53:23.527 INFO [main] org.apache.catalina.startup.HostConfig.deployDirectory Deployment of web application directory [D:\Projetos\NetBeans\SA_Locadora\apache-tomcat-10.1.7\webapps\host-manager] has finished in [93] ms
30-Jul-2023 22:53:23.528 INFO [main] org.apache.catalina.startup.HostConfig.deployDirectory Diretório de instalação da aplicação web [D:\Projetos\NetBeans\SA_Locadora\apache-tomcat-10.1.7\webapps\manager]
30-Jul-2023 22:53:23.627 INFO [main] org.apache.catalina.startup.HostConfig.deployDirectory Deployment of web application directory [D:\Projetos\NetBeans\SA_Locadora\apache-tomcat-10.1.7\webapps\manager] has finished in [99] ms
30-Jul-2023 22:53:23.627 INFO [main] org.apache.catalina.startup.HostConfig.deployDirectory Diretório de instalação da aplicação web [D:\Projetos\NetBeans\SA_Locadora\apache-tomcat-10.1.7\webapps\ROOT]
30-Jul-2023 22:53:23.681 INFO [main] org.apache.catalina.startup.HostConfig.deployDirectory Deployment of web application directory [D:\Projetos\NetBeans\SA_Locadora\apache-tomcat-10.1.7\webapps\ROOT] has finished in [54] ms
30-Jul-2023 22:53:23.685 INFO [main] org.apache.coyote.AbstractProtocol.start Starting ProtocolHandler ["http-nio-8080"]
30-Jul-2023 22:53:23.736 INFO [main] org.apache.catalina.startup.Catalina.start Server startup in [2976] milliseconds
30-Jul-2023 22:53:23.898 INFO [http-nio-8080-exec-7] org.apache.catalina.core.StandardContext.reload Reloading Context with name [/SA_Locadora] has started
30-Jul-2023 22:53:24.952 INFO [http-nio-8080-exec-7] org.apache.jasper.servlet.TldScanner.scanJars At least one JAR was scanned for TLDs yet contained no TLDs. Enable debug logging for this logger for a complete list of JARs that were scanned but no TLDs were found in them. Skipping unneeded JARs during scanning can improve startup time and JSP compilation time.
30-Jul-2023 22:53:24.958 INFO [http-nio-8080-exec-7] org.apache.catalina.core.StandardContext.reload Reloading Context with name [/SA_Locadora] is completed
30-Jul-2023 22:56:38.833 INFO [main] org.apache.catalina.core.StandardServer.await A valid shutdown command was received via the shutdown port. Stopping the Server instance.
30-Jul-2023 22:56:38.833 INFO [main] org.apache.coyote.AbstractProtocol.pause Pausing ProtocolHandler ["http-nio-8080"]
30-Jul-2023 22:56:38.842 INFO [main] org.apache.catalina.core.StandardService.stopInternal Stopping service [Catalina]
30-Jul-2023 22:56:38.864 INFO [main] org.apache.coyote.AbstractProtocol.stop Stopping ProtocolHandler ["http-nio-8080"]
30-Jul-2023 22:56:38.868 INFO [main] org.apache.coyote.AbstractProtocol.destroy Destroying ProtocolHandler ["http-nio-8080"]
