17-Aug-2023 07:31:25.995 INFO [main] org.apache.catalina.startup.VersionLoggerListener.log Server version name:   Apache Tomcat/10.1.7
17-Aug-2023 07:31:25.999 INFO [main] org.apache.catalina.startup.VersionLoggerListener.log Server built:          Feb 27 2023 20:25:27 UTC
17-Aug-2023 07:31:26.000 INFO [main] org.apache.catalina.startup.VersionLoggerListener.log Server version number: 10.1.7.0
17-Aug-2023 07:31:26.000 INFO [main] org.apache.catalina.startup.VersionLoggerListener.log OS Name:               Windows 10
17-Aug-2023 07:31:26.000 INFO [main] org.apache.catalina.startup.VersionLoggerListener.log OS Version:            10.0
17-Aug-2023 07:31:26.000 INFO [main] org.apache.catalina.startup.VersionLoggerListener.log Architecture:          amd64
17-Aug-2023 07:31:26.000 INFO [main] org.apache.catalina.startup.VersionLoggerListener.log Java Home:             C:\Program Files\Java\jdk-17.0.2
17-Aug-2023 07:31:26.000 INFO [main] org.apache.catalina.startup.VersionLoggerListener.log JVM Version:           17.0.2+8-LTS-86
17-Aug-2023 07:31:26.000 INFO [main] org.apache.catalina.startup.VersionLoggerListener.log JVM Vendor:            Oracle Corporation
17-Aug-2023 07:31:26.000 INFO [main] org.apache.catalina.startup.VersionLoggerListener.log CATALINA_BASE:         C:\Users\gabriel_souza20\Documents\NetBeansProjects\SA_Locadora\apache-tomcat-10.1.7
17-Aug-2023 07:31:26.000 INFO [main] org.apache.catalina.startup.VersionLoggerListener.log CATALINA_HOME:         C:\Users\gabriel_souza20\Documents\NetBeansProjects\SA_Locadora\apache-tomcat-10.1.7
17-Aug-2023 07:31:26.008 INFO [main] org.apache.catalina.startup.VersionLoggerListener.log Command line argument: -Djava.util.logging.config.file=C:\Users\gabriel_souza20\Documents\NetBeansProjects\SA_Locadora\apache-tomcat-10.1.7\conf\logging.properties
17-Aug-2023 07:31:26.008 INFO [main] org.apache.catalina.startup.VersionLoggerListener.log Command line argument: -Djava.util.logging.manager=org.apache.juli.ClassLoaderLogManager
17-Aug-2023 07:31:26.009 INFO [main] org.apache.catalina.startup.VersionLoggerListener.log Command line argument: -Dhttp.nonProxyHosts=localhost|127.0.0.1|SN-344668
17-Aug-2023 07:31:26.009 INFO [main] org.apache.catalina.startup.VersionLoggerListener.log Command line argument: -Djdk.tls.ephemeralDHKeySize=2048
17-Aug-2023 07:31:26.009 INFO [main] org.apache.catalina.startup.VersionLoggerListener.log Command line argument: -Djava.protocol.handler.pkgs=org.apache.catalina.webresources
17-Aug-2023 07:31:26.009 INFO [main] org.apache.catalina.startup.VersionLoggerListener.log Command line argument: --add-opens=java.base/java.lang=ALL-UNNAMED
17-Aug-2023 07:31:26.009 INFO [main] org.apache.catalina.startup.VersionLoggerListener.log Command line argument: --add-opens=java.base/java.io=ALL-UNNAMED
17-Aug-2023 07:31:26.009 INFO [main] org.apache.catalina.startup.VersionLoggerListener.log Command line argument: --add-opens=java.base/java.util=ALL-UNNAMED
17-Aug-2023 07:31:26.009 INFO [main] org.apache.catalina.startup.VersionLoggerListener.log Command line argument: --add-opens=java.base/java.util.concurrent=ALL-UNNAMED
17-Aug-2023 07:31:26.009 INFO [main] org.apache.catalina.startup.VersionLoggerListener.log Command line argument: --add-opens=java.rmi/sun.rmi.transport=ALL-UNNAMED
17-Aug-2023 07:31:26.009 INFO [main] org.apache.catalina.startup.VersionLoggerListener.log Command line argument: -Dcatalina.base=C:\Users\gabriel_souza20\Documents\NetBeansProjects\SA_Locadora\apache-tomcat-10.1.7
17-Aug-2023 07:31:26.009 INFO [main] org.apache.catalina.startup.VersionLoggerListener.log Command line argument: -Dcatalina.home=C:\Users\gabriel_souza20\Documents\NetBeansProjects\SA_Locadora\apache-tomcat-10.1.7
17-Aug-2023 07:31:26.009 INFO [main] org.apache.catalina.startup.VersionLoggerListener.log Command line argument: -Djava.io.tmpdir=C:\Users\gabriel_souza20\Documents\NetBeansProjects\SA_Locadora\apache-tomcat-10.1.7\temp
17-Aug-2023 07:31:26.016 INFO [main] org.apache.catalina.core.AprLifecycleListener.lifecycleEvent The Apache Tomcat Native library which allows using OpenSSL was not found on the java.library.path: [C:\Program Files\Java\jdk-17.0.2\bin;C:\Windows\Sun\Java\bin;C:\Windows\system32;C:\Windows;C:\Program Files (x86)\NVIDIA Corporation\PhysX\Common;C:\Program Files\Common Files\Oracle\Java\javapath;C:\Program Files (x86)\Common Files\Oracle\Java\javapath;C:\Windows\system32;C:\Windows;C:\Windows\System32\Wbem;C:\Windows\System32\WindowsPowerShell\v1.0\;C:\Windows\System32\OpenSSH\;C:\Program Files (x86)\IronRuby 1.1\bin;C:\Program Files\Git\cmd;C:\Program Files\Inkscape\bin;C:\Program Files (x86)\IVI Foundation\VISA\WinNT\Bin;C:\Program Files\Azure Data Studio\bin;C:\Program Files\nodejs\;C:\ProgramData\UNIVALI\Portugol Studio;C:\Program Files\MATLAB\R2021a\runtime\win64;C:\Program Files\MATLAB\R2021a\bin;C:\Program Files\dotnet\;C:\Program Files\Microsoft SQL Server\120\Tools\Binn\;C:\Program Files\Microsoft SQL Server\Client SDK\ODBC\110\Tools\Binn\;C:\Program Files (x86)\Microsoft SQL Server\120\Tools\Binn\;C:\Program Files\Microsoft SQL Server\120\DTS\Binn\;C:\Program Files (x86)\Windows Kits\8.1\Windows Performance Toolkit\;C:\Program Files\Common Files\Autodesk Shared\;C:\Program Files\CodeBlocks\MinGW\bin;C:\Users\Default\AppData\Roaming\npm;C:\Users\Default\AppData\Roaming\node_modules\@angular\cli\bin;C:\Users\gabriel_souza20\AppData\Local\Microsoft\WindowsApps;;.]
17-Aug-2023 07:31:26.241 INFO [main] org.apache.coyote.AbstractProtocol.init Initializing ProtocolHandler ["http-nio-8080"]
17-Aug-2023 07:31:26.257 INFO [main] org.apache.catalina.startup.Catalina.load Server initialization in [398] milliseconds
17-Aug-2023 07:31:26.290 INFO [main] org.apache.catalina.core.StandardService.startInternal Starting service [Catalina]
17-Aug-2023 07:31:26.291 INFO [main] org.apache.catalina.core.StandardEngine.startInternal Starting Servlet engine: [Apache Tomcat/10.1.7]
17-Aug-2023 07:31:26.299 INFO [main] org.apache.catalina.startup.HostConfig.deployDescriptor Deploying deployment descriptor [C:\Users\gabriel_souza20\Documents\NetBeansProjects\SA_Locadora\apache-tomcat-10.1.7\conf\Catalina\localhost\SA_Locadora.xml]
17-Aug-2023 07:31:26.311 WARNING [main] org.apache.catalina.startup.HostConfig.deployDescriptor The path attribute with value [/SA_Locadora] in deployment descriptor [C:\Users\gabriel_souza20\Documents\NetBeansProjects\SA_Locadora\apache-tomcat-10.1.7\conf\Catalina\localhost\SA_Locadora.xml] has been ignored
17-Aug-2023 07:31:26.938 INFO [main] org.apache.jasper.servlet.TldScanner.scanJars At least one JAR was scanned for TLDs yet contained no TLDs. Enable debug logging for this logger for a complete list of JARs that were scanned but no TLDs were found in them. Skipping unneeded JARs during scanning can improve startup time and JSP compilation time.
17-Aug-2023 07:31:26.994 INFO [main] org.apache.catalina.startup.HostConfig.deployDescriptor Deployment of deployment descriptor [C:\Users\gabriel_souza20\Documents\NetBeansProjects\SA_Locadora\apache-tomcat-10.1.7\conf\Catalina\localhost\SA_Locadora.xml] has finished in [693] ms
17-Aug-2023 07:31:26.994 INFO [main] org.apache.catalina.startup.HostConfig.deployDirectory Diretório de instalação da aplicação web [C:\Users\gabriel_souza20\Documents\NetBeansProjects\SA_Locadora\apache-tomcat-10.1.7\webapps\docs]
17-Aug-2023 07:31:27.024 INFO [main] org.apache.catalina.startup.HostConfig.deployDirectory Deployment of web application directory [C:\Users\gabriel_souza20\Documents\NetBeansProjects\SA_Locadora\apache-tomcat-10.1.7\webapps\docs] has finished in [30] ms
17-Aug-2023 07:31:27.024 INFO [main] org.apache.catalina.startup.HostConfig.deployDirectory Diretório de instalação da aplicação web [C:\Users\gabriel_souza20\Documents\NetBeansProjects\SA_Locadora\apache-tomcat-10.1.7\webapps\examples]
17-Aug-2023 07:31:27.360 INFO [main] org.apache.catalina.startup.HostConfig.deployDirectory Deployment of web application directory [C:\Users\gabriel_souza20\Documents\NetBeansProjects\SA_Locadora\apache-tomcat-10.1.7\webapps\examples] has finished in [336] ms
17-Aug-2023 07:31:27.361 INFO [main] org.apache.catalina.startup.HostConfig.deployDirectory Diretório de instalação da aplicação web [C:\Users\gabriel_souza20\Documents\NetBeansProjects\SA_Locadora\apache-tomcat-10.1.7\webapps\host-manager]
17-Aug-2023 07:31:27.393 INFO [main] org.apache.catalina.startup.HostConfig.deployDirectory Deployment of web application directory [C:\Users\gabriel_souza20\Documents\NetBeansProjects\SA_Locadora\apache-tomcat-10.1.7\webapps\host-manager] has finished in [33] ms
17-Aug-2023 07:31:27.393 INFO [main] org.apache.catalina.startup.HostConfig.deployDirectory Diretório de instalação da aplicação web [C:\Users\gabriel_souza20\Documents\NetBeansProjects\SA_Locadora\apache-tomcat-10.1.7\webapps\manager]
17-Aug-2023 07:31:27.433 INFO [main] org.apache.catalina.startup.HostConfig.deployDirectory Deployment of web application directory [C:\Users\gabriel_souza20\Documents\NetBeansProjects\SA_Locadora\apache-tomcat-10.1.7\webapps\manager] has finished in [40] ms
17-Aug-2023 07:31:27.433 INFO [main] org.apache.catalina.startup.HostConfig.deployDirectory Diretório de instalação da aplicação web [C:\Users\gabriel_souza20\Documents\NetBeansProjects\SA_Locadora\apache-tomcat-10.1.7\webapps\ROOT]
17-Aug-2023 07:31:27.454 INFO [main] org.apache.catalina.startup.HostConfig.deployDirectory Deployment of web application directory [C:\Users\gabriel_souza20\Documents\NetBeansProjects\SA_Locadora\apache-tomcat-10.1.7\webapps\ROOT] has finished in [20] ms
17-Aug-2023 07:31:27.456 INFO [main] org.apache.coyote.AbstractProtocol.start Starting ProtocolHandler ["http-nio-8080"]
17-Aug-2023 07:31:27.483 INFO [main] org.apache.catalina.startup.Catalina.start Server startup in [1226] milliseconds
17-Aug-2023 11:42:13.506 WARNING [http-nio-8080-exec-1] org.apache.catalina.loader.WebappClassLoaderBase.clearReferencesJdbc The web application [SA_Locadora] registered the JDBC driver [com.mysql.cj.jdbc.Driver] but failed to unregister it when the web application was stopped. To prevent a memory leak, the JDBC Driver has been forcibly unregistered.
17-Aug-2023 11:42:13.506 WARNING [http-nio-8080-exec-1] org.apache.catalina.loader.WebappClassLoaderBase.clearReferencesThreads The web application [SA_Locadora] appears to have started a thread named [mysql-cj-abandoned-connection-cleanup] but has failed to stop it. This is very likely to create a memory leak. Stack trace of thread:
 java.base@17.0.2/java.lang.Object.wait(Native Method)
 java.base@17.0.2/java.lang.ref.ReferenceQueue.remove(ReferenceQueue.java:155)
 com.mysql.cj.jdbc.AbandonedConnectionCleanupThread.run(AbandonedConnectionCleanupThread.java:91)
 java.base@17.0.2/java.util.concurrent.ThreadPoolExecutor.runWorker(ThreadPoolExecutor.java:1136)
 java.base@17.0.2/java.util.concurrent.ThreadPoolExecutor$Worker.run(ThreadPoolExecutor.java:635)
 java.base@17.0.2/java.lang.Thread.run(Thread.java:833)
17-Aug-2023 11:42:14.013 INFO [http-nio-8080-exec-1] org.apache.catalina.startup.HostConfig.undeploy Undeploying context [/SA_Locadora]
17-Aug-2023 11:42:18.367 INFO [mysql-cj-abandoned-connection-cleanup] org.apache.catalina.loader.WebappClassLoaderBase.checkStateForResourceLoading Illegal access: this web application instance has been stopped already. Could not load []. The following stack trace is thrown for debugging purposes as well as to attempt to terminate the thread which caused the illegal access.
	java.lang.IllegalStateException: Illegal access: this web application instance has been stopped already. Could not load []. The following stack trace is thrown for debugging purposes as well as to attempt to terminate the thread which caused the illegal access.
		at org.apache.catalina.loader.WebappClassLoaderBase.checkStateForResourceLoading(WebappClassLoaderBase.java:1457)
		at org.apache.catalina.loader.WebappClassLoaderBase.getResource(WebappClassLoaderBase.java:1047)
		at com.mysql.cj.jdbc.AbandonedConnectionCleanupThread.checkThreadContextClassLoader(AbandonedConnectionCleanupThread.java:123)
		at com.mysql.cj.jdbc.AbandonedConnectionCleanupThread.run(AbandonedConnectionCleanupThread.java:90)
		at java.base/java.util.concurrent.ThreadPoolExecutor.runWorker(ThreadPoolExecutor.java:1136)
		at java.base/java.util.concurrent.ThreadPoolExecutor$Worker.run(ThreadPoolExecutor.java:635)
		at java.base/java.lang.Thread.run(Thread.java:833)
17-Aug-2023 11:42:30.748 INFO [http-nio-8080-exec-8] org.apache.catalina.startup.HostConfig.deployDescriptor Deploying deployment descriptor [C:\Users\gabriel_souza20\Documents\NetBeansProjects\SA_Locadora\apache-tomcat-10.1.7\conf\Catalina\localhost\www.athenalocadora.com.xml]
17-Aug-2023 11:42:30.749 WARNING [http-nio-8080-exec-8] org.apache.catalina.startup.HostConfig.deployDescriptor The path attribute with value [/www.athenalocadora.com] in deployment descriptor [C:\Users\gabriel_souza20\Documents\NetBeansProjects\SA_Locadora\apache-tomcat-10.1.7\conf\Catalina\localhost\www.athenalocadora.com.xml] has been ignored
17-Aug-2023 11:42:31.134 INFO [http-nio-8080-exec-8] org.apache.jasper.servlet.TldScanner.scanJars At least one JAR was scanned for TLDs yet contained no TLDs. Enable debug logging for this logger for a complete list of JARs that were scanned but no TLDs were found in them. Skipping unneeded JARs during scanning can improve startup time and JSP compilation time.
17-Aug-2023 11:42:31.136 INFO [http-nio-8080-exec-8] org.apache.catalina.startup.HostConfig.deployDescriptor Deployment of deployment descriptor [C:\Users\gabriel_souza20\Documents\NetBeansProjects\SA_Locadora\apache-tomcat-10.1.7\conf\Catalina\localhost\www.athenalocadora.com.xml] has finished in [388] ms
17-Aug-2023 11:42:31.138 INFO [http-nio-8080-exec-13] org.apache.catalina.util.LifecycleBase.start The start() method was called on component [StandardEngine[Catalina].StandardHost[localhost].StandardContext[/www.athenalocadora.com]] after start() had already been called. The second call will be ignored.
17-Aug-2023 11:44:51.803 INFO [main] org.apache.catalina.core.StandardServer.await A valid shutdown command was received via the shutdown port. Stopping the Server instance.
17-Aug-2023 11:44:51.803 INFO [main] org.apache.coyote.AbstractProtocol.pause Pausing ProtocolHandler ["http-nio-8080"]
17-Aug-2023 11:44:51.807 INFO [main] org.apache.catalina.core.StandardService.stopInternal Stopping service [Catalina]
17-Aug-2023 11:44:51.816 WARNING [main] org.apache.catalina.loader.WebappClassLoaderBase.clearReferencesJdbc The web application [www.athenalocadora.com] registered the JDBC driver [com.mysql.cj.jdbc.Driver] but failed to unregister it when the web application was stopped. To prevent a memory leak, the JDBC Driver has been forcibly unregistered.
17-Aug-2023 11:44:51.817 WARNING [main] org.apache.catalina.loader.WebappClassLoaderBase.clearReferencesThreads The web application [www.athenalocadora.com] appears to have started a thread named [mysql-cj-abandoned-connection-cleanup] but has failed to stop it. This is very likely to create a memory leak. Stack trace of thread:
 java.base@17.0.2/java.lang.Object.wait(Native Method)
 java.base@17.0.2/java.lang.ref.ReferenceQueue.remove(ReferenceQueue.java:155)
 com.mysql.cj.jdbc.AbandonedConnectionCleanupThread.run(AbandonedConnectionCleanupThread.java:91)
 java.base@17.0.2/java.util.concurrent.ThreadPoolExecutor.runWorker(ThreadPoolExecutor.java:1136)
 java.base@17.0.2/java.util.concurrent.ThreadPoolExecutor$Worker.run(ThreadPoolExecutor.java:635)
 java.base@17.0.2/java.lang.Thread.run(Thread.java:833)
17-Aug-2023 11:44:51.820 INFO [main] org.apache.coyote.AbstractProtocol.stop Stopping ProtocolHandler ["http-nio-8080"]
17-Aug-2023 11:44:51.846 INFO [main] org.apache.coyote.AbstractProtocol.destroy Destroying ProtocolHandler ["http-nio-8080"]
17-Aug-2023 11:53:46.752 INFO [main] org.apache.catalina.startup.VersionLoggerListener.log Server version name:   Apache Tomcat/10.1.7
17-Aug-2023 11:53:46.756 INFO [main] org.apache.catalina.startup.VersionLoggerListener.log Server built:          Feb 27 2023 20:25:27 UTC
17-Aug-2023 11:53:46.757 INFO [main] org.apache.catalina.startup.VersionLoggerListener.log Server version number: 10.1.7.0
17-Aug-2023 11:53:46.757 INFO [main] org.apache.catalina.startup.VersionLoggerListener.log OS Name:               Windows 10
17-Aug-2023 11:53:46.757 INFO [main] org.apache.catalina.startup.VersionLoggerListener.log OS Version:            10.0
17-Aug-2023 11:53:46.757 INFO [main] org.apache.catalina.startup.VersionLoggerListener.log Architecture:          amd64
17-Aug-2023 11:53:46.757 INFO [main] org.apache.catalina.startup.VersionLoggerListener.log Java Home:             C:\Program Files\Java\jdk-17.0.2
17-Aug-2023 11:53:46.757 INFO [main] org.apache.catalina.startup.VersionLoggerListener.log JVM Version:           17.0.2+8-LTS-86
17-Aug-2023 11:53:46.757 INFO [main] org.apache.catalina.startup.VersionLoggerListener.log JVM Vendor:            Oracle Corporation
17-Aug-2023 11:53:46.757 INFO [main] org.apache.catalina.startup.VersionLoggerListener.log CATALINA_BASE:         C:\Users\gabriel_souza20\Documents\NetBeansProjects\SA_Locadora\apache-tomcat-10.1.7
17-Aug-2023 11:53:46.757 INFO [main] org.apache.catalina.startup.VersionLoggerListener.log CATALINA_HOME:         C:\Users\gabriel_souza20\Documents\NetBeansProjects\SA_Locadora\apache-tomcat-10.1.7
17-Aug-2023 11:53:46.770 INFO [main] org.apache.catalina.startup.VersionLoggerListener.log Command line argument: -Djava.util.logging.config.file=C:\Users\gabriel_souza20\Documents\NetBeansProjects\SA_Locadora\apache-tomcat-10.1.7\conf\logging.properties
17-Aug-2023 11:53:46.770 INFO [main] org.apache.catalina.startup.VersionLoggerListener.log Command line argument: -Djava.util.logging.manager=org.apache.juli.ClassLoaderLogManager
17-Aug-2023 11:53:46.770 INFO [main] org.apache.catalina.startup.VersionLoggerListener.log Command line argument: -Dhttp.nonProxyHosts=localhost|127.0.0.1|SN-344668
17-Aug-2023 11:53:46.770 INFO [main] org.apache.catalina.startup.VersionLoggerListener.log Command line argument: -Djdk.tls.ephemeralDHKeySize=2048
17-Aug-2023 11:53:46.770 INFO [main] org.apache.catalina.startup.VersionLoggerListener.log Command line argument: -Djava.protocol.handler.pkgs=org.apache.catalina.webresources
17-Aug-2023 11:53:46.770 INFO [main] org.apache.catalina.startup.VersionLoggerListener.log Command line argument: --add-opens=java.base/java.lang=ALL-UNNAMED
17-Aug-2023 11:53:46.770 INFO [main] org.apache.catalina.startup.VersionLoggerListener.log Command line argument: --add-opens=java.base/java.io=ALL-UNNAMED
17-Aug-2023 11:53:46.770 INFO [main] org.apache.catalina.startup.VersionLoggerListener.log Command line argument: --add-opens=java.base/java.util=ALL-UNNAMED
17-Aug-2023 11:53:46.770 INFO [main] org.apache.catalina.startup.VersionLoggerListener.log Command line argument: --add-opens=java.base/java.util.concurrent=ALL-UNNAMED
17-Aug-2023 11:53:46.770 INFO [main] org.apache.catalina.startup.VersionLoggerListener.log Command line argument: --add-opens=java.rmi/sun.rmi.transport=ALL-UNNAMED
17-Aug-2023 11:53:46.771 INFO [main] org.apache.catalina.startup.VersionLoggerListener.log Command line argument: -Dcatalina.base=C:\Users\gabriel_souza20\Documents\NetBeansProjects\SA_Locadora\apache-tomcat-10.1.7
17-Aug-2023 11:53:46.771 INFO [main] org.apache.catalina.startup.VersionLoggerListener.log Command line argument: -Dcatalina.home=C:\Users\gabriel_souza20\Documents\NetBeansProjects\SA_Locadora\apache-tomcat-10.1.7
17-Aug-2023 11:53:46.771 INFO [main] org.apache.catalina.startup.VersionLoggerListener.log Command line argument: -Djava.io.tmpdir=C:\Users\gabriel_souza20\Documents\NetBeansProjects\SA_Locadora\apache-tomcat-10.1.7\temp
17-Aug-2023 11:53:46.778 INFO [main] org.apache.catalina.core.AprLifecycleListener.lifecycleEvent The Apache Tomcat Native library which allows using OpenSSL was not found on the java.library.path: [C:\Program Files\Java\jdk-17.0.2\bin;C:\Windows\Sun\Java\bin;C:\Windows\system32;C:\Windows;C:\Program Files (x86)\NVIDIA Corporation\PhysX\Common;C:\Program Files\Common Files\Oracle\Java\javapath;C:\Program Files (x86)\Common Files\Oracle\Java\javapath;C:\Windows\system32;C:\Windows;C:\Windows\System32\Wbem;C:\Windows\System32\WindowsPowerShell\v1.0\;C:\Windows\System32\OpenSSH\;C:\Program Files (x86)\IronRuby 1.1\bin;C:\Program Files\Git\cmd;C:\Program Files\Inkscape\bin;C:\Program Files (x86)\IVI Foundation\VISA\WinNT\Bin;C:\Program Files\Azure Data Studio\bin;C:\Program Files\nodejs\;C:\ProgramData\UNIVALI\Portugol Studio;C:\Program Files\MATLAB\R2021a\runtime\win64;C:\Program Files\MATLAB\R2021a\bin;C:\Program Files\dotnet\;C:\Program Files\Microsoft SQL Server\120\Tools\Binn\;C:\Program Files\Microsoft SQL Server\Client SDK\ODBC\110\Tools\Binn\;C:\Program Files (x86)\Microsoft SQL Server\120\Tools\Binn\;C:\Program Files\Microsoft SQL Server\120\DTS\Binn\;C:\Program Files (x86)\Windows Kits\8.1\Windows Performance Toolkit\;C:\Program Files\Common Files\Autodesk Shared\;C:\Program Files\CodeBlocks\MinGW\bin;C:\Users\Default\AppData\Roaming\npm;C:\Users\Default\AppData\Roaming\node_modules\@angular\cli\bin;C:\Users\gabriel_souza20\AppData\Local\Microsoft\WindowsApps;;.]
17-Aug-2023 11:53:46.998 INFO [main] org.apache.coyote.AbstractProtocol.init Initializing ProtocolHandler ["http-nio-8080"]
17-Aug-2023 11:53:47.013 INFO [main] org.apache.catalina.startup.Catalina.load Server initialization in [395] milliseconds
17-Aug-2023 11:53:47.042 INFO [main] org.apache.catalina.core.StandardService.startInternal Starting service [Catalina]
17-Aug-2023 11:53:47.042 INFO [main] org.apache.catalina.core.StandardEngine.startInternal Starting Servlet engine: [Apache Tomcat/10.1.7]
17-Aug-2023 11:53:47.049 INFO [main] org.apache.catalina.startup.HostConfig.deployDescriptor Deploying deployment descriptor [C:\Users\gabriel_souza20\Documents\NetBeansProjects\SA_Locadora\apache-tomcat-10.1.7\conf\Catalina\localhost\www.athenalocadora.com.xml]
17-Aug-2023 11:53:47.059 WARNING [main] org.apache.catalina.startup.HostConfig.deployDescriptor The path attribute with value [/www.athenalocadora.com] in deployment descriptor [C:\Users\gabriel_souza20\Documents\NetBeansProjects\SA_Locadora\apache-tomcat-10.1.7\conf\Catalina\localhost\www.athenalocadora.com.xml] has been ignored
17-Aug-2023 11:53:47.654 INFO [main] org.apache.jasper.servlet.TldScanner.scanJars At least one JAR was scanned for TLDs yet contained no TLDs. Enable debug logging for this logger for a complete list of JARs that were scanned but no TLDs were found in them. Skipping unneeded JARs during scanning can improve startup time and JSP compilation time.
17-Aug-2023 11:53:47.704 INFO [main] org.apache.catalina.startup.HostConfig.deployDescriptor Deployment of deployment descriptor [C:\Users\gabriel_souza20\Documents\NetBeansProjects\SA_Locadora\apache-tomcat-10.1.7\conf\Catalina\localhost\www.athenalocadora.com.xml] has finished in [654] ms
17-Aug-2023 11:53:47.705 INFO [main] org.apache.catalina.startup.HostConfig.deployDirectory Diretório de instalação da aplicação web [C:\Users\gabriel_souza20\Documents\NetBeansProjects\SA_Locadora\apache-tomcat-10.1.7\webapps\docs]
17-Aug-2023 11:53:47.731 INFO [main] org.apache.catalina.startup.HostConfig.deployDirectory Deployment of web application directory [C:\Users\gabriel_souza20\Documents\NetBeansProjects\SA_Locadora\apache-tomcat-10.1.7\webapps\docs] has finished in [25] ms
17-Aug-2023 11:53:47.731 INFO [main] org.apache.catalina.startup.HostConfig.deployDirectory Diretório de instalação da aplicação web [C:\Users\gabriel_souza20\Documents\NetBeansProjects\SA_Locadora\apache-tomcat-10.1.7\webapps\examples]
17-Aug-2023 11:53:48.004 INFO [main] org.apache.catalina.startup.HostConfig.deployDirectory Deployment of web application directory [C:\Users\gabriel_souza20\Documents\NetBeansProjects\SA_Locadora\apache-tomcat-10.1.7\webapps\examples] has finished in [273] ms
17-Aug-2023 11:53:48.004 INFO [main] org.apache.catalina.startup.HostConfig.deployDirectory Diretório de instalação da aplicação web [C:\Users\gabriel_souza20\Documents\NetBeansProjects\SA_Locadora\apache-tomcat-10.1.7\webapps\host-manager]
17-Aug-2023 11:53:48.035 INFO [main] org.apache.catalina.startup.HostConfig.deployDirectory Deployment of web application directory [C:\Users\gabriel_souza20\Documents\NetBeansProjects\SA_Locadora\apache-tomcat-10.1.7\webapps\host-manager] has finished in [30] ms
17-Aug-2023 11:53:48.035 INFO [main] org.apache.catalina.startup.HostConfig.deployDirectory Diretório de instalação da aplicação web [C:\Users\gabriel_souza20\Documents\NetBeansProjects\SA_Locadora\apache-tomcat-10.1.7\webapps\manager]
17-Aug-2023 11:53:48.064 INFO [main] org.apache.catalina.startup.HostConfig.deployDirectory Deployment of web application directory [C:\Users\gabriel_souza20\Documents\NetBeansProjects\SA_Locadora\apache-tomcat-10.1.7\webapps\manager] has finished in [29] ms
17-Aug-2023 11:53:48.065 INFO [main] org.apache.catalina.startup.HostConfig.deployDirectory Diretório de instalação da aplicação web [C:\Users\gabriel_souza20\Documents\NetBeansProjects\SA_Locadora\apache-tomcat-10.1.7\webapps\ROOT]
17-Aug-2023 11:53:48.082 INFO [main] org.apache.catalina.startup.HostConfig.deployDirectory Deployment of web application directory [C:\Users\gabriel_souza20\Documents\NetBeansProjects\SA_Locadora\apache-tomcat-10.1.7\webapps\ROOT] has finished in [18] ms
17-Aug-2023 11:53:48.084 INFO [main] org.apache.coyote.AbstractProtocol.start Starting ProtocolHandler ["http-nio-8080"]
17-Aug-2023 11:53:48.104 INFO [main] org.apache.catalina.startup.Catalina.start Server startup in [1090] milliseconds
17-Aug-2023 11:53:48.680 INFO [http-nio-8080-exec-1] org.apache.catalina.startup.HostConfig.undeploy Undeploying context [/www.athenalocadora.com]
17-Aug-2023 11:53:48.697 INFO [http-nio-8080-exec-4] org.apache.catalina.startup.HostConfig.deployDescriptor Deploying deployment descriptor [C:\Users\gabriel_souza20\Documents\NetBeansProjects\SA_Locadora\apache-tomcat-10.1.7\conf\Catalina\localhost\www.athenalocadora.com.xml]
17-Aug-2023 11:53:48.698 WARNING [http-nio-8080-exec-4] org.apache.catalina.startup.HostConfig.deployDescriptor The path attribute with value [/www.athenalocadora.com] in deployment descriptor [C:\Users\gabriel_souza20\Documents\NetBeansProjects\SA_Locadora\apache-tomcat-10.1.7\conf\Catalina\localhost\www.athenalocadora.com.xml] has been ignored
17-Aug-2023 11:53:49.102 INFO [http-nio-8080-exec-4] org.apache.jasper.servlet.TldScanner.scanJars At least one JAR was scanned for TLDs yet contained no TLDs. Enable debug logging for this logger for a complete list of JARs that were scanned but no TLDs were found in them. Skipping unneeded JARs during scanning can improve startup time and JSP compilation time.
17-Aug-2023 11:53:49.104 INFO [http-nio-8080-exec-4] org.apache.catalina.startup.HostConfig.deployDescriptor Deployment of deployment descriptor [C:\Users\gabriel_souza20\Documents\NetBeansProjects\SA_Locadora\apache-tomcat-10.1.7\conf\Catalina\localhost\www.athenalocadora.com.xml] has finished in [407] ms
17-Aug-2023 11:53:49.107 INFO [http-nio-8080-exec-10] org.apache.catalina.util.LifecycleBase.start The start() method was called on component [StandardEngine[Catalina].StandardHost[localhost].StandardContext[/www.athenalocadora.com]] after start() had already been called. The second call will be ignored.
17-Aug-2023 11:57:00.104 WARNING [http-nio-8080-exec-16] org.apache.catalina.loader.WebappClassLoaderBase.clearReferencesJdbc The web application [www.athenalocadora.com] registered the JDBC driver [com.mysql.cj.jdbc.Driver] but failed to unregister it when the web application was stopped. To prevent a memory leak, the JDBC Driver has been forcibly unregistered.
17-Aug-2023 11:57:00.105 WARNING [http-nio-8080-exec-16] org.apache.catalina.loader.WebappClassLoaderBase.clearReferencesThreads The web application [www.athenalocadora.com] appears to have started a thread named [mysql-cj-abandoned-connection-cleanup] but has failed to stop it. This is very likely to create a memory leak. Stack trace of thread:
 java.base@17.0.2/java.lang.Object.wait(Native Method)
 java.base@17.0.2/java.lang.ref.ReferenceQueue.remove(ReferenceQueue.java:155)
 com.mysql.cj.jdbc.AbandonedConnectionCleanupThread.run(AbandonedConnectionCleanupThread.java:91)
 java.base@17.0.2/java.util.concurrent.ThreadPoolExecutor.runWorker(ThreadPoolExecutor.java:1136)
 java.base@17.0.2/java.util.concurrent.ThreadPoolExecutor$Worker.run(ThreadPoolExecutor.java:635)
 java.base@17.0.2/java.lang.Thread.run(Thread.java:833)
17-Aug-2023 11:57:00.175 INFO [mysql-cj-abandoned-connection-cleanup] org.apache.catalina.loader.WebappClassLoaderBase.checkStateForResourceLoading Illegal access: this web application instance has been stopped already. Could not load []. The following stack trace is thrown for debugging purposes as well as to attempt to terminate the thread which caused the illegal access.
	java.lang.IllegalStateException: Illegal access: this web application instance has been stopped already. Could not load []. The following stack trace is thrown for debugging purposes as well as to attempt to terminate the thread which caused the illegal access.
		at org.apache.catalina.loader.WebappClassLoaderBase.checkStateForResourceLoading(WebappClassLoaderBase.java:1457)
		at org.apache.catalina.loader.WebappClassLoaderBase.getResource(WebappClassLoaderBase.java:1047)
		at com.mysql.cj.jdbc.AbandonedConnectionCleanupThread.checkThreadContextClassLoader(AbandonedConnectionCleanupThread.java:123)
		at com.mysql.cj.jdbc.AbandonedConnectionCleanupThread.run(AbandonedConnectionCleanupThread.java:90)
		at java.base/java.util.concurrent.ThreadPoolExecutor.runWorker(ThreadPoolExecutor.java:1136)
		at java.base/java.util.concurrent.ThreadPoolExecutor$Worker.run(ThreadPoolExecutor.java:635)
		at java.base/java.lang.Thread.run(Thread.java:833)
17-Aug-2023 11:57:00.612 INFO [http-nio-8080-exec-16] org.apache.catalina.startup.HostConfig.undeploy Undeploying context [/www.athenalocadora.com]
17-Aug-2023 11:57:00.623 INFO [http-nio-8080-exec-17] org.apache.catalina.startup.HostConfig.deployDescriptor Deploying deployment descriptor [C:\Users\gabriel_souza20\Documents\NetBeansProjects\SA_Locadora\apache-tomcat-10.1.7\conf\Catalina\localhost\www.athenalocadora.com.xml]
17-Aug-2023 11:57:00.624 WARNING [http-nio-8080-exec-17] org.apache.catalina.startup.HostConfig.deployDescriptor The path attribute with value [/www.athenalocadora.com] in deployment descriptor [C:\Users\gabriel_souza20\Documents\NetBeansProjects\SA_Locadora\apache-tomcat-10.1.7\conf\Catalina\localhost\www.athenalocadora.com.xml] has been ignored
17-Aug-2023 11:57:01.024 INFO [http-nio-8080-exec-17] org.apache.jasper.servlet.TldScanner.scanJars At least one JAR was scanned for TLDs yet contained no TLDs. Enable debug logging for this logger for a complete list of JARs that were scanned but no TLDs were found in them. Skipping unneeded JARs during scanning can improve startup time and JSP compilation time.
17-Aug-2023 11:57:01.028 INFO [http-nio-8080-exec-17] org.apache.catalina.startup.HostConfig.deployDescriptor Deployment of deployment descriptor [C:\Users\gabriel_souza20\Documents\NetBeansProjects\SA_Locadora\apache-tomcat-10.1.7\conf\Catalina\localhost\www.athenalocadora.com.xml] has finished in [405] ms
17-Aug-2023 11:57:01.031 INFO [http-nio-8080-exec-14] org.apache.catalina.util.LifecycleBase.start The start() method was called on component [StandardEngine[Catalina].StandardHost[localhost].StandardContext[/www.athenalocadora.com]] after start() had already been called. The second call will be ignored.
17-Aug-2023 11:58:42.185 INFO [http-nio-8080-exec-21] org.apache.catalina.core.StandardContext.reload Reloading Context with name [/www.athenalocadora.com] has started
17-Aug-2023 11:58:42.187 WARNING [http-nio-8080-exec-21] org.apache.catalina.loader.WebappClassLoaderBase.clearReferencesJdbc The web application [www.athenalocadora.com] registered the JDBC driver [com.mysql.cj.jdbc.Driver] but failed to unregister it when the web application was stopped. To prevent a memory leak, the JDBC Driver has been forcibly unregistered.
17-Aug-2023 11:58:42.187 WARNING [http-nio-8080-exec-21] org.apache.catalina.loader.WebappClassLoaderBase.clearReferencesThreads The web application [www.athenalocadora.com] appears to have started a thread named [mysql-cj-abandoned-connection-cleanup] but has failed to stop it. This is very likely to create a memory leak. Stack trace of thread:
 java.base@17.0.2/java.lang.Object.wait(Native Method)
 java.base@17.0.2/java.lang.ref.ReferenceQueue.remove(ReferenceQueue.java:155)
 com.mysql.cj.jdbc.AbandonedConnectionCleanupThread.run(AbandonedConnectionCleanupThread.java:91)
 java.base@17.0.2/java.util.concurrent.ThreadPoolExecutor.runWorker(ThreadPoolExecutor.java:1136)
 java.base@17.0.2/java.util.concurrent.ThreadPoolExecutor$Worker.run(ThreadPoolExecutor.java:635)
 java.base@17.0.2/java.lang.Thread.run(Thread.java:833)
17-Aug-2023 11:58:42.540 INFO [mysql-cj-abandoned-connection-cleanup] org.apache.catalina.loader.WebappClassLoaderBase.checkStateForResourceLoading Illegal access: this web application instance has been stopped already. Could not load []. The following stack trace is thrown for debugging purposes as well as to attempt to terminate the thread which caused the illegal access.
	java.lang.IllegalStateException: Illegal access: this web application instance has been stopped already. Could not load []. The following stack trace is thrown for debugging purposes as well as to attempt to terminate the thread which caused the illegal access.
		at org.apache.catalina.loader.WebappClassLoaderBase.checkStateForResourceLoading(WebappClassLoaderBase.java:1457)
		at org.apache.catalina.loader.WebappClassLoaderBase.getResource(WebappClassLoaderBase.java:1047)
		at com.mysql.cj.jdbc.AbandonedConnectionCleanupThread.checkThreadContextClassLoader(AbandonedConnectionCleanupThread.java:123)
		at com.mysql.cj.jdbc.AbandonedConnectionCleanupThread.run(AbandonedConnectionCleanupThread.java:90)
		at java.base/java.util.concurrent.ThreadPoolExecutor.runWorker(ThreadPoolExecutor.java:1136)
		at java.base/java.util.concurrent.ThreadPoolExecutor$Worker.run(ThreadPoolExecutor.java:635)
		at java.base/java.lang.Thread.run(Thread.java:833)
17-Aug-2023 11:58:42.540 INFO [mysql-cj-abandoned-connection-cleanup] org.apache.catalina.loader.WebappClassLoaderBase.checkStateForResourceLoading Illegal access: this web application instance has been stopped already. Could not load []. The following stack trace is thrown for debugging purposes as well as to attempt to terminate the thread which caused the illegal access.
	java.lang.IllegalStateException: Illegal access: this web application instance has been stopped already. Could not load []. The following stack trace is thrown for debugging purposes as well as to attempt to terminate the thread which caused the illegal access.
		at org.apache.catalina.loader.WebappClassLoaderBase.checkStateForResourceLoading(WebappClassLoaderBase.java:1457)
		at org.apache.catalina.loader.WebappClassLoaderBase.getResource(WebappClassLoaderBase.java:1047)
		at com.mysql.cj.jdbc.AbandonedConnectionCleanupThread.checkThreadContextClassLoader(AbandonedConnectionCleanupThread.java:123)
		at com.mysql.cj.jdbc.AbandonedConnectionCleanupThread.run(AbandonedConnectionCleanupThread.java:90)
		at java.base/java.util.concurrent.ThreadPoolExecutor.runWorker(ThreadPoolExecutor.java:1136)
		at java.base/java.util.concurrent.ThreadPoolExecutor$Worker.run(ThreadPoolExecutor.java:635)
		at java.base/java.lang.Thread.run(Thread.java:833)
17-Aug-2023 11:58:42.615 INFO [http-nio-8080-exec-21] org.apache.jasper.servlet.TldScanner.scanJars At least one JAR was scanned for TLDs yet contained no TLDs. Enable debug logging for this logger for a complete list of JARs that were scanned but no TLDs were found in them. Skipping unneeded JARs during scanning can improve startup time and JSP compilation time.
17-Aug-2023 11:58:42.617 INFO [http-nio-8080-exec-21] org.apache.catalina.core.StandardContext.reload Reloading Context with name [/www.athenalocadora.com] is completed
17-Aug-2023 11:59:12.485 INFO [main] org.apache.catalina.core.StandardServer.await A valid shutdown command was received via the shutdown port. Stopping the Server instance.
17-Aug-2023 11:59:12.486 INFO [main] org.apache.coyote.AbstractProtocol.pause Pausing ProtocolHandler ["http-nio-8080"]
17-Aug-2023 11:59:12.490 INFO [main] org.apache.catalina.core.StandardService.stopInternal Stopping service [Catalina]
17-Aug-2023 11:59:12.497 INFO [main] org.apache.coyote.AbstractProtocol.stop Stopping ProtocolHandler ["http-nio-8080"]
17-Aug-2023 11:59:12.500 INFO [main] org.apache.coyote.AbstractProtocol.destroy Destroying ProtocolHandler ["http-nio-8080"]
17-Aug-2023 11:59:52.663 INFO [main] org.apache.catalina.startup.VersionLoggerListener.log Server version name:   Apache Tomcat/10.1.7
17-Aug-2023 11:59:52.667 INFO [main] org.apache.catalina.startup.VersionLoggerListener.log Server built:          Feb 27 2023 20:25:27 UTC
17-Aug-2023 11:59:52.667 INFO [main] org.apache.catalina.startup.VersionLoggerListener.log Server version number: 10.1.7.0
17-Aug-2023 11:59:52.667 INFO [main] org.apache.catalina.startup.VersionLoggerListener.log OS Name:               Windows 10
17-Aug-2023 11:59:52.667 INFO [main] org.apache.catalina.startup.VersionLoggerListener.log OS Version:            10.0
17-Aug-2023 11:59:52.667 INFO [main] org.apache.catalina.startup.VersionLoggerListener.log Architecture:          amd64
17-Aug-2023 11:59:52.667 INFO [main] org.apache.catalina.startup.VersionLoggerListener.log Java Home:             C:\Program Files\Java\jdk-17.0.2
17-Aug-2023 11:59:52.667 INFO [main] org.apache.catalina.startup.VersionLoggerListener.log JVM Version:           17.0.2+8-LTS-86
17-Aug-2023 11:59:52.667 INFO [main] org.apache.catalina.startup.VersionLoggerListener.log JVM Vendor:            Oracle Corporation
17-Aug-2023 11:59:52.667 INFO [main] org.apache.catalina.startup.VersionLoggerListener.log CATALINA_BASE:         C:\Users\gabriel_souza20\Documents\NetBeansProjects\www.athenalocadora.com\apache-tomcat-10.1.7
17-Aug-2023 11:59:52.667 INFO [main] org.apache.catalina.startup.VersionLoggerListener.log CATALINA_HOME:         C:\Users\gabriel_souza20\Documents\NetBeansProjects\www.athenalocadora.com\apache-tomcat-10.1.7
17-Aug-2023 11:59:52.674 INFO [main] org.apache.catalina.startup.VersionLoggerListener.log Command line argument: -Djava.util.logging.config.file=C:\Users\gabriel_souza20\Documents\NetBeansProjects\www.athenalocadora.com\apache-tomcat-10.1.7\conf\logging.properties
17-Aug-2023 11:59:52.674 INFO [main] org.apache.catalina.startup.VersionLoggerListener.log Command line argument: -Djava.util.logging.manager=org.apache.juli.ClassLoaderLogManager
17-Aug-2023 11:59:52.674 INFO [main] org.apache.catalina.startup.VersionLoggerListener.log Command line argument: -Dhttp.nonProxyHosts=localhost|127.0.0.1|SN-344668
17-Aug-2023 11:59:52.674 INFO [main] org.apache.catalina.startup.VersionLoggerListener.log Command line argument: -Djdk.tls.ephemeralDHKeySize=2048
17-Aug-2023 11:59:52.674 INFO [main] org.apache.catalina.startup.VersionLoggerListener.log Command line argument: -Djava.protocol.handler.pkgs=org.apache.catalina.webresources
17-Aug-2023 11:59:52.674 INFO [main] org.apache.catalina.startup.VersionLoggerListener.log Command line argument: --add-opens=java.base/java.lang=ALL-UNNAMED
17-Aug-2023 11:59:52.674 INFO [main] org.apache.catalina.startup.VersionLoggerListener.log Command line argument: --add-opens=java.base/java.io=ALL-UNNAMED
17-Aug-2023 11:59:52.674 INFO [main] org.apache.catalina.startup.VersionLoggerListener.log Command line argument: --add-opens=java.base/java.util=ALL-UNNAMED
17-Aug-2023 11:59:52.674 INFO [main] org.apache.catalina.startup.VersionLoggerListener.log Command line argument: --add-opens=java.base/java.util.concurrent=ALL-UNNAMED
17-Aug-2023 11:59:52.674 INFO [main] org.apache.catalina.startup.VersionLoggerListener.log Command line argument: --add-opens=java.rmi/sun.rmi.transport=ALL-UNNAMED
17-Aug-2023 11:59:52.675 INFO [main] org.apache.catalina.startup.VersionLoggerListener.log Command line argument: -Dcatalina.base=C:\Users\gabriel_souza20\Documents\NetBeansProjects\www.athenalocadora.com\apache-tomcat-10.1.7
17-Aug-2023 11:59:52.675 INFO [main] org.apache.catalina.startup.VersionLoggerListener.log Command line argument: -Dcatalina.home=C:\Users\gabriel_souza20\Documents\NetBeansProjects\www.athenalocadora.com\apache-tomcat-10.1.7
17-Aug-2023 11:59:52.675 INFO [main] org.apache.catalina.startup.VersionLoggerListener.log Command line argument: -Djava.io.tmpdir=C:\Users\gabriel_souza20\Documents\NetBeansProjects\www.athenalocadora.com\apache-tomcat-10.1.7\temp
17-Aug-2023 11:59:52.682 INFO [main] org.apache.catalina.core.AprLifecycleListener.lifecycleEvent The Apache Tomcat Native library which allows using OpenSSL was not found on the java.library.path: [C:\Program Files\Java\jdk-17.0.2\bin;C:\Windows\Sun\Java\bin;C:\Windows\system32;C:\Windows;C:\Program Files (x86)\NVIDIA Corporation\PhysX\Common;C:\Program Files\Common Files\Oracle\Java\javapath;C:\Program Files (x86)\Common Files\Oracle\Java\javapath;C:\Windows\system32;C:\Windows;C:\Windows\System32\Wbem;C:\Windows\System32\WindowsPowerShell\v1.0\;C:\Windows\System32\OpenSSH\;C:\Program Files (x86)\IronRuby 1.1\bin;C:\Program Files\Git\cmd;C:\Program Files\Inkscape\bin;C:\Program Files (x86)\IVI Foundation\VISA\WinNT\Bin;C:\Program Files\Azure Data Studio\bin;C:\Program Files\nodejs\;C:\ProgramData\UNIVALI\Portugol Studio;C:\Program Files\MATLAB\R2021a\runtime\win64;C:\Program Files\MATLAB\R2021a\bin;C:\Program Files\dotnet\;C:\Program Files\Microsoft SQL Server\120\Tools\Binn\;C:\Program Files\Microsoft SQL Server\Client SDK\ODBC\110\Tools\Binn\;C:\Program Files (x86)\Microsoft SQL Server\120\Tools\Binn\;C:\Program Files\Microsoft SQL Server\120\DTS\Binn\;C:\Program Files (x86)\Windows Kits\8.1\Windows Performance Toolkit\;C:\Program Files\Common Files\Autodesk Shared\;C:\Program Files\CodeBlocks\MinGW\bin;C:\Users\Default\AppData\Roaming\npm;C:\Users\Default\AppData\Roaming\node_modules\@angular\cli\bin;C:\Users\gabriel_souza20\AppData\Local\Microsoft\WindowsApps;;.]
17-Aug-2023 11:59:52.917 INFO [main] org.apache.coyote.AbstractProtocol.init Initializing ProtocolHandler ["http-nio-8080"]
17-Aug-2023 11:59:52.935 INFO [main] org.apache.catalina.startup.Catalina.load Server initialization in [395] milliseconds
17-Aug-2023 11:59:52.963 INFO [main] org.apache.catalina.core.StandardService.startInternal Starting service [Catalina]
17-Aug-2023 11:59:52.963 INFO [main] org.apache.catalina.core.StandardEngine.startInternal Starting Servlet engine: [Apache Tomcat/10.1.7]
17-Aug-2023 11:59:52.971 INFO [main] org.apache.catalina.startup.HostConfig.deployDescriptor Deploying deployment descriptor [C:\Users\gabriel_souza20\Documents\NetBeansProjects\www.athenalocadora.com\apache-tomcat-10.1.7\conf\Catalina\localhost\www.athenalocadora.com.xml]
17-Aug-2023 11:59:52.983 WARNING [main] org.apache.catalina.startup.HostConfig.deployDescriptor The path attribute with value [/www.athenalocadora.com] in deployment descriptor [C:\Users\gabriel_souza20\Documents\NetBeansProjects\www.athenalocadora.com\apache-tomcat-10.1.7\conf\Catalina\localhost\www.athenalocadora.com.xml] has been ignored
17-Aug-2023 11:59:53.598 INFO [main] org.apache.jasper.servlet.TldScanner.scanJars At least one JAR was scanned for TLDs yet contained no TLDs. Enable debug logging for this logger for a complete list of JARs that were scanned but no TLDs were found in them. Skipping unneeded JARs during scanning can improve startup time and JSP compilation time.
17-Aug-2023 11:59:53.649 INFO [main] org.apache.catalina.startup.HostConfig.deployDescriptor Deployment of deployment descriptor [C:\Users\gabriel_souza20\Documents\NetBeansProjects\www.athenalocadora.com\apache-tomcat-10.1.7\conf\Catalina\localhost\www.athenalocadora.com.xml] has finished in [677] ms
17-Aug-2023 11:59:53.650 INFO [main] org.apache.catalina.startup.HostConfig.deployDirectory Diretório de instalação da aplicação web [C:\Users\gabriel_souza20\Documents\NetBeansProjects\www.athenalocadora.com\apache-tomcat-10.1.7\webapps\docs]
17-Aug-2023 11:59:53.675 INFO [main] org.apache.catalina.startup.HostConfig.deployDirectory Deployment of web application directory [C:\Users\gabriel_souza20\Documents\NetBeansProjects\www.athenalocadora.com\apache-tomcat-10.1.7\webapps\docs] has finished in [25] ms
17-Aug-2023 11:59:53.675 INFO [main] org.apache.catalina.startup.HostConfig.deployDirectory Diretório de instalação da aplicação web [C:\Users\gabriel_souza20\Documents\NetBeansProjects\www.athenalocadora.com\apache-tomcat-10.1.7\webapps\examples]
17-Aug-2023 11:59:53.950 INFO [main] org.apache.catalina.startup.HostConfig.deployDirectory Deployment of web application directory [C:\Users\gabriel_souza20\Documents\NetBeansProjects\www.athenalocadora.com\apache-tomcat-10.1.7\webapps\examples] has finished in [274] ms
17-Aug-2023 11:59:53.950 INFO [main] org.apache.catalina.startup.HostConfig.deployDirectory Diretório de instalação da aplicação web [C:\Users\gabriel_souza20\Documents\NetBeansProjects\www.athenalocadora.com\apache-tomcat-10.1.7\webapps\host-manager]
17-Aug-2023 11:59:53.980 INFO [main] org.apache.catalina.startup.HostConfig.deployDirectory Deployment of web application directory [C:\Users\gabriel_souza20\Documents\NetBeansProjects\www.athenalocadora.com\apache-tomcat-10.1.7\webapps\host-manager] has finished in [30] ms
17-Aug-2023 11:59:53.980 INFO [main] org.apache.catalina.startup.HostConfig.deployDirectory Diretório de instalação da aplicação web [C:\Users\gabriel_souza20\Documents\NetBeansProjects\www.athenalocadora.com\apache-tomcat-10.1.7\webapps\manager]
17-Aug-2023 11:59:54.012 INFO [main] org.apache.catalina.startup.HostConfig.deployDirectory Deployment of web application directory [C:\Users\gabriel_souza20\Documents\NetBeansProjects\www.athenalocadora.com\apache-tomcat-10.1.7\webapps\manager] has finished in [32] ms
17-Aug-2023 11:59:54.013 INFO [main] org.apache.catalina.startup.HostConfig.deployDirectory Diretório de instalação da aplicação web [C:\Users\gabriel_souza20\Documents\NetBeansProjects\www.athenalocadora.com\apache-tomcat-10.1.7\webapps\ROOT]
17-Aug-2023 11:59:54.031 INFO [main] org.apache.catalina.startup.HostConfig.deployDirectory Deployment of web application directory [C:\Users\gabriel_souza20\Documents\NetBeansProjects\www.athenalocadora.com\apache-tomcat-10.1.7\webapps\ROOT] has finished in [18] ms
17-Aug-2023 11:59:54.035 INFO [main] org.apache.coyote.AbstractProtocol.start Starting ProtocolHandler ["http-nio-8080"]
17-Aug-2023 11:59:54.056 INFO [main] org.apache.catalina.startup.Catalina.start Server startup in [1120] milliseconds
17-Aug-2023 11:59:57.829 INFO [http-nio-8080-exec-7] org.apache.catalina.startup.HostConfig.undeploy Undeploying context [/www.athenalocadora.com]
17-Aug-2023 11:59:57.842 INFO [http-nio-8080-exec-3] org.apache.catalina.startup.HostConfig.deployDescriptor Deploying deployment descriptor [C:\Users\gabriel_souza20\Documents\NetBeansProjects\www.athenalocadora.com\apache-tomcat-10.1.7\conf\Catalina\localhost\www.athenalocadora.com.xml]
17-Aug-2023 11:59:57.843 WARNING [http-nio-8080-exec-3] org.apache.catalina.startup.HostConfig.deployDescriptor The path attribute with value [/www.athenalocadora.com] in deployment descriptor [C:\Users\gabriel_souza20\Documents\NetBeansProjects\www.athenalocadora.com\apache-tomcat-10.1.7\conf\Catalina\localhost\www.athenalocadora.com.xml] has been ignored
17-Aug-2023 11:59:58.242 INFO [http-nio-8080-exec-3] org.apache.jasper.servlet.TldScanner.scanJars At least one JAR was scanned for TLDs yet contained no TLDs. Enable debug logging for this logger for a complete list of JARs that were scanned but no TLDs were found in them. Skipping unneeded JARs during scanning can improve startup time and JSP compilation time.
17-Aug-2023 11:59:58.244 INFO [http-nio-8080-exec-3] org.apache.catalina.startup.HostConfig.deployDescriptor Deployment of deployment descriptor [C:\Users\gabriel_souza20\Documents\NetBeansProjects\www.athenalocadora.com\apache-tomcat-10.1.7\conf\Catalina\localhost\www.athenalocadora.com.xml] has finished in [402] ms
17-Aug-2023 11:59:58.247 INFO [http-nio-8080-exec-5] org.apache.catalina.util.LifecycleBase.start The start() method was called on component [StandardEngine[Catalina].StandardHost[localhost].StandardContext[/www.athenalocadora.com]] after start() had already been called. The second call will be ignored.
17-Aug-2023 12:00:13.261 INFO [main] org.apache.catalina.core.StandardServer.await A valid shutdown command was received via the shutdown port. Stopping the Server instance.
17-Aug-2023 12:00:13.261 INFO [main] org.apache.coyote.AbstractProtocol.pause Pausing ProtocolHandler ["http-nio-8080"]
17-Aug-2023 12:00:13.264 INFO [main] org.apache.catalina.core.StandardService.stopInternal Stopping service [Catalina]
17-Aug-2023 12:00:13.274 WARNING [main] org.apache.catalina.loader.WebappClassLoaderBase.clearReferencesJdbc The web application [www.athenalocadora.com] registered the JDBC driver [com.mysql.cj.jdbc.Driver] but failed to unregister it when the web application was stopped. To prevent a memory leak, the JDBC Driver has been forcibly unregistered.
17-Aug-2023 12:00:13.275 WARNING [main] org.apache.catalina.loader.WebappClassLoaderBase.clearReferencesThreads The web application [www.athenalocadora.com] appears to have started a thread named [mysql-cj-abandoned-connection-cleanup] but has failed to stop it. This is very likely to create a memory leak. Stack trace of thread:
 java.base@17.0.2/java.lang.Object.wait(Native Method)
 java.base@17.0.2/java.lang.ref.ReferenceQueue.remove(ReferenceQueue.java:155)
 com.mysql.cj.jdbc.AbandonedConnectionCleanupThread.run(AbandonedConnectionCleanupThread.java:91)
 java.base@17.0.2/java.util.concurrent.ThreadPoolExecutor.runWorker(ThreadPoolExecutor.java:1136)
 java.base@17.0.2/java.util.concurrent.ThreadPoolExecutor$Worker.run(ThreadPoolExecutor.java:635)
 java.base@17.0.2/java.lang.Thread.run(Thread.java:833)
17-Aug-2023 12:00:13.277 INFO [main] org.apache.coyote.AbstractProtocol.stop Stopping ProtocolHandler ["http-nio-8080"]
17-Aug-2023 12:00:13.300 INFO [main] org.apache.coyote.AbstractProtocol.destroy Destroying ProtocolHandler ["http-nio-8080"]
