13-Aug-2023 21:02:36.574 INFO [main] org.apache.catalina.startup.VersionLoggerListener.log Server version name:   Apache Tomcat/10.1.7
13-Aug-2023 21:02:36.579 INFO [main] org.apache.catalina.startup.VersionLoggerListener.log Server built:          Feb 27 2023 20:25:27 UTC
13-Aug-2023 21:02:36.579 INFO [main] org.apache.catalina.startup.VersionLoggerListener.log Server version number: 10.1.7.0
13-Aug-2023 21:02:36.579 INFO [main] org.apache.catalina.startup.VersionLoggerListener.log OS Name:               Windows 10
13-Aug-2023 21:02:36.579 INFO [main] org.apache.catalina.startup.VersionLoggerListener.log OS Version:            10.0
13-Aug-2023 21:02:36.580 INFO [main] org.apache.catalina.startup.VersionLoggerListener.log Architecture:          amd64
13-Aug-2023 21:02:36.580 INFO [main] org.apache.catalina.startup.VersionLoggerListener.log Java Home:             D:\Program Files\Java\jdk-15.0.2
13-Aug-2023 21:02:36.580 INFO [main] org.apache.catalina.startup.VersionLoggerListener.log JVM Version:           15.0.2+7-27
13-Aug-2023 21:02:36.580 INFO [main] org.apache.catalina.startup.VersionLoggerListener.log JVM Vendor:            Oracle Corporation
13-Aug-2023 21:02:36.580 INFO [main] org.apache.catalina.startup.VersionLoggerListener.log CATALINA_BASE:         D:\Projetos\NetBeans 12.6\SA_Locadora\apache-tomcat-10.1.7
13-Aug-2023 21:02:36.580 INFO [main] org.apache.catalina.startup.VersionLoggerListener.log CATALINA_HOME:         D:\Projetos\NetBeans 12.6\SA_Locadora\apache-tomcat-10.1.7
13-Aug-2023 21:02:36.599 INFO [main] org.apache.catalina.startup.VersionLoggerListener.log Command line argument: -Djava.util.logging.config.file=D:\Projetos\NetBeans 12.6\SA_Locadora\apache-tomcat-10.1.7\conf\logging.properties
13-Aug-2023 21:02:36.599 INFO [main] org.apache.catalina.startup.VersionLoggerListener.log Command line argument: -Djava.util.logging.manager=org.apache.juli.ClassLoaderLogManager
13-Aug-2023 21:02:36.599 INFO [main] org.apache.catalina.startup.VersionLoggerListener.log Command line argument: -Dhttp.nonProxyHosts=localhost|127.0.0.1|DESKTOP-GNPTJLR
13-Aug-2023 21:02:36.599 INFO [main] org.apache.catalina.startup.VersionLoggerListener.log Command line argument: -Djdk.tls.ephemeralDHKeySize=2048
13-Aug-2023 21:02:36.599 INFO [main] org.apache.catalina.startup.VersionLoggerListener.log Command line argument: -Djava.protocol.handler.pkgs=org.apache.catalina.webresources
13-Aug-2023 21:02:36.599 INFO [main] org.apache.catalina.startup.VersionLoggerListener.log Command line argument: --add-opens=java.base/java.lang=ALL-UNNAMED
13-Aug-2023 21:02:36.599 INFO [main] org.apache.catalina.startup.VersionLoggerListener.log Command line argument: --add-opens=java.base/java.io=ALL-UNNAMED
13-Aug-2023 21:02:36.599 INFO [main] org.apache.catalina.startup.VersionLoggerListener.log Command line argument: --add-opens=java.base/java.util=ALL-UNNAMED
13-Aug-2023 21:02:36.600 INFO [main] org.apache.catalina.startup.VersionLoggerListener.log Command line argument: --add-opens=java.base/java.util.concurrent=ALL-UNNAMED
13-Aug-2023 21:02:36.600 INFO [main] org.apache.catalina.startup.VersionLoggerListener.log Command line argument: --add-opens=java.rmi/sun.rmi.transport=ALL-UNNAMED
13-Aug-2023 21:02:36.600 INFO [main] org.apache.catalina.startup.VersionLoggerListener.log Command line argument: -Dcatalina.base=D:\Projetos\NetBeans 12.6\SA_Locadora\apache-tomcat-10.1.7
13-Aug-2023 21:02:36.600 INFO [main] org.apache.catalina.startup.VersionLoggerListener.log Command line argument: -Dcatalina.home=D:\Projetos\NetBeans 12.6\SA_Locadora\apache-tomcat-10.1.7
13-Aug-2023 21:02:36.600 INFO [main] org.apache.catalina.startup.VersionLoggerListener.log Command line argument: -Djava.io.tmpdir=D:\Projetos\NetBeans 12.6\SA_Locadora\apache-tomcat-10.1.7\temp
13-Aug-2023 21:02:36.612 INFO [main] org.apache.catalina.core.AprLifecycleListener.lifecycleEvent The Apache Tomcat Native library which allows using OpenSSL was not found on the java.library.path: [D:\Program Files\Java\jdk-15.0.2\bin;C:\WINDOWS\Sun\Java\bin;C:\WINDOWS\system32;C:\WINDOWS;C:\Program Files\Common Files\Oracle\Java\javapath;C:\Program Files (x86)\Common Files\Oracle\Java\javapath;C:\WINDOWS\system32;C:\WINDOWS;C:\WINDOWS\System32\Wbem;C:\WINDOWS\System32\WindowsPowerShell\v1.0\;C:\WINDOWS\System32\OpenSSH\;C:\Program Files\dotnet\;C:\Program Files\MySQL\MySQL Shell 8.0\bin\;C:\Users\Gabriel\AppData\Local\Microsoft\WindowsApps;;D:\Microsoft VS Code\bin;.]
13-Aug-2023 21:02:36.934 INFO [main] org.apache.coyote.AbstractProtocol.init Initializing ProtocolHandler ["http-nio-8080"]
13-Aug-2023 21:02:36.980 INFO [main] org.apache.catalina.startup.Catalina.load Server initialization in [641] milliseconds
13-Aug-2023 21:02:37.047 INFO [main] org.apache.catalina.core.StandardService.startInternal Starting service [Catalina]
13-Aug-2023 21:02:37.047 INFO [main] org.apache.catalina.core.StandardEngine.startInternal Starting Servlet engine: [Apache Tomcat/10.1.7]
13-Aug-2023 21:02:37.066 INFO [main] org.apache.catalina.startup.HostConfig.deployDescriptor Deploying deployment descriptor [D:\Projetos\NetBeans 12.6\SA_Locadora\apache-tomcat-10.1.7\conf\Catalina\localhost\SA_Locadora.xml]
13-Aug-2023 21:02:37.098 WARNING [main] org.apache.catalina.startup.HostConfig.deployDescriptor The path attribute with value [/SA_Locadora] in deployment descriptor [D:\Projetos\NetBeans 12.6\SA_Locadora\apache-tomcat-10.1.7\conf\Catalina\localhost\SA_Locadora.xml] has been ignored
13-Aug-2023 21:02:39.543 INFO [main] org.apache.jasper.servlet.TldScanner.scanJars At least one JAR was scanned for TLDs yet contained no TLDs. Enable debug logging for this logger for a complete list of JARs that were scanned but no TLDs were found in them. Skipping unneeded JARs during scanning can improve startup time and JSP compilation time.
13-Aug-2023 21:02:39.657 INFO [main] org.apache.catalina.startup.HostConfig.deployDescriptor Deployment of deployment descriptor [D:\Projetos\NetBeans 12.6\SA_Locadora\apache-tomcat-10.1.7\conf\Catalina\localhost\SA_Locadora.xml] has finished in [2.589] ms
13-Aug-2023 21:02:39.658 INFO [main] org.apache.catalina.startup.HostConfig.deployDirectory Diretório de instalação da aplicação web [D:\Projetos\NetBeans 12.6\SA_Locadora\apache-tomcat-10.1.7\webapps\docs]
13-Aug-2023 21:02:39.745 INFO [main] org.apache.catalina.startup.HostConfig.deployDirectory Deployment of web application directory [D:\Projetos\NetBeans 12.6\SA_Locadora\apache-tomcat-10.1.7\webapps\docs] has finished in [87] ms
13-Aug-2023 21:02:39.746 INFO [main] org.apache.catalina.startup.HostConfig.deployDirectory Diretório de instalação da aplicação web [D:\Projetos\NetBeans 12.6\SA_Locadora\apache-tomcat-10.1.7\webapps\examples]
13-Aug-2023 21:02:40.799 INFO [main] org.apache.catalina.startup.HostConfig.deployDirectory Deployment of web application directory [D:\Projetos\NetBeans 12.6\SA_Locadora\apache-tomcat-10.1.7\webapps\examples] has finished in [1.052] ms
13-Aug-2023 21:02:40.799 INFO [main] org.apache.catalina.startup.HostConfig.deployDirectory Diretório de instalação da aplicação web [D:\Projetos\NetBeans 12.6\SA_Locadora\apache-tomcat-10.1.7\webapps\host-manager]
13-Aug-2023 21:02:40.912 INFO [main] org.apache.catalina.startup.HostConfig.deployDirectory Deployment of web application directory [D:\Projetos\NetBeans 12.6\SA_Locadora\apache-tomcat-10.1.7\webapps\host-manager] has finished in [113] ms
13-Aug-2023 21:02:40.913 INFO [main] org.apache.catalina.startup.HostConfig.deployDirectory Diretório de instalação da aplicação web [D:\Projetos\NetBeans 12.6\SA_Locadora\apache-tomcat-10.1.7\webapps\manager]
13-Aug-2023 21:02:41.050 INFO [main] org.apache.catalina.startup.HostConfig.deployDirectory Deployment of web application directory [D:\Projetos\NetBeans 12.6\SA_Locadora\apache-tomcat-10.1.7\webapps\manager] has finished in [138] ms
13-Aug-2023 21:02:41.051 INFO [main] org.apache.catalina.startup.HostConfig.deployDirectory Diretório de instalação da aplicação web [D:\Projetos\NetBeans 12.6\SA_Locadora\apache-tomcat-10.1.7\webapps\ROOT]
13-Aug-2023 21:02:41.115 INFO [main] org.apache.catalina.startup.HostConfig.deployDirectory Deployment of web application directory [D:\Projetos\NetBeans 12.6\SA_Locadora\apache-tomcat-10.1.7\webapps\ROOT] has finished in [65] ms
13-Aug-2023 21:02:41.120 INFO [main] org.apache.coyote.AbstractProtocol.start Starting ProtocolHandler ["http-nio-8080"]
13-Aug-2023 21:02:41.183 INFO [main] org.apache.catalina.startup.Catalina.start Server startup in [4203] milliseconds
13-Aug-2023 21:02:43.593 INFO [http-nio-8080-exec-10] org.apache.catalina.core.StandardContext.reload Reloading Context with name [/SA_Locadora] has started
13-Aug-2023 21:02:45.033 INFO [http-nio-8080-exec-10] org.apache.jasper.servlet.TldScanner.scanJars At least one JAR was scanned for TLDs yet contained no TLDs. Enable debug logging for this logger for a complete list of JARs that were scanned but no TLDs were found in them. Skipping unneeded JARs during scanning can improve startup time and JSP compilation time.
13-Aug-2023 21:02:45.038 INFO [http-nio-8080-exec-10] org.apache.catalina.core.StandardContext.reload Reloading Context with name [/SA_Locadora] is completed
13-Aug-2023 21:14:43.207 INFO [main] org.apache.catalina.core.StandardServer.await A valid shutdown command was received via the shutdown port. Stopping the Server instance.
13-Aug-2023 21:14:43.208 INFO [main] org.apache.coyote.AbstractProtocol.pause Pausing ProtocolHandler ["http-nio-8080"]
13-Aug-2023 21:14:43.220 INFO [main] org.apache.catalina.core.StandardService.stopInternal Stopping service [Catalina]
13-Aug-2023 21:14:43.249 WARNING [main] org.apache.catalina.loader.WebappClassLoaderBase.clearReferencesJdbc The web application [SA_Locadora] registered the JDBC driver [com.mysql.cj.jdbc.Driver] but failed to unregister it when the web application was stopped. To prevent a memory leak, the JDBC Driver has been forcibly unregistered.
13-Aug-2023 21:14:43.250 WARNING [main] org.apache.catalina.loader.WebappClassLoaderBase.clearReferencesThreads The web application [SA_Locadora] appears to have started a thread named [mysql-cj-abandoned-connection-cleanup] but has failed to stop it. This is very likely to create a memory leak. Stack trace of thread:
 java.base@15.0.2/java.lang.Object.wait(Native Method)
 java.base@15.0.2/java.lang.ref.ReferenceQueue.remove(ReferenceQueue.java:155)
 com.mysql.cj.jdbc.AbandonedConnectionCleanupThread.run(AbandonedConnectionCleanupThread.java:91)
 java.base@15.0.2/java.util.concurrent.ThreadPoolExecutor.runWorker(ThreadPoolExecutor.java:1130)
 java.base@15.0.2/java.util.concurrent.ThreadPoolExecutor$Worker.run(ThreadPoolExecutor.java:630)
 java.base@15.0.2/java.lang.Thread.run(Thread.java:832)
13-Aug-2023 21:14:43.257 INFO [main] org.apache.coyote.AbstractProtocol.stop Stopping ProtocolHandler ["http-nio-8080"]
13-Aug-2023 21:14:43.260 INFO [main] org.apache.coyote.AbstractProtocol.destroy Destroying ProtocolHandler ["http-nio-8080"]
