16-Aug-2023 07:29:14.450 INFO [main] org.apache.catalina.startup.VersionLoggerListener.log Server version name:   Apache Tomcat/10.1.7
16-Aug-2023 07:29:14.453 INFO [main] org.apache.catalina.startup.VersionLoggerListener.log Server built:          Feb 27 2023 20:25:27 UTC
16-Aug-2023 07:29:14.453 INFO [main] org.apache.catalina.startup.VersionLoggerListener.log Server version number: 10.1.7.0
16-Aug-2023 07:29:14.453 INFO [main] org.apache.catalina.startup.VersionLoggerListener.log OS Name:               Windows 10
16-Aug-2023 07:29:14.453 INFO [main] org.apache.catalina.startup.VersionLoggerListener.log OS Version:            10.0
16-Aug-2023 07:29:14.454 INFO [main] org.apache.catalina.startup.VersionLoggerListener.log Architecture:          amd64
16-Aug-2023 07:29:14.454 INFO [main] org.apache.catalina.startup.VersionLoggerListener.log Java Home:             C:\Program Files\Java\jdk-17.0.2
16-Aug-2023 07:29:14.454 INFO [main] org.apache.catalina.startup.VersionLoggerListener.log JVM Version:           17.0.2+8-LTS-86
16-Aug-2023 07:29:14.454 INFO [main] org.apache.catalina.startup.VersionLoggerListener.log JVM Vendor:            Oracle Corporation
16-Aug-2023 07:29:14.454 INFO [main] org.apache.catalina.startup.VersionLoggerListener.log CATALINA_BASE:         C:\Users\gabriel_souza20\Documents\NetBeansProjects\SA_Locadora\apache-tomcat-10.1.7
16-Aug-2023 07:29:14.454 INFO [main] org.apache.catalina.startup.VersionLoggerListener.log CATALINA_HOME:         C:\Users\gabriel_souza20\Documents\NetBeansProjects\SA_Locadora\apache-tomcat-10.1.7
16-Aug-2023 07:29:14.461 INFO [main] org.apache.catalina.startup.VersionLoggerListener.log Command line argument: -Djava.util.logging.config.file=C:\Users\gabriel_souza20\Documents\NetBeansProjects\SA_Locadora\apache-tomcat-10.1.7\conf\logging.properties
16-Aug-2023 07:29:14.461 INFO [main] org.apache.catalina.startup.VersionLoggerListener.log Command line argument: -Djava.util.logging.manager=org.apache.juli.ClassLoaderLogManager
16-Aug-2023 07:29:14.461 INFO [main] org.apache.catalina.startup.VersionLoggerListener.log Command line argument: -Dhttp.nonProxyHosts=localhost|127.0.0.1|SN-344668
16-Aug-2023 07:29:14.461 INFO [main] org.apache.catalina.startup.VersionLoggerListener.log Command line argument: -Djdk.tls.ephemeralDHKeySize=2048
16-Aug-2023 07:29:14.461 INFO [main] org.apache.catalina.startup.VersionLoggerListener.log Command line argument: -Djava.protocol.handler.pkgs=org.apache.catalina.webresources
16-Aug-2023 07:29:14.461 INFO [main] org.apache.catalina.startup.VersionLoggerListener.log Command line argument: --add-opens=java.base/java.lang=ALL-UNNAMED
16-Aug-2023 07:29:14.461 INFO [main] org.apache.catalina.startup.VersionLoggerListener.log Command line argument: --add-opens=java.base/java.io=ALL-UNNAMED
16-Aug-2023 07:29:14.461 INFO [main] org.apache.catalina.startup.VersionLoggerListener.log Command line argument: --add-opens=java.base/java.util=ALL-UNNAMED
16-Aug-2023 07:29:14.461 INFO [main] org.apache.catalina.startup.VersionLoggerListener.log Command line argument: --add-opens=java.base/java.util.concurrent=ALL-UNNAMED
16-Aug-2023 07:29:14.461 INFO [main] org.apache.catalina.startup.VersionLoggerListener.log Command line argument: --add-opens=java.rmi/sun.rmi.transport=ALL-UNNAMED
16-Aug-2023 07:29:14.461 INFO [main] org.apache.catalina.startup.VersionLoggerListener.log Command line argument: -Dcatalina.base=C:\Users\gabriel_souza20\Documents\NetBeansProjects\SA_Locadora\apache-tomcat-10.1.7
16-Aug-2023 07:29:14.461 INFO [main] org.apache.catalina.startup.VersionLoggerListener.log Command line argument: -Dcatalina.home=C:\Users\gabriel_souza20\Documents\NetBeansProjects\SA_Locadora\apache-tomcat-10.1.7
16-Aug-2023 07:29:14.461 INFO [main] org.apache.catalina.startup.VersionLoggerListener.log Command line argument: -Djava.io.tmpdir=C:\Users\gabriel_souza20\Documents\NetBeansProjects\SA_Locadora\apache-tomcat-10.1.7\temp
16-Aug-2023 07:29:14.469 INFO [main] org.apache.catalina.core.AprLifecycleListener.lifecycleEvent The Apache Tomcat Native library which allows using OpenSSL was not found on the java.library.path: [C:\Program Files\Java\jdk-17.0.2\bin;C:\Windows\Sun\Java\bin;C:\Windows\system32;C:\Windows;C:\Program Files (x86)\NVIDIA Corporation\PhysX\Common;C:\Program Files\Common Files\Oracle\Java\javapath;C:\Program Files (x86)\Common Files\Oracle\Java\javapath;C:\Windows\system32;C:\Windows;C:\Windows\System32\Wbem;C:\Windows\System32\WindowsPowerShell\v1.0\;C:\Windows\System32\OpenSSH\;C:\Program Files (x86)\IronRuby 1.1\bin;C:\Program Files\Git\cmd;C:\Program Files\Inkscape\bin;C:\Program Files (x86)\IVI Foundation\VISA\WinNT\Bin;C:\Program Files\Azure Data Studio\bin;C:\Program Files\nodejs\;C:\ProgramData\UNIVALI\Portugol Studio;C:\Program Files\MATLAB\R2021a\runtime\win64;C:\Program Files\MATLAB\R2021a\bin;C:\Program Files\dotnet\;C:\Program Files\Microsoft SQL Server\120\Tools\Binn\;C:\Program Files\Microsoft SQL Server\Client SDK\ODBC\110\Tools\Binn\;C:\Program Files (x86)\Microsoft SQL Server\120\Tools\Binn\;C:\Program Files\Microsoft SQL Server\120\DTS\Binn\;C:\Program Files (x86)\Windows Kits\8.1\Windows Performance Toolkit\;C:\Program Files\Common Files\Autodesk Shared\;C:\Program Files\CodeBlocks\MinGW\bin;C:\Users\Default\AppData\Roaming\npm;C:\Users\Default\AppData\Roaming\node_modules\@angular\cli\bin;C:\Users\gabriel_souza20\AppData\Local\Microsoft\WindowsApps;;.]
16-Aug-2023 07:29:14.718 INFO [main] org.apache.coyote.AbstractProtocol.init Initializing ProtocolHandler ["http-nio-8080"]
16-Aug-2023 07:29:14.737 INFO [main] org.apache.catalina.startup.Catalina.load Server initialization in [412] milliseconds
16-Aug-2023 07:29:14.777 INFO [main] org.apache.catalina.core.StandardService.startInternal Starting service [Catalina]
16-Aug-2023 07:29:14.777 INFO [main] org.apache.catalina.core.StandardEngine.startInternal Starting Servlet engine: [Apache Tomcat/10.1.7]
16-Aug-2023 07:29:14.785 INFO [main] org.apache.catalina.startup.HostConfig.deployDescriptor Deploying deployment descriptor [C:\Users\gabriel_souza20\Documents\NetBeansProjects\SA_Locadora\apache-tomcat-10.1.7\conf\Catalina\localhost\SA_Locadora.xml]
16-Aug-2023 07:29:14.802 WARNING [main] org.apache.catalina.startup.HostConfig.deployDescriptor The path attribute with value [/SA_Locadora] in deployment descriptor [C:\Users\gabriel_souza20\Documents\NetBeansProjects\SA_Locadora\apache-tomcat-10.1.7\conf\Catalina\localhost\SA_Locadora.xml] has been ignored
16-Aug-2023 07:29:14.834 SEVERE [main] org.apache.catalina.startup.HostConfig.deployDescriptor Error deploying deployment descriptor [C:\Users\gabriel_souza20\Documents\NetBeansProjects\SA_Locadora\apache-tomcat-10.1.7\conf\Catalina\localhost\SA_Locadora.xml]
	java.lang.IllegalStateException: Error starting child
		at org.apache.catalina.core.ContainerBase.addChildInternal(ContainerBase.java:686)
		at org.apache.catalina.core.ContainerBase.addChild(ContainerBase.java:658)
		at org.apache.catalina.core.StandardHost.addChild(StandardHost.java:713)
		at org.apache.catalina.startup.HostConfig.deployDescriptor(HostConfig.java:641)
		at org.apache.catalina.startup.HostConfig$DeployDescriptor.run(HostConfig.java:1927)
		at java.base/java.util.concurrent.Executors$RunnableAdapter.call(Executors.java:539)
		at java.base/java.util.concurrent.FutureTask.run(FutureTask.java:264)
		at org.apache.tomcat.util.threads.InlineExecutorService.execute(InlineExecutorService.java:75)
		at java.base/java.util.concurrent.AbstractExecutorService.submit(AbstractExecutorService.java:123)
		at org.apache.catalina.startup.HostConfig.deployDescriptors(HostConfig.java:534)
		at org.apache.catalina.startup.HostConfig.deployApps(HostConfig.java:424)
		at org.apache.catalina.startup.HostConfig.start(HostConfig.java:1656)
		at org.apache.catalina.startup.HostConfig.lifecycleEvent(HostConfig.java:309)
		at org.apache.catalina.util.LifecycleBase.fireLifecycleEvent(LifecycleBase.java:123)
		at org.apache.catalina.util.LifecycleBase.setStateInternal(LifecycleBase.java:423)
		at org.apache.catalina.util.LifecycleBase.setState(LifecycleBase.java:366)
		at org.apache.catalina.core.ContainerBase.startInternal(ContainerBase.java:898)
		at org.apache.catalina.core.StandardHost.startInternal(StandardHost.java:846)
		at org.apache.catalina.util.LifecycleBase.start(LifecycleBase.java:183)
		at org.apache.catalina.core.ContainerBase$StartChild.call(ContainerBase.java:1332)
		at org.apache.catalina.core.ContainerBase$StartChild.call(ContainerBase.java:1322)
		at java.base/java.util.concurrent.FutureTask.run(FutureTask.java:264)
		at org.apache.tomcat.util.threads.InlineExecutorService.execute(InlineExecutorService.java:75)
		at java.base/java.util.concurrent.AbstractExecutorService.submit(AbstractExecutorService.java:145)
		at org.apache.catalina.core.ContainerBase.startInternal(ContainerBase.java:871)
		at org.apache.catalina.core.StandardEngine.startInternal(StandardEngine.java:241)
		at org.apache.catalina.util.LifecycleBase.start(LifecycleBase.java:183)
		at org.apache.catalina.core.StandardService.startInternal(StandardService.java:428)
		at org.apache.catalina.util.LifecycleBase.start(LifecycleBase.java:183)
		at org.apache.catalina.core.StandardServer.startInternal(StandardServer.java:913)
		at org.apache.catalina.util.LifecycleBase.start(LifecycleBase.java:183)
		at org.apache.catalina.startup.Catalina.start(Catalina.java:795)
		at java.base/jdk.internal.reflect.NativeMethodAccessorImpl.invoke0(Native Method)
		at java.base/jdk.internal.reflect.NativeMethodAccessorImpl.invoke(NativeMethodAccessorImpl.java:77)
		at java.base/jdk.internal.reflect.DelegatingMethodAccessorImpl.invoke(DelegatingMethodAccessorImpl.java:43)
		at java.base/java.lang.reflect.Method.invoke(Method.java:568)
		at org.apache.catalina.startup.Bootstrap.start(Bootstrap.java:347)
		at org.apache.catalina.startup.Bootstrap.main(Bootstrap.java:478)
	Caused by: org.apache.catalina.LifecycleException: Failed to start component [org.apache.catalina.webresources.StandardRoot@1224144a]
		at org.apache.catalina.util.LifecycleBase.handleSubClassException(LifecycleBase.java:440)
		at org.apache.catalina.util.LifecycleBase.start(LifecycleBase.java:198)
		at org.apache.catalina.core.StandardContext.resourcesStart(StandardContext.java:4566)
		at org.apache.catalina.core.StandardContext.startInternal(StandardContext.java:4699)
		at org.apache.catalina.util.LifecycleBase.start(LifecycleBase.java:183)
		at org.apache.catalina.core.ContainerBase.addChildInternal(ContainerBase.java:683)
		... 37 more
	Caused by: java.lang.IllegalArgumentException: The main resource set specified [D:\Projetos\NetBeans 12.6\SA_Locadora\build\web] is not valid
		at org.apache.catalina.webresources.StandardRoot.createMainResourceSet(StandardRoot.java:749)
		at org.apache.catalina.webresources.StandardRoot.startInternal(StandardRoot.java:707)
		at org.apache.catalina.util.LifecycleBase.start(LifecycleBase.java:183)
		... 41 more
16-Aug-2023 07:29:14.846 INFO [main] org.apache.catalina.startup.HostConfig.deployDescriptor Deployment of deployment descriptor [C:\Users\gabriel_souza20\Documents\NetBeansProjects\SA_Locadora\apache-tomcat-10.1.7\conf\Catalina\localhost\SA_Locadora.xml] has finished in [59] ms
16-Aug-2023 07:29:14.847 INFO [main] org.apache.catalina.startup.HostConfig.deployDirectory Diretório de instalação da aplicação web [C:\Users\gabriel_souza20\Documents\NetBeansProjects\SA_Locadora\apache-tomcat-10.1.7\webapps\docs]
16-Aug-2023 07:29:15.097 INFO [main] org.apache.catalina.startup.HostConfig.deployDirectory Deployment of web application directory [C:\Users\gabriel_souza20\Documents\NetBeansProjects\SA_Locadora\apache-tomcat-10.1.7\webapps\docs] has finished in [249] ms
16-Aug-2023 07:29:15.097 INFO [main] org.apache.catalina.startup.HostConfig.deployDirectory Diretório de instalação da aplicação web [C:\Users\gabriel_souza20\Documents\NetBeansProjects\SA_Locadora\apache-tomcat-10.1.7\webapps\examples]
16-Aug-2023 07:29:15.409 INFO [main] org.apache.catalina.startup.HostConfig.deployDirectory Deployment of web application directory [C:\Users\gabriel_souza20\Documents\NetBeansProjects\SA_Locadora\apache-tomcat-10.1.7\webapps\examples] has finished in [312] ms
16-Aug-2023 07:29:15.409 INFO [main] org.apache.catalina.startup.HostConfig.deployDirectory Diretório de instalação da aplicação web [C:\Users\gabriel_souza20\Documents\NetBeansProjects\SA_Locadora\apache-tomcat-10.1.7\webapps\host-manager]
16-Aug-2023 07:29:15.439 INFO [main] org.apache.catalina.startup.HostConfig.deployDirectory Deployment of web application directory [C:\Users\gabriel_souza20\Documents\NetBeansProjects\SA_Locadora\apache-tomcat-10.1.7\webapps\host-manager] has finished in [30] ms
16-Aug-2023 07:29:15.439 INFO [main] org.apache.catalina.startup.HostConfig.deployDirectory Diretório de instalação da aplicação web [C:\Users\gabriel_souza20\Documents\NetBeansProjects\SA_Locadora\apache-tomcat-10.1.7\webapps\manager]
16-Aug-2023 07:29:15.471 INFO [main] org.apache.catalina.startup.HostConfig.deployDirectory Deployment of web application directory [C:\Users\gabriel_souza20\Documents\NetBeansProjects\SA_Locadora\apache-tomcat-10.1.7\webapps\manager] has finished in [32] ms
16-Aug-2023 07:29:15.472 INFO [main] org.apache.catalina.startup.HostConfig.deployDirectory Diretório de instalação da aplicação web [C:\Users\gabriel_souza20\Documents\NetBeansProjects\SA_Locadora\apache-tomcat-10.1.7\webapps\ROOT]
16-Aug-2023 07:29:15.491 INFO [main] org.apache.catalina.startup.HostConfig.deployDirectory Deployment of web application directory [C:\Users\gabriel_souza20\Documents\NetBeansProjects\SA_Locadora\apache-tomcat-10.1.7\webapps\ROOT] has finished in [19] ms
16-Aug-2023 07:29:15.493 INFO [main] org.apache.coyote.AbstractProtocol.start Starting ProtocolHandler ["http-nio-8080"]
16-Aug-2023 07:29:15.516 INFO [main] org.apache.catalina.startup.Catalina.start Server startup in [778] milliseconds
16-Aug-2023 07:29:18.295 INFO [http-nio-8080-exec-10] org.apache.catalina.startup.HostConfig.undeploy Undeploying context [/SA_Locadora]
16-Aug-2023 07:29:18.328 INFO [http-nio-8080-exec-5] org.apache.catalina.startup.HostConfig.deployDescriptor Deploying deployment descriptor [C:\Users\gabriel_souza20\Documents\NetBeansProjects\SA_Locadora\apache-tomcat-10.1.7\conf\Catalina\localhost\SA_Locadora.xml]
16-Aug-2023 07:29:18.329 WARNING [http-nio-8080-exec-5] org.apache.catalina.startup.HostConfig.deployDescriptor The path attribute with value [/SA_Locadora] in deployment descriptor [C:\Users\gabriel_souza20\Documents\NetBeansProjects\SA_Locadora\apache-tomcat-10.1.7\conf\Catalina\localhost\SA_Locadora.xml] has been ignored
16-Aug-2023 07:29:18.811 INFO [http-nio-8080-exec-5] org.apache.jasper.servlet.TldScanner.scanJars At least one JAR was scanned for TLDs yet contained no TLDs. Enable debug logging for this logger for a complete list of JARs that were scanned but no TLDs were found in them. Skipping unneeded JARs during scanning can improve startup time and JSP compilation time.
16-Aug-2023 07:29:18.817 INFO [http-nio-8080-exec-5] org.apache.catalina.startup.HostConfig.deployDescriptor Deployment of deployment descriptor [C:\Users\gabriel_souza20\Documents\NetBeansProjects\SA_Locadora\apache-tomcat-10.1.7\conf\Catalina\localhost\SA_Locadora.xml] has finished in [489] ms
16-Aug-2023 07:29:18.822 INFO [http-nio-8080-exec-2] org.apache.catalina.util.LifecycleBase.start The start() method was called on component [StandardEngine[Catalina].StandardHost[localhost].StandardContext[/SA_Locadora]] after start() had already been called. The second call will be ignored.
16-Aug-2023 08:29:48.650 INFO [main] org.apache.catalina.core.StandardServer.await A valid shutdown command was received via the shutdown port. Stopping the Server instance.
16-Aug-2023 08:29:48.650 INFO [main] org.apache.coyote.AbstractProtocol.pause Pausing ProtocolHandler ["http-nio-8080"]
16-Aug-2023 08:29:48.654 INFO [main] org.apache.catalina.core.StandardService.stopInternal Stopping service [Catalina]
16-Aug-2023 08:29:48.668 WARNING [main] org.apache.catalina.loader.WebappClassLoaderBase.clearReferencesJdbc The web application [SA_Locadora] registered the JDBC driver [com.mysql.cj.jdbc.Driver] but failed to unregister it when the web application was stopped. To prevent a memory leak, the JDBC Driver has been forcibly unregistered.
16-Aug-2023 08:29:48.669 WARNING [main] org.apache.catalina.loader.WebappClassLoaderBase.clearReferencesThreads The web application [SA_Locadora] appears to have started a thread named [mysql-cj-abandoned-connection-cleanup] but has failed to stop it. This is very likely to create a memory leak. Stack trace of thread:
 java.base@17.0.2/java.lang.Object.wait(Native Method)
 java.base@17.0.2/java.lang.ref.ReferenceQueue.remove(ReferenceQueue.java:155)
 com.mysql.cj.jdbc.AbandonedConnectionCleanupThread.run(AbandonedConnectionCleanupThread.java:91)
 java.base@17.0.2/java.util.concurrent.ThreadPoolExecutor.runWorker(ThreadPoolExecutor.java:1136)
 java.base@17.0.2/java.util.concurrent.ThreadPoolExecutor$Worker.run(ThreadPoolExecutor.java:635)
 java.base@17.0.2/java.lang.Thread.run(Thread.java:833)
16-Aug-2023 08:29:48.671 INFO [main] org.apache.coyote.AbstractProtocol.stop Stopping ProtocolHandler ["http-nio-8080"]
16-Aug-2023 08:29:48.681 INFO [main] org.apache.coyote.AbstractProtocol.destroy Destroying ProtocolHandler ["http-nio-8080"]
16-Aug-2023 08:31:28.921 INFO [main] org.apache.catalina.startup.VersionLoggerListener.log Server version name:   Apache Tomcat/10.1.7
16-Aug-2023 08:31:28.925 INFO [main] org.apache.catalina.startup.VersionLoggerListener.log Server built:          Feb 27 2023 20:25:27 UTC
16-Aug-2023 08:31:28.925 INFO [main] org.apache.catalina.startup.VersionLoggerListener.log Server version number: 10.1.7.0
16-Aug-2023 08:31:28.925 INFO [main] org.apache.catalina.startup.VersionLoggerListener.log OS Name:               Windows 10
16-Aug-2023 08:31:28.925 INFO [main] org.apache.catalina.startup.VersionLoggerListener.log OS Version:            10.0
16-Aug-2023 08:31:28.925 INFO [main] org.apache.catalina.startup.VersionLoggerListener.log Architecture:          amd64
16-Aug-2023 08:31:28.925 INFO [main] org.apache.catalina.startup.VersionLoggerListener.log Java Home:             C:\Program Files\Java\jdk-17.0.2
16-Aug-2023 08:31:28.925 INFO [main] org.apache.catalina.startup.VersionLoggerListener.log JVM Version:           17.0.2+8-LTS-86
16-Aug-2023 08:31:28.926 INFO [main] org.apache.catalina.startup.VersionLoggerListener.log JVM Vendor:            Oracle Corporation
16-Aug-2023 08:31:28.926 INFO [main] org.apache.catalina.startup.VersionLoggerListener.log CATALINA_BASE:         C:\Users\gabriel_souza20\Documents\NetBeansProjects\SA_Locadora\apache-tomcat-10.1.7
16-Aug-2023 08:31:28.926 INFO [main] org.apache.catalina.startup.VersionLoggerListener.log CATALINA_HOME:         C:\Users\gabriel_souza20\Documents\NetBeansProjects\SA_Locadora\apache-tomcat-10.1.7
16-Aug-2023 08:31:28.934 INFO [main] org.apache.catalina.startup.VersionLoggerListener.log Command line argument: -Djava.util.logging.config.file=C:\Users\gabriel_souza20\Documents\NetBeansProjects\SA_Locadora\apache-tomcat-10.1.7\conf\logging.properties
16-Aug-2023 08:31:28.934 INFO [main] org.apache.catalina.startup.VersionLoggerListener.log Command line argument: -Djava.util.logging.manager=org.apache.juli.ClassLoaderLogManager
16-Aug-2023 08:31:28.934 INFO [main] org.apache.catalina.startup.VersionLoggerListener.log Command line argument: -Dhttp.nonProxyHosts=localhost|127.0.0.1|SN-344668
16-Aug-2023 08:31:28.934 INFO [main] org.apache.catalina.startup.VersionLoggerListener.log Command line argument: -Djdk.tls.ephemeralDHKeySize=2048
16-Aug-2023 08:31:28.934 INFO [main] org.apache.catalina.startup.VersionLoggerListener.log Command line argument: -Djava.protocol.handler.pkgs=org.apache.catalina.webresources
16-Aug-2023 08:31:28.935 INFO [main] org.apache.catalina.startup.VersionLoggerListener.log Command line argument: --add-opens=java.base/java.lang=ALL-UNNAMED
16-Aug-2023 08:31:28.935 INFO [main] org.apache.catalina.startup.VersionLoggerListener.log Command line argument: --add-opens=java.base/java.io=ALL-UNNAMED
16-Aug-2023 08:31:28.935 INFO [main] org.apache.catalina.startup.VersionLoggerListener.log Command line argument: --add-opens=java.base/java.util=ALL-UNNAMED
16-Aug-2023 08:31:28.935 INFO [main] org.apache.catalina.startup.VersionLoggerListener.log Command line argument: --add-opens=java.base/java.util.concurrent=ALL-UNNAMED
16-Aug-2023 08:31:28.935 INFO [main] org.apache.catalina.startup.VersionLoggerListener.log Command line argument: --add-opens=java.rmi/sun.rmi.transport=ALL-UNNAMED
16-Aug-2023 08:31:28.935 INFO [main] org.apache.catalina.startup.VersionLoggerListener.log Command line argument: -Dcatalina.base=C:\Users\gabriel_souza20\Documents\NetBeansProjects\SA_Locadora\apache-tomcat-10.1.7
16-Aug-2023 08:31:28.935 INFO [main] org.apache.catalina.startup.VersionLoggerListener.log Command line argument: -Dcatalina.home=C:\Users\gabriel_souza20\Documents\NetBeansProjects\SA_Locadora\apache-tomcat-10.1.7
16-Aug-2023 08:31:28.935 INFO [main] org.apache.catalina.startup.VersionLoggerListener.log Command line argument: -Djava.io.tmpdir=C:\Users\gabriel_souza20\Documents\NetBeansProjects\SA_Locadora\apache-tomcat-10.1.7\temp
16-Aug-2023 08:31:28.943 INFO [main] org.apache.catalina.core.AprLifecycleListener.lifecycleEvent The Apache Tomcat Native library which allows using OpenSSL was not found on the java.library.path: [C:\Program Files\Java\jdk-17.0.2\bin;C:\Windows\Sun\Java\bin;C:\Windows\system32;C:\Windows;C:\Program Files (x86)\NVIDIA Corporation\PhysX\Common;C:\Program Files\Common Files\Oracle\Java\javapath;C:\Program Files (x86)\Common Files\Oracle\Java\javapath;C:\Windows\system32;C:\Windows;C:\Windows\System32\Wbem;C:\Windows\System32\WindowsPowerShell\v1.0\;C:\Windows\System32\OpenSSH\;C:\Program Files (x86)\IronRuby 1.1\bin;C:\Program Files\Git\cmd;C:\Program Files\Inkscape\bin;C:\Program Files (x86)\IVI Foundation\VISA\WinNT\Bin;C:\Program Files\Azure Data Studio\bin;C:\Program Files\nodejs\;C:\ProgramData\UNIVALI\Portugol Studio;C:\Program Files\MATLAB\R2021a\runtime\win64;C:\Program Files\MATLAB\R2021a\bin;C:\Program Files\dotnet\;C:\Program Files\Microsoft SQL Server\120\Tools\Binn\;C:\Program Files\Microsoft SQL Server\Client SDK\ODBC\110\Tools\Binn\;C:\Program Files (x86)\Microsoft SQL Server\120\Tools\Binn\;C:\Program Files\Microsoft SQL Server\120\DTS\Binn\;C:\Program Files (x86)\Windows Kits\8.1\Windows Performance Toolkit\;C:\Program Files\Common Files\Autodesk Shared\;C:\Program Files\CodeBlocks\MinGW\bin;C:\Users\Default\AppData\Roaming\npm;C:\Users\Default\AppData\Roaming\node_modules\@angular\cli\bin;C:\Users\gabriel_souza20\AppData\Local\Microsoft\WindowsApps;;.]
16-Aug-2023 08:31:29.170 INFO [main] org.apache.coyote.AbstractProtocol.init Initializing ProtocolHandler ["http-nio-8080"]
16-Aug-2023 08:31:29.185 INFO [main] org.apache.catalina.startup.Catalina.load Server initialization in [392] milliseconds
16-Aug-2023 08:31:29.211 INFO [main] org.apache.catalina.core.StandardService.startInternal Starting service [Catalina]
16-Aug-2023 08:31:29.211 INFO [main] org.apache.catalina.core.StandardEngine.startInternal Starting Servlet engine: [Apache Tomcat/10.1.7]
16-Aug-2023 08:31:29.217 INFO [main] org.apache.catalina.startup.HostConfig.deployDescriptor Deploying deployment descriptor [C:\Users\gabriel_souza20\Documents\NetBeansProjects\SA_Locadora\apache-tomcat-10.1.7\conf\Catalina\localhost\SA_Locadora.xml]
16-Aug-2023 08:31:29.230 WARNING [main] org.apache.catalina.startup.HostConfig.deployDescriptor The path attribute with value [/SA_Locadora] in deployment descriptor [C:\Users\gabriel_souza20\Documents\NetBeansProjects\SA_Locadora\apache-tomcat-10.1.7\conf\Catalina\localhost\SA_Locadora.xml] has been ignored
16-Aug-2023 08:31:29.852 INFO [main] org.apache.jasper.servlet.TldScanner.scanJars At least one JAR was scanned for TLDs yet contained no TLDs. Enable debug logging for this logger for a complete list of JARs that were scanned but no TLDs were found in them. Skipping unneeded JARs during scanning can improve startup time and JSP compilation time.
16-Aug-2023 08:31:29.904 INFO [main] org.apache.catalina.startup.HostConfig.deployDescriptor Deployment of deployment descriptor [C:\Users\gabriel_souza20\Documents\NetBeansProjects\SA_Locadora\apache-tomcat-10.1.7\conf\Catalina\localhost\SA_Locadora.xml] has finished in [685] ms
16-Aug-2023 08:31:29.904 INFO [main] org.apache.catalina.startup.HostConfig.deployDirectory Diretório de instalação da aplicação web [C:\Users\gabriel_souza20\Documents\NetBeansProjects\SA_Locadora\apache-tomcat-10.1.7\webapps\docs]
16-Aug-2023 08:31:29.930 INFO [main] org.apache.catalina.startup.HostConfig.deployDirectory Deployment of web application directory [C:\Users\gabriel_souza20\Documents\NetBeansProjects\SA_Locadora\apache-tomcat-10.1.7\webapps\docs] has finished in [26] ms
16-Aug-2023 08:31:29.931 INFO [main] org.apache.catalina.startup.HostConfig.deployDirectory Diretório de instalação da aplicação web [C:\Users\gabriel_souza20\Documents\NetBeansProjects\SA_Locadora\apache-tomcat-10.1.7\webapps\examples]
16-Aug-2023 08:31:30.233 INFO [main] org.apache.catalina.startup.HostConfig.deployDirectory Deployment of web application directory [C:\Users\gabriel_souza20\Documents\NetBeansProjects\SA_Locadora\apache-tomcat-10.1.7\webapps\examples] has finished in [302] ms
16-Aug-2023 08:31:30.233 INFO [main] org.apache.catalina.startup.HostConfig.deployDirectory Diretório de instalação da aplicação web [C:\Users\gabriel_souza20\Documents\NetBeansProjects\SA_Locadora\apache-tomcat-10.1.7\webapps\host-manager]
16-Aug-2023 08:31:30.265 INFO [main] org.apache.catalina.startup.HostConfig.deployDirectory Deployment of web application directory [C:\Users\gabriel_souza20\Documents\NetBeansProjects\SA_Locadora\apache-tomcat-10.1.7\webapps\host-manager] has finished in [32] ms
16-Aug-2023 08:31:30.265 INFO [main] org.apache.catalina.startup.HostConfig.deployDirectory Diretório de instalação da aplicação web [C:\Users\gabriel_souza20\Documents\NetBeansProjects\SA_Locadora\apache-tomcat-10.1.7\webapps\manager]
16-Aug-2023 08:31:30.299 INFO [main] org.apache.catalina.startup.HostConfig.deployDirectory Deployment of web application directory [C:\Users\gabriel_souza20\Documents\NetBeansProjects\SA_Locadora\apache-tomcat-10.1.7\webapps\manager] has finished in [34] ms
16-Aug-2023 08:31:30.299 INFO [main] org.apache.catalina.startup.HostConfig.deployDirectory Diretório de instalação da aplicação web [C:\Users\gabriel_souza20\Documents\NetBeansProjects\SA_Locadora\apache-tomcat-10.1.7\webapps\ROOT]
16-Aug-2023 08:31:30.319 INFO [main] org.apache.catalina.startup.HostConfig.deployDirectory Deployment of web application directory [C:\Users\gabriel_souza20\Documents\NetBeansProjects\SA_Locadora\apache-tomcat-10.1.7\webapps\ROOT] has finished in [20] ms
16-Aug-2023 08:31:30.321 INFO [main] org.apache.coyote.AbstractProtocol.start Starting ProtocolHandler ["http-nio-8080"]
16-Aug-2023 08:31:30.343 INFO [main] org.apache.catalina.startup.Catalina.start Server startup in [1157] milliseconds
16-Aug-2023 08:31:30.439 INFO [http-nio-8080-exec-3] org.apache.catalina.startup.HostConfig.deployDescriptor Deploying deployment descriptor [C:\Users\gabriel_souza20\Documents\NetBeansProjects\SA_Locadora\apache-tomcat-10.1.7\conf\Catalina\localhost\testesFront.xml]
16-Aug-2023 08:31:30.440 WARNING [http-nio-8080-exec-3] org.apache.catalina.startup.HostConfig.deployDescriptor The path attribute with value [/testesFront] in deployment descriptor [C:\Users\gabriel_souza20\Documents\NetBeansProjects\SA_Locadora\apache-tomcat-10.1.7\conf\Catalina\localhost\testesFront.xml] has been ignored
16-Aug-2023 08:31:30.477 INFO [http-nio-8080-exec-3] org.apache.catalina.startup.HostConfig.deployDescriptor Deployment of deployment descriptor [C:\Users\gabriel_souza20\Documents\NetBeansProjects\SA_Locadora\apache-tomcat-10.1.7\conf\Catalina\localhost\testesFront.xml] has finished in [38] ms
16-Aug-2023 08:31:30.481 INFO [http-nio-8080-exec-5] org.apache.catalina.util.LifecycleBase.start The start() method was called on component [StandardEngine[Catalina].StandardHost[localhost].StandardContext[/testesFront]] after start() had already been called. The second call will be ignored.
16-Aug-2023 08:32:01.810 INFO [main] org.apache.catalina.core.StandardServer.await A valid shutdown command was received via the shutdown port. Stopping the Server instance.
16-Aug-2023 08:32:01.810 INFO [main] org.apache.coyote.AbstractProtocol.pause Pausing ProtocolHandler ["http-nio-8080"]
16-Aug-2023 08:32:01.815 INFO [main] org.apache.catalina.core.StandardService.stopInternal Stopping service [Catalina]
16-Aug-2023 08:32:01.829 INFO [main] org.apache.coyote.AbstractProtocol.stop Stopping ProtocolHandler ["http-nio-8080"]
16-Aug-2023 08:32:01.845 INFO [main] org.apache.coyote.AbstractProtocol.destroy Destroying ProtocolHandler ["http-nio-8080"]
16-Aug-2023 08:32:11.011 INFO [main] org.apache.catalina.startup.VersionLoggerListener.log Server version name:   Apache Tomcat/10.1.7
16-Aug-2023 08:32:11.013 INFO [main] org.apache.catalina.startup.VersionLoggerListener.log Server built:          Feb 27 2023 20:25:27 UTC
16-Aug-2023 08:32:11.013 INFO [main] org.apache.catalina.startup.VersionLoggerListener.log Server version number: 10.1.7.0
16-Aug-2023 08:32:11.013 INFO [main] org.apache.catalina.startup.VersionLoggerListener.log OS Name:               Windows 10
16-Aug-2023 08:32:11.014 INFO [main] org.apache.catalina.startup.VersionLoggerListener.log OS Version:            10.0
16-Aug-2023 08:32:11.014 INFO [main] org.apache.catalina.startup.VersionLoggerListener.log Architecture:          amd64
16-Aug-2023 08:32:11.014 INFO [main] org.apache.catalina.startup.VersionLoggerListener.log Java Home:             C:\Program Files\Java\jdk-17.0.2
16-Aug-2023 08:32:11.014 INFO [main] org.apache.catalina.startup.VersionLoggerListener.log JVM Version:           17.0.2+8-LTS-86
16-Aug-2023 08:32:11.014 INFO [main] org.apache.catalina.startup.VersionLoggerListener.log JVM Vendor:            Oracle Corporation
16-Aug-2023 08:32:11.014 INFO [main] org.apache.catalina.startup.VersionLoggerListener.log CATALINA_BASE:         C:\Users\gabriel_souza20\Documents\NetBeansProjects\SA_Locadora\apache-tomcat-10.1.7
16-Aug-2023 08:32:11.014 INFO [main] org.apache.catalina.startup.VersionLoggerListener.log CATALINA_HOME:         C:\Users\gabriel_souza20\Documents\NetBeansProjects\SA_Locadora\apache-tomcat-10.1.7
16-Aug-2023 08:32:11.022 INFO [main] org.apache.catalina.startup.VersionLoggerListener.log Command line argument: -Djava.util.logging.config.file=C:\Users\gabriel_souza20\Documents\NetBeansProjects\SA_Locadora\apache-tomcat-10.1.7\conf\logging.properties
16-Aug-2023 08:32:11.022 INFO [main] org.apache.catalina.startup.VersionLoggerListener.log Command line argument: -Djava.util.logging.manager=org.apache.juli.ClassLoaderLogManager
16-Aug-2023 08:32:11.022 INFO [main] org.apache.catalina.startup.VersionLoggerListener.log Command line argument: -Dhttp.nonProxyHosts=localhost|127.0.0.1|SN-344668
16-Aug-2023 08:32:11.022 INFO [main] org.apache.catalina.startup.VersionLoggerListener.log Command line argument: -Djdk.tls.ephemeralDHKeySize=2048
16-Aug-2023 08:32:11.022 INFO [main] org.apache.catalina.startup.VersionLoggerListener.log Command line argument: -Djava.protocol.handler.pkgs=org.apache.catalina.webresources
16-Aug-2023 08:32:11.022 INFO [main] org.apache.catalina.startup.VersionLoggerListener.log Command line argument: --add-opens=java.base/java.lang=ALL-UNNAMED
16-Aug-2023 08:32:11.023 INFO [main] org.apache.catalina.startup.VersionLoggerListener.log Command line argument: --add-opens=java.base/java.io=ALL-UNNAMED
16-Aug-2023 08:32:11.023 INFO [main] org.apache.catalina.startup.VersionLoggerListener.log Command line argument: --add-opens=java.base/java.util=ALL-UNNAMED
16-Aug-2023 08:32:11.023 INFO [main] org.apache.catalina.startup.VersionLoggerListener.log Command line argument: --add-opens=java.base/java.util.concurrent=ALL-UNNAMED
16-Aug-2023 08:32:11.024 INFO [main] org.apache.catalina.startup.VersionLoggerListener.log Command line argument: --add-opens=java.rmi/sun.rmi.transport=ALL-UNNAMED
16-Aug-2023 08:32:11.024 INFO [main] org.apache.catalina.startup.VersionLoggerListener.log Command line argument: -Dcatalina.base=C:\Users\gabriel_souza20\Documents\NetBeansProjects\SA_Locadora\apache-tomcat-10.1.7
16-Aug-2023 08:32:11.024 INFO [main] org.apache.catalina.startup.VersionLoggerListener.log Command line argument: -Dcatalina.home=C:\Users\gabriel_souza20\Documents\NetBeansProjects\SA_Locadora\apache-tomcat-10.1.7
16-Aug-2023 08:32:11.024 INFO [main] org.apache.catalina.startup.VersionLoggerListener.log Command line argument: -Djava.io.tmpdir=C:\Users\gabriel_souza20\Documents\NetBeansProjects\SA_Locadora\apache-tomcat-10.1.7\temp
16-Aug-2023 08:32:11.031 INFO [main] org.apache.catalina.core.AprLifecycleListener.lifecycleEvent The Apache Tomcat Native library which allows using OpenSSL was not found on the java.library.path: [C:\Program Files\Java\jdk-17.0.2\bin;C:\Windows\Sun\Java\bin;C:\Windows\system32;C:\Windows;C:\Program Files (x86)\NVIDIA Corporation\PhysX\Common;C:\Program Files\Common Files\Oracle\Java\javapath;C:\Program Files (x86)\Common Files\Oracle\Java\javapath;C:\Windows\system32;C:\Windows;C:\Windows\System32\Wbem;C:\Windows\System32\WindowsPowerShell\v1.0\;C:\Windows\System32\OpenSSH\;C:\Program Files (x86)\IronRuby 1.1\bin;C:\Program Files\Git\cmd;C:\Program Files\Inkscape\bin;C:\Program Files (x86)\IVI Foundation\VISA\WinNT\Bin;C:\Program Files\Azure Data Studio\bin;C:\Program Files\nodejs\;C:\ProgramData\UNIVALI\Portugol Studio;C:\Program Files\MATLAB\R2021a\runtime\win64;C:\Program Files\MATLAB\R2021a\bin;C:\Program Files\dotnet\;C:\Program Files\Microsoft SQL Server\120\Tools\Binn\;C:\Program Files\Microsoft SQL Server\Client SDK\ODBC\110\Tools\Binn\;C:\Program Files (x86)\Microsoft SQL Server\120\Tools\Binn\;C:\Program Files\Microsoft SQL Server\120\DTS\Binn\;C:\Program Files (x86)\Windows Kits\8.1\Windows Performance Toolkit\;C:\Program Files\Common Files\Autodesk Shared\;C:\Program Files\CodeBlocks\MinGW\bin;C:\Users\Default\AppData\Roaming\npm;C:\Users\Default\AppData\Roaming\node_modules\@angular\cli\bin;C:\Users\gabriel_souza20\AppData\Local\Microsoft\WindowsApps;;.]
16-Aug-2023 08:32:11.182 INFO [main] org.apache.coyote.AbstractProtocol.init Initializing ProtocolHandler ["http-nio-8080"]
16-Aug-2023 08:32:11.197 INFO [main] org.apache.catalina.startup.Catalina.load Server initialization in [305] milliseconds
16-Aug-2023 08:32:11.224 INFO [main] org.apache.catalina.core.StandardService.startInternal Starting service [Catalina]
16-Aug-2023 08:32:11.224 INFO [main] org.apache.catalina.core.StandardEngine.startInternal Starting Servlet engine: [Apache Tomcat/10.1.7]
16-Aug-2023 08:32:11.231 INFO [main] org.apache.catalina.startup.HostConfig.deployDescriptor Deploying deployment descriptor [C:\Users\gabriel_souza20\Documents\NetBeansProjects\SA_Locadora\apache-tomcat-10.1.7\conf\Catalina\localhost\SA_Locadora.xml]
16-Aug-2023 08:32:11.242 WARNING [main] org.apache.catalina.startup.HostConfig.deployDescriptor The path attribute with value [/SA_Locadora] in deployment descriptor [C:\Users\gabriel_souza20\Documents\NetBeansProjects\SA_Locadora\apache-tomcat-10.1.7\conf\Catalina\localhost\SA_Locadora.xml] has been ignored
16-Aug-2023 08:32:11.839 INFO [main] org.apache.jasper.servlet.TldScanner.scanJars At least one JAR was scanned for TLDs yet contained no TLDs. Enable debug logging for this logger for a complete list of JARs that were scanned but no TLDs were found in them. Skipping unneeded JARs during scanning can improve startup time and JSP compilation time.
16-Aug-2023 08:32:11.884 INFO [main] org.apache.catalina.startup.HostConfig.deployDescriptor Deployment of deployment descriptor [C:\Users\gabriel_souza20\Documents\NetBeansProjects\SA_Locadora\apache-tomcat-10.1.7\conf\Catalina\localhost\SA_Locadora.xml] has finished in [651] ms
16-Aug-2023 08:32:11.884 INFO [main] org.apache.catalina.startup.HostConfig.deployDescriptor Deploying deployment descriptor [C:\Users\gabriel_souza20\Documents\NetBeansProjects\SA_Locadora\apache-tomcat-10.1.7\conf\Catalina\localhost\testesFront.xml]
16-Aug-2023 08:32:11.884 WARNING [main] org.apache.catalina.startup.HostConfig.deployDescriptor The path attribute with value [/testesFront] in deployment descriptor [C:\Users\gabriel_souza20\Documents\NetBeansProjects\SA_Locadora\apache-tomcat-10.1.7\conf\Catalina\localhost\testesFront.xml] has been ignored
16-Aug-2023 08:32:11.905 INFO [main] org.apache.catalina.startup.HostConfig.deployDescriptor Deployment of deployment descriptor [C:\Users\gabriel_souza20\Documents\NetBeansProjects\SA_Locadora\apache-tomcat-10.1.7\conf\Catalina\localhost\testesFront.xml] has finished in [21] ms
16-Aug-2023 08:32:11.906 INFO [main] org.apache.catalina.startup.HostConfig.deployDirectory Diretório de instalação da aplicação web [C:\Users\gabriel_souza20\Documents\NetBeansProjects\SA_Locadora\apache-tomcat-10.1.7\webapps\docs]
16-Aug-2023 08:32:11.930 INFO [main] org.apache.catalina.startup.HostConfig.deployDirectory Deployment of web application directory [C:\Users\gabriel_souza20\Documents\NetBeansProjects\SA_Locadora\apache-tomcat-10.1.7\webapps\docs] has finished in [24] ms
16-Aug-2023 08:32:11.930 INFO [main] org.apache.catalina.startup.HostConfig.deployDirectory Diretório de instalação da aplicação web [C:\Users\gabriel_souza20\Documents\NetBeansProjects\SA_Locadora\apache-tomcat-10.1.7\webapps\examples]
16-Aug-2023 08:32:12.205 INFO [main] org.apache.catalina.startup.HostConfig.deployDirectory Deployment of web application directory [C:\Users\gabriel_souza20\Documents\NetBeansProjects\SA_Locadora\apache-tomcat-10.1.7\webapps\examples] has finished in [275] ms
16-Aug-2023 08:32:12.205 INFO [main] org.apache.catalina.startup.HostConfig.deployDirectory Diretório de instalação da aplicação web [C:\Users\gabriel_souza20\Documents\NetBeansProjects\SA_Locadora\apache-tomcat-10.1.7\webapps\host-manager]
16-Aug-2023 08:32:12.235 INFO [main] org.apache.catalina.startup.HostConfig.deployDirectory Deployment of web application directory [C:\Users\gabriel_souza20\Documents\NetBeansProjects\SA_Locadora\apache-tomcat-10.1.7\webapps\host-manager] has finished in [30] ms
16-Aug-2023 08:32:12.235 INFO [main] org.apache.catalina.startup.HostConfig.deployDirectory Diretório de instalação da aplicação web [C:\Users\gabriel_souza20\Documents\NetBeansProjects\SA_Locadora\apache-tomcat-10.1.7\webapps\manager]
16-Aug-2023 08:32:12.265 INFO [main] org.apache.catalina.startup.HostConfig.deployDirectory Deployment of web application directory [C:\Users\gabriel_souza20\Documents\NetBeansProjects\SA_Locadora\apache-tomcat-10.1.7\webapps\manager] has finished in [30] ms
16-Aug-2023 08:32:12.265 INFO [main] org.apache.catalina.startup.HostConfig.deployDirectory Diretório de instalação da aplicação web [C:\Users\gabriel_souza20\Documents\NetBeansProjects\SA_Locadora\apache-tomcat-10.1.7\webapps\ROOT]
16-Aug-2023 08:32:12.282 INFO [main] org.apache.catalina.startup.HostConfig.deployDirectory Deployment of web application directory [C:\Users\gabriel_souza20\Documents\NetBeansProjects\SA_Locadora\apache-tomcat-10.1.7\webapps\ROOT] has finished in [16] ms
16-Aug-2023 08:32:12.284 INFO [main] org.apache.coyote.AbstractProtocol.start Starting ProtocolHandler ["http-nio-8080"]
16-Aug-2023 08:32:12.304 INFO [main] org.apache.catalina.startup.Catalina.start Server startup in [1107] milliseconds
16-Aug-2023 08:33:26.344 INFO [main] org.apache.catalina.core.StandardServer.await A valid shutdown command was received via the shutdown port. Stopping the Server instance.
16-Aug-2023 08:33:26.344 INFO [main] org.apache.coyote.AbstractProtocol.pause Pausing ProtocolHandler ["http-nio-8080"]
16-Aug-2023 08:33:26.349 INFO [main] org.apache.catalina.core.StandardService.stopInternal Stopping service [Catalina]
16-Aug-2023 08:33:26.364 INFO [main] org.apache.coyote.AbstractProtocol.stop Stopping ProtocolHandler ["http-nio-8080"]
16-Aug-2023 08:33:26.375 INFO [main] org.apache.coyote.AbstractProtocol.destroy Destroying ProtocolHandler ["http-nio-8080"]
16-Aug-2023 08:33:42.806 INFO [main] org.apache.catalina.startup.VersionLoggerListener.log Server version name:   Apache Tomcat/10.1.7
16-Aug-2023 08:33:42.808 INFO [main] org.apache.catalina.startup.VersionLoggerListener.log Server built:          Feb 27 2023 20:25:27 UTC
16-Aug-2023 08:33:42.808 INFO [main] org.apache.catalina.startup.VersionLoggerListener.log Server version number: 10.1.7.0
16-Aug-2023 08:33:42.808 INFO [main] org.apache.catalina.startup.VersionLoggerListener.log OS Name:               Windows 10
16-Aug-2023 08:33:42.808 INFO [main] org.apache.catalina.startup.VersionLoggerListener.log OS Version:            10.0
16-Aug-2023 08:33:42.809 INFO [main] org.apache.catalina.startup.VersionLoggerListener.log Architecture:          amd64
16-Aug-2023 08:33:42.809 INFO [main] org.apache.catalina.startup.VersionLoggerListener.log Java Home:             C:\Program Files\Java\jdk-17.0.2
16-Aug-2023 08:33:42.809 INFO [main] org.apache.catalina.startup.VersionLoggerListener.log JVM Version:           17.0.2+8-LTS-86
16-Aug-2023 08:33:42.809 INFO [main] org.apache.catalina.startup.VersionLoggerListener.log JVM Vendor:            Oracle Corporation
16-Aug-2023 08:33:42.809 INFO [main] org.apache.catalina.startup.VersionLoggerListener.log CATALINA_BASE:         C:\Users\gabriel_souza20\Documents\NetBeansProjects\SA_Locadora\apache-tomcat-10.1.7
16-Aug-2023 08:33:42.809 INFO [main] org.apache.catalina.startup.VersionLoggerListener.log CATALINA_HOME:         C:\Users\gabriel_souza20\Documents\NetBeansProjects\SA_Locadora\apache-tomcat-10.1.7
16-Aug-2023 08:33:42.816 INFO [main] org.apache.catalina.startup.VersionLoggerListener.log Command line argument: -Djava.util.logging.config.file=C:\Users\gabriel_souza20\Documents\NetBeansProjects\SA_Locadora\apache-tomcat-10.1.7\conf\logging.properties
16-Aug-2023 08:33:42.816 INFO [main] org.apache.catalina.startup.VersionLoggerListener.log Command line argument: -Djava.util.logging.manager=org.apache.juli.ClassLoaderLogManager
16-Aug-2023 08:33:42.816 INFO [main] org.apache.catalina.startup.VersionLoggerListener.log Command line argument: -Dhttp.nonProxyHosts=localhost|127.0.0.1|SN-344668
16-Aug-2023 08:33:42.816 INFO [main] org.apache.catalina.startup.VersionLoggerListener.log Command line argument: -Djdk.tls.ephemeralDHKeySize=2048
16-Aug-2023 08:33:42.816 INFO [main] org.apache.catalina.startup.VersionLoggerListener.log Command line argument: -Djava.protocol.handler.pkgs=org.apache.catalina.webresources
16-Aug-2023 08:33:42.816 INFO [main] org.apache.catalina.startup.VersionLoggerListener.log Command line argument: --add-opens=java.base/java.lang=ALL-UNNAMED
16-Aug-2023 08:33:42.816 INFO [main] org.apache.catalina.startup.VersionLoggerListener.log Command line argument: --add-opens=java.base/java.io=ALL-UNNAMED
16-Aug-2023 08:33:42.816 INFO [main] org.apache.catalina.startup.VersionLoggerListener.log Command line argument: --add-opens=java.base/java.util=ALL-UNNAMED
16-Aug-2023 08:33:42.816 INFO [main] org.apache.catalina.startup.VersionLoggerListener.log Command line argument: --add-opens=java.base/java.util.concurrent=ALL-UNNAMED
16-Aug-2023 08:33:42.816 INFO [main] org.apache.catalina.startup.VersionLoggerListener.log Command line argument: --add-opens=java.rmi/sun.rmi.transport=ALL-UNNAMED
16-Aug-2023 08:33:42.817 INFO [main] org.apache.catalina.startup.VersionLoggerListener.log Command line argument: -Dcatalina.base=C:\Users\gabriel_souza20\Documents\NetBeansProjects\SA_Locadora\apache-tomcat-10.1.7
16-Aug-2023 08:33:42.817 INFO [main] org.apache.catalina.startup.VersionLoggerListener.log Command line argument: -Dcatalina.home=C:\Users\gabriel_souza20\Documents\NetBeansProjects\SA_Locadora\apache-tomcat-10.1.7
16-Aug-2023 08:33:42.817 INFO [main] org.apache.catalina.startup.VersionLoggerListener.log Command line argument: -Djava.io.tmpdir=C:\Users\gabriel_souza20\Documents\NetBeansProjects\SA_Locadora\apache-tomcat-10.1.7\temp
16-Aug-2023 08:33:42.824 INFO [main] org.apache.catalina.core.AprLifecycleListener.lifecycleEvent The Apache Tomcat Native library which allows using OpenSSL was not found on the java.library.path: [C:\Program Files\Java\jdk-17.0.2\bin;C:\Windows\Sun\Java\bin;C:\Windows\system32;C:\Windows;C:\Program Files (x86)\NVIDIA Corporation\PhysX\Common;C:\Program Files\Common Files\Oracle\Java\javapath;C:\Program Files (x86)\Common Files\Oracle\Java\javapath;C:\Windows\system32;C:\Windows;C:\Windows\System32\Wbem;C:\Windows\System32\WindowsPowerShell\v1.0\;C:\Windows\System32\OpenSSH\;C:\Program Files (x86)\IronRuby 1.1\bin;C:\Program Files\Git\cmd;C:\Program Files\Inkscape\bin;C:\Program Files (x86)\IVI Foundation\VISA\WinNT\Bin;C:\Program Files\Azure Data Studio\bin;C:\Program Files\nodejs\;C:\ProgramData\UNIVALI\Portugol Studio;C:\Program Files\MATLAB\R2021a\runtime\win64;C:\Program Files\MATLAB\R2021a\bin;C:\Program Files\dotnet\;C:\Program Files\Microsoft SQL Server\120\Tools\Binn\;C:\Program Files\Microsoft SQL Server\Client SDK\ODBC\110\Tools\Binn\;C:\Program Files (x86)\Microsoft SQL Server\120\Tools\Binn\;C:\Program Files\Microsoft SQL Server\120\DTS\Binn\;C:\Program Files (x86)\Windows Kits\8.1\Windows Performance Toolkit\;C:\Program Files\Common Files\Autodesk Shared\;C:\Program Files\CodeBlocks\MinGW\bin;C:\Users\Default\AppData\Roaming\npm;C:\Users\Default\AppData\Roaming\node_modules\@angular\cli\bin;C:\Users\gabriel_souza20\AppData\Local\Microsoft\WindowsApps;;.]
16-Aug-2023 08:33:43.074 INFO [main] org.apache.coyote.AbstractProtocol.init Initializing ProtocolHandler ["http-nio-8080"]
16-Aug-2023 08:33:43.088 INFO [main] org.apache.catalina.startup.Catalina.load Server initialization in [402] milliseconds
16-Aug-2023 08:33:43.114 INFO [main] org.apache.catalina.core.StandardService.startInternal Starting service [Catalina]
16-Aug-2023 08:33:43.114 INFO [main] org.apache.catalina.core.StandardEngine.startInternal Starting Servlet engine: [Apache Tomcat/10.1.7]
16-Aug-2023 08:33:43.120 INFO [main] org.apache.catalina.startup.HostConfig.deployDescriptor Deploying deployment descriptor [C:\Users\gabriel_souza20\Documents\NetBeansProjects\SA_Locadora\apache-tomcat-10.1.7\conf\Catalina\localhost\SA_Locadora.xml]
16-Aug-2023 08:33:43.131 WARNING [main] org.apache.catalina.startup.HostConfig.deployDescriptor The path attribute with value [/SA_Locadora] in deployment descriptor [C:\Users\gabriel_souza20\Documents\NetBeansProjects\SA_Locadora\apache-tomcat-10.1.7\conf\Catalina\localhost\SA_Locadora.xml] has been ignored
16-Aug-2023 08:33:43.739 INFO [main] org.apache.jasper.servlet.TldScanner.scanJars At least one JAR was scanned for TLDs yet contained no TLDs. Enable debug logging for this logger for a complete list of JARs that were scanned but no TLDs were found in them. Skipping unneeded JARs during scanning can improve startup time and JSP compilation time.
16-Aug-2023 08:33:43.788 INFO [main] org.apache.catalina.startup.HostConfig.deployDescriptor Deployment of deployment descriptor [C:\Users\gabriel_souza20\Documents\NetBeansProjects\SA_Locadora\apache-tomcat-10.1.7\conf\Catalina\localhost\SA_Locadora.xml] has finished in [666] ms
16-Aug-2023 08:33:43.788 INFO [main] org.apache.catalina.startup.HostConfig.deployDescriptor Deploying deployment descriptor [C:\Users\gabriel_souza20\Documents\NetBeansProjects\SA_Locadora\apache-tomcat-10.1.7\conf\Catalina\localhost\testesFront.xml]
16-Aug-2023 08:33:43.789 WARNING [main] org.apache.catalina.startup.HostConfig.deployDescriptor The path attribute with value [/testesFront] in deployment descriptor [C:\Users\gabriel_souza20\Documents\NetBeansProjects\SA_Locadora\apache-tomcat-10.1.7\conf\Catalina\localhost\testesFront.xml] has been ignored
16-Aug-2023 08:33:43.813 INFO [main] org.apache.catalina.startup.HostConfig.deployDescriptor Deployment of deployment descriptor [C:\Users\gabriel_souza20\Documents\NetBeansProjects\SA_Locadora\apache-tomcat-10.1.7\conf\Catalina\localhost\testesFront.xml] has finished in [25] ms
16-Aug-2023 08:33:43.814 INFO [main] org.apache.catalina.startup.HostConfig.deployDirectory Diretório de instalação da aplicação web [C:\Users\gabriel_souza20\Documents\NetBeansProjects\SA_Locadora\apache-tomcat-10.1.7\webapps\docs]
16-Aug-2023 08:33:43.843 INFO [main] org.apache.catalina.startup.HostConfig.deployDirectory Deployment of web application directory [C:\Users\gabriel_souza20\Documents\NetBeansProjects\SA_Locadora\apache-tomcat-10.1.7\webapps\docs] has finished in [29] ms
16-Aug-2023 08:33:43.843 INFO [main] org.apache.catalina.startup.HostConfig.deployDirectory Diretório de instalação da aplicação web [C:\Users\gabriel_souza20\Documents\NetBeansProjects\SA_Locadora\apache-tomcat-10.1.7\webapps\examples]
16-Aug-2023 08:33:44.127 INFO [main] org.apache.catalina.startup.HostConfig.deployDirectory Deployment of web application directory [C:\Users\gabriel_souza20\Documents\NetBeansProjects\SA_Locadora\apache-tomcat-10.1.7\webapps\examples] has finished in [284] ms
16-Aug-2023 08:33:44.127 INFO [main] org.apache.catalina.startup.HostConfig.deployDirectory Diretório de instalação da aplicação web [C:\Users\gabriel_souza20\Documents\NetBeansProjects\SA_Locadora\apache-tomcat-10.1.7\webapps\host-manager]
16-Aug-2023 08:33:44.158 INFO [main] org.apache.catalina.startup.HostConfig.deployDirectory Deployment of web application directory [C:\Users\gabriel_souza20\Documents\NetBeansProjects\SA_Locadora\apache-tomcat-10.1.7\webapps\host-manager] has finished in [31] ms
16-Aug-2023 08:33:44.158 INFO [main] org.apache.catalina.startup.HostConfig.deployDirectory Diretório de instalação da aplicação web [C:\Users\gabriel_souza20\Documents\NetBeansProjects\SA_Locadora\apache-tomcat-10.1.7\webapps\manager]
16-Aug-2023 08:33:44.193 INFO [main] org.apache.catalina.startup.HostConfig.deployDirectory Deployment of web application directory [C:\Users\gabriel_souza20\Documents\NetBeansProjects\SA_Locadora\apache-tomcat-10.1.7\webapps\manager] has finished in [35] ms
16-Aug-2023 08:33:44.193 INFO [main] org.apache.catalina.startup.HostConfig.deployDirectory Diretório de instalação da aplicação web [C:\Users\gabriel_souza20\Documents\NetBeansProjects\SA_Locadora\apache-tomcat-10.1.7\webapps\ROOT]
16-Aug-2023 08:33:44.212 INFO [main] org.apache.catalina.startup.HostConfig.deployDirectory Deployment of web application directory [C:\Users\gabriel_souza20\Documents\NetBeansProjects\SA_Locadora\apache-tomcat-10.1.7\webapps\ROOT] has finished in [19] ms
16-Aug-2023 08:33:44.214 INFO [main] org.apache.coyote.AbstractProtocol.start Starting ProtocolHandler ["http-nio-8080"]
16-Aug-2023 08:33:44.236 INFO [main] org.apache.catalina.startup.Catalina.start Server startup in [1147] milliseconds
16-Aug-2023 08:36:40.635 INFO [http-nio-8080-exec-9] org.apache.catalina.startup.HostConfig.undeploy Undeploying context [/testesFront]
16-Aug-2023 12:25:18.823 INFO [main] org.apache.catalina.core.StandardServer.await A valid shutdown command was received via the shutdown port. Stopping the Server instance.
16-Aug-2023 12:25:18.824 INFO [main] org.apache.coyote.AbstractProtocol.pause Pausing ProtocolHandler ["http-nio-8080"]
16-Aug-2023 12:25:18.827 INFO [main] org.apache.catalina.core.StandardService.stopInternal Stopping service [Catalina]
16-Aug-2023 12:25:18.837 WARNING [main] org.apache.catalina.loader.WebappClassLoaderBase.clearReferencesJdbc The web application [SA_Locadora] registered the JDBC driver [com.mysql.cj.jdbc.Driver] but failed to unregister it when the web application was stopped. To prevent a memory leak, the JDBC Driver has been forcibly unregistered.
16-Aug-2023 12:25:18.837 WARNING [main] org.apache.catalina.loader.WebappClassLoaderBase.clearReferencesThreads The web application [SA_Locadora] appears to have started a thread named [mysql-cj-abandoned-connection-cleanup] but has failed to stop it. This is very likely to create a memory leak. Stack trace of thread:
 java.base@17.0.2/java.lang.Object.wait(Native Method)
 java.base@17.0.2/java.lang.ref.ReferenceQueue.remove(ReferenceQueue.java:155)
 com.mysql.cj.jdbc.AbandonedConnectionCleanupThread.run(AbandonedConnectionCleanupThread.java:91)
 java.base@17.0.2/java.util.concurrent.ThreadPoolExecutor.runWorker(ThreadPoolExecutor.java:1136)
 java.base@17.0.2/java.util.concurrent.ThreadPoolExecutor$Worker.run(ThreadPoolExecutor.java:635)
 java.base@17.0.2/java.lang.Thread.run(Thread.java:833)
16-Aug-2023 12:25:18.840 INFO [main] org.apache.coyote.AbstractProtocol.stop Stopping ProtocolHandler ["http-nio-8080"]
16-Aug-2023 12:25:18.853 INFO [main] org.apache.coyote.AbstractProtocol.destroy Destroying ProtocolHandler ["http-nio-8080"]
