16-Aug-2023 07:29:15.400 INFO [main] org.apache.catalina.core.ApplicationContext.log ContextListener: contextInitialized()
16-Aug-2023 07:29:15.400 INFO [main] org.apache.catalina.core.ApplicationContext.log SessionListener: contextInitialized()
16-Aug-2023 07:29:15.402 INFO [main] org.apache.catalina.core.ApplicationContext.log ContextListener: attributeAdded('StockTicker', 'async.Stockticker@7c351808')
16-Aug-2023 08:29:48.662 INFO [main] org.apache.catalina.core.ApplicationContext.log SessionListener: contextDestroyed()
16-Aug-2023 08:29:48.662 INFO [main] org.apache.catalina.core.ApplicationContext.log ContextListener: contextDestroyed()
16-Aug-2023 08:31:30.224 INFO [main] org.apache.catalina.core.ApplicationContext.log ContextListener: contextInitialized()
16-Aug-2023 08:31:30.224 INFO [main] org.apache.catalina.core.ApplicationContext.log SessionListener: contextInitialized()
16-Aug-2023 08:31:30.225 INFO [main] org.apache.catalina.core.ApplicationContext.log ContextListener: attributeAdded('StockTicker', 'async.Stockticker@3119cf6f')
16-Aug-2023 08:32:01.820 INFO [main] org.apache.catalina.core.ApplicationContext.log SessionListener: contextDestroyed()
16-Aug-2023 08:32:01.820 INFO [main] org.apache.catalina.core.ApplicationContext.log ContextListener: contextDestroyed()
16-Aug-2023 08:32:12.196 INFO [main] org.apache.catalina.core.ApplicationContext.log ContextListener: contextInitialized()
16-Aug-2023 08:32:12.196 INFO [main] org.apache.catalina.core.ApplicationContext.log SessionListener: contextInitialized()
16-Aug-2023 08:32:12.198 INFO [main] org.apache.catalina.core.ApplicationContext.log ContextListener: attributeAdded('StockTicker', 'async.Stockticker@329548d0')
16-Aug-2023 08:33:26.356 INFO [main] org.apache.catalina.core.ApplicationContext.log SessionListener: contextDestroyed()
16-Aug-2023 08:33:26.356 INFO [main] org.apache.catalina.core.ApplicationContext.log ContextListener: contextDestroyed()
16-Aug-2023 08:33:44.117 INFO [main] org.apache.catalina.core.ApplicationContext.log ContextListener: contextInitialized()
16-Aug-2023 08:33:44.118 INFO [main] org.apache.catalina.core.ApplicationContext.log SessionListener: contextInitialized()
16-Aug-2023 08:33:44.119 INFO [main] org.apache.catalina.core.ApplicationContext.log ContextListener: attributeAdded('StockTicker', 'async.Stockticker@4d1ff6b1')
16-Aug-2023 12:25:18.831 INFO [main] org.apache.catalina.core.ApplicationContext.log SessionListener: contextDestroyed()
16-Aug-2023 12:25:18.831 INFO [main] org.apache.catalina.core.ApplicationContext.log ContextListener: contextDestroyed()
