31-Jul-2023 19:13:19.179 INFO [main] org.apache.catalina.core.ApplicationContext.log ContextListener: contextInitialized()
31-Jul-2023 19:13:19.179 INFO [main] org.apache.catalina.core.ApplicationContext.log SessionListener: contextInitialized()
31-Jul-2023 19:13:19.184 INFO [main] org.apache.catalina.core.ApplicationContext.log ContextListener: attributeAdded('StockTicker', 'async.Stockticker@70e02081')
31-Jul-2023 19:39:59.679 INFO [main] org.apache.catalina.core.ApplicationContext.log SessionListener: contextDestroyed()
31-Jul-2023 19:39:59.679 INFO [main] org.apache.catalina.core.ApplicationContext.log ContextListener: contextDestroyed()
31-Jul-2023 19:40:07.923 INFO [main] org.apache.catalina.core.ApplicationContext.log ContextListener: contextInitialized()
31-Jul-2023 19:40:07.923 INFO [main] org.apache.catalina.core.ApplicationContext.log SessionListener: contextInitialized()
31-Jul-2023 19:40:07.929 INFO [main] org.apache.catalina.core.ApplicationContext.log ContextListener: attributeAdded('StockTicker', 'async.Stockticker@3afae281')
31-Jul-2023 20:28:29.840 INFO [main] org.apache.catalina.core.ApplicationContext.log SessionListener: contextDestroyed()
31-Jul-2023 20:28:29.840 INFO [main] org.apache.catalina.core.ApplicationContext.log ContextListener: contextDestroyed()
31-Jul-2023 20:28:34.451 INFO [main] org.apache.catalina.core.ApplicationContext.log ContextListener: contextInitialized()
31-Jul-2023 20:28:34.451 INFO [main] org.apache.catalina.core.ApplicationContext.log SessionListener: contextInitialized()
31-Jul-2023 20:28:34.456 INFO [main] org.apache.catalina.core.ApplicationContext.log ContextListener: attributeAdded('StockTicker', 'async.Stockticker@7ac9af2a')
31-Jul-2023 21:25:57.052 SEVERE [http-nio-8080-exec-15] org.apache.catalina.core.StandardWrapperValve.invoke Servlet.service() for servlet [jsp] in context with path [/SA_Locadora] threw exception [Unable to compile class for JSP: 

An error occurred at line: [19] in the jsp file: [/recebeDadosAluguel.jsp]
Type mismatch: cannot convert from long to Date
16:             int     vIdAluguel             = Integer.parseInt(request.getParameter("idAluguel"));
17:             int     vIdVeiculo             = Integer.parseInt(request.getParameter("idVeiculo"));
18:             String  vCpfCliente            = request.getParameter("cpfCliente");
19:             Date    vDataAluguel           = Date.parse(request.getParameter("dataAluguel"));
20:             Date    vDataDevolucao         = Date.parse(request.getParameter("dataDevolucao"));
21:             Date    vDataEstimadaDevolucao = Date.parse(request.getParameter("dataEstimadaDevolucao"));
22:             boolean vPagamento             = Boolean.parseBoolean(request.getParameter("pagamento"));


An error occurred at line: [20] in the jsp file: [/recebeDadosAluguel.jsp]
Type mismatch: cannot convert from long to Date
17:             int     vIdVeiculo             = Integer.parseInt(request.getParameter("idVeiculo"));
18:             String  vCpfCliente            = request.getParameter("cpfCliente");
19:             Date    vDataAluguel           = Date.parse(request.getParameter("dataAluguel"));
20:             Date    vDataDevolucao         = Date.parse(request.getParameter("dataDevolucao"));
21:             Date    vDataEstimadaDevolucao = Date.parse(request.getParameter("dataEstimadaDevolucao"));
22:             boolean vPagamento             = Boolean.parseBoolean(request.getParameter("pagamento"));
23:            


An error occurred at line: [21] in the jsp file: [/recebeDadosAluguel.jsp]
Type mismatch: cannot convert from long to Date
18:             String  vCpfCliente            = request.getParameter("cpfCliente");
19:             Date    vDataAluguel           = Date.parse(request.getParameter("dataAluguel"));
20:             Date    vDataDevolucao         = Date.parse(request.getParameter("dataDevolucao"));
21:             Date    vDataEstimadaDevolucao = Date.parse(request.getParameter("dataEstimadaDevolucao"));
22:             boolean vPagamento             = Boolean.parseBoolean(request.getParameter("pagamento"));
23:            
24:             Aluguel alu = new Aluguel();


Stacktrace:] with root cause
	org.apache.jasper.JasperException: Unable to compile class for JSP: 

An error occurred at line: [19] in the jsp file: [/recebeDadosAluguel.jsp]
Type mismatch: cannot convert from long to Date
16:             int     vIdAluguel             = Integer.parseInt(request.getParameter("idAluguel"));
17:             int     vIdVeiculo             = Integer.parseInt(request.getParameter("idVeiculo"));
18:             String  vCpfCliente            = request.getParameter("cpfCliente");
19:             Date    vDataAluguel           = Date.parse(request.getParameter("dataAluguel"));
20:             Date    vDataDevolucao         = Date.parse(request.getParameter("dataDevolucao"));
21:             Date    vDataEstimadaDevolucao = Date.parse(request.getParameter("dataEstimadaDevolucao"));
22:             boolean vPagamento             = Boolean.parseBoolean(request.getParameter("pagamento"));


An error occurred at line: [20] in the jsp file: [/recebeDadosAluguel.jsp]
Type mismatch: cannot convert from long to Date
17:             int     vIdVeiculo             = Integer.parseInt(request.getParameter("idVeiculo"));
18:             String  vCpfCliente            = request.getParameter("cpfCliente");
19:             Date    vDataAluguel           = Date.parse(request.getParameter("dataAluguel"));
20:             Date    vDataDevolucao         = Date.parse(request.getParameter("dataDevolucao"));
21:             Date    vDataEstimadaDevolucao = Date.parse(request.getParameter("dataEstimadaDevolucao"));
22:             boolean vPagamento             = Boolean.parseBoolean(request.getParameter("pagamento"));
23:            


An error occurred at line: [21] in the jsp file: [/recebeDadosAluguel.jsp]
Type mismatch: cannot convert from long to Date
18:             String  vCpfCliente            = request.getParameter("cpfCliente");
19:             Date    vDataAluguel           = Date.parse(request.getParameter("dataAluguel"));
20:             Date    vDataDevolucao         = Date.parse(request.getParameter("dataDevolucao"));
21:             Date    vDataEstimadaDevolucao = Date.parse(request.getParameter("dataEstimadaDevolucao"));
22:             boolean vPagamento             = Boolean.parseBoolean(request.getParameter("pagamento"));
23:            
24:             Aluguel alu = new Aluguel();


Stacktrace:
		at org.apache.jasper.compiler.DefaultErrorHandler.javacError(DefaultErrorHandler.java:102)
		at org.apache.jasper.compiler.ErrorDispatcher.javacError(ErrorDispatcher.java:213)
		at org.apache.jasper.compiler.JDTCompiler.generateClass(JDTCompiler.java:513)
		at org.apache.jasper.compiler.Compiler.compile(Compiler.java:402)
		at org.apache.jasper.compiler.Compiler.compile(Compiler.java:372)
		at org.apache.jasper.compiler.Compiler.compile(Compiler.java:356)
		at org.apache.jasper.JspCompilationContext.compile(JspCompilationContext.java:603)
		at org.apache.jasper.servlet.JspServletWrapper.service(JspServletWrapper.java:396)
		at org.apache.jasper.servlet.JspServlet.serviceJspFile(JspServlet.java:380)
		at org.apache.jasper.servlet.JspServlet.service(JspServlet.java:328)
		at jakarta.servlet.http.HttpServlet.service(HttpServlet.java:631)
		at org.apache.catalina.core.ApplicationFilterChain.internalDoFilter(ApplicationFilterChain.java:205)
		at org.apache.catalina.core.ApplicationFilterChain.doFilter(ApplicationFilterChain.java:149)
		at org.apache.tomcat.websocket.server.WsFilter.doFilter(WsFilter.java:53)
		at org.apache.catalina.core.ApplicationFilterChain.internalDoFilter(ApplicationFilterChain.java:174)
		at org.apache.catalina.core.ApplicationFilterChain.doFilter(ApplicationFilterChain.java:149)
		at org.apache.catalina.core.StandardWrapperValve.invoke(StandardWrapperValve.java:166)
		at org.apache.catalina.core.StandardContextValve.invoke(StandardContextValve.java:90)
		at org.apache.catalina.authenticator.AuthenticatorBase.invoke(AuthenticatorBase.java:493)
		at org.apache.catalina.core.StandardHostValve.invoke(StandardHostValve.java:115)
		at org.apache.catalina.valves.ErrorReportValve.invoke(ErrorReportValve.java:93)
		at org.apache.catalina.valves.AbstractAccessLogValve.invoke(AbstractAccessLogValve.java:676)
		at org.apache.catalina.core.StandardEngineValve.invoke(StandardEngineValve.java:74)
		at org.apache.catalina.connector.CoyoteAdapter.service(CoyoteAdapter.java:341)
		at org.apache.coyote.http11.Http11Processor.service(Http11Processor.java:390)
		at org.apache.coyote.AbstractProcessorLight.process(AbstractProcessorLight.java:63)
		at org.apache.coyote.AbstractProtocol$ConnectionHandler.process(AbstractProtocol.java:894)
		at org.apache.tomcat.util.net.NioEndpoint$SocketProcessor.doRun(NioEndpoint.java:1741)
		at org.apache.tomcat.util.net.SocketProcessorBase.run(SocketProcessorBase.java:52)
		at org.apache.tomcat.util.threads.ThreadPoolExecutor.runWorker(ThreadPoolExecutor.java:1191)
		at org.apache.tomcat.util.threads.ThreadPoolExecutor$Worker.run(ThreadPoolExecutor.java:659)
		at org.apache.tomcat.util.threads.TaskThread$WrappingRunnable.run(TaskThread.java:61)
		at java.base/java.lang.Thread.run(Thread.java:1589)
31-Jul-2023 21:32:04.597 INFO [main] org.apache.catalina.core.ApplicationContext.log SessionListener: contextDestroyed()
31-Jul-2023 21:32:04.597 INFO [main] org.apache.catalina.core.ApplicationContext.log ContextListener: contextDestroyed()
