10-Aug-2023 07:36:04.884 INFO [main] org.apache.catalina.core.ApplicationContext.log ContextListener: contextInitialized()
10-Aug-2023 07:36:04.884 INFO [main] org.apache.catalina.core.ApplicationContext.log SessionListener: contextInitialized()
10-Aug-2023 07:36:04.888 INFO [main] org.apache.catalina.core.ApplicationContext.log ContextListener: attributeAdded('StockTicker', 'async.Stockticker@29b40b3')
10-Aug-2023 14:29:11.740 INFO [main] org.apache.catalina.core.ApplicationContext.log ContextListener: contextInitialized()
10-Aug-2023 14:29:11.740 INFO [main] org.apache.catalina.core.ApplicationContext.log SessionListener: contextInitialized()
10-Aug-2023 14:29:11.745 INFO [main] org.apache.catalina.core.ApplicationContext.log ContextListener: attributeAdded('StockTicker', 'async.Stockticker@19fe4644')
10-Aug-2023 14:31:22.799 INFO [main] org.apache.catalina.core.ApplicationContext.log SessionListener: contextDestroyed()
10-Aug-2023 14:31:22.799 INFO [main] org.apache.catalina.core.ApplicationContext.log ContextListener: contextDestroyed()
10-Aug-2023 14:31:34.444 INFO [main] org.apache.catalina.core.ApplicationContext.log ContextListener: contextInitialized()
10-Aug-2023 14:31:34.444 INFO [main] org.apache.catalina.core.ApplicationContext.log SessionListener: contextInitialized()
10-Aug-2023 14:31:34.449 INFO [main] org.apache.catalina.core.ApplicationContext.log ContextListener: attributeAdded('StockTicker', 'async.Stockticker@741b3bc3')
10-Aug-2023 14:46:50.656 SEVERE [http-nio-8080-exec-3] org.apache.catalina.core.StandardWrapperValve.invoke Servlet.service() for servlet [jsp] in context with path [/SA_Locadora] threw exception [An exception occurred processing [/form/consultar/back/consultar_cliente.jsp] at line [217]

214:                     }
215:                 }else if(vModoConsulta == 1) {
216:                     List<Cliente> listaClientes = new ArrayList<>();
217:                     listaClientes = cli.consultarClientes();
218: 
219:                     for(Cliente c : listaClientes) {
220:            %>


Stacktrace:] with root cause
	java.lang.NullPointerException: Cannot invoke "java.sql.Connection.prepareStatement(String)" because "con" is null
		at classes.Cliente.consultarClientes(Cliente.java:166)
		at org.apache.jsp.form.consultar.back.consultar_005fcliente_jsp._jspService(consultar_005fcliente_jsp.java:376)
		at org.apache.jasper.runtime.HttpJspBase.service(HttpJspBase.java:70)
		at jakarta.servlet.http.HttpServlet.service(HttpServlet.java:631)
		at org.apache.jasper.servlet.JspServletWrapper.service(JspServletWrapper.java:456)
		at org.apache.jasper.servlet.JspServlet.serviceJspFile(JspServlet.java:380)
		at org.apache.jasper.servlet.JspServlet.service(JspServlet.java:328)
		at jakarta.servlet.http.HttpServlet.service(HttpServlet.java:631)
		at org.apache.catalina.core.ApplicationFilterChain.internalDoFilter(ApplicationFilterChain.java:205)
		at org.apache.catalina.core.ApplicationFilterChain.doFilter(ApplicationFilterChain.java:149)
		at org.apache.tomcat.websocket.server.WsFilter.doFilter(WsFilter.java:53)
		at org.apache.catalina.core.ApplicationFilterChain.internalDoFilter(ApplicationFilterChain.java:174)
		at org.apache.catalina.core.ApplicationFilterChain.doFilter(ApplicationFilterChain.java:149)
		at org.apache.catalina.core.StandardWrapperValve.invoke(StandardWrapperValve.java:166)
		at org.apache.catalina.core.StandardContextValve.invoke(StandardContextValve.java:90)
		at org.apache.catalina.authenticator.AuthenticatorBase.invoke(AuthenticatorBase.java:493)
		at org.apache.catalina.core.StandardHostValve.invoke(StandardHostValve.java:115)
		at org.apache.catalina.valves.ErrorReportValve.invoke(ErrorReportValve.java:93)
		at org.apache.catalina.valves.AbstractAccessLogValve.invoke(AbstractAccessLogValve.java:676)
		at org.apache.catalina.core.StandardEngineValve.invoke(StandardEngineValve.java:74)
		at org.apache.catalina.connector.CoyoteAdapter.service(CoyoteAdapter.java:341)
		at org.apache.coyote.http11.Http11Processor.service(Http11Processor.java:390)
		at org.apache.coyote.AbstractProcessorLight.process(AbstractProcessorLight.java:63)
		at org.apache.coyote.AbstractProtocol$ConnectionHandler.process(AbstractProtocol.java:894)
		at org.apache.tomcat.util.net.NioEndpoint$SocketProcessor.doRun(NioEndpoint.java:1741)
		at org.apache.tomcat.util.net.SocketProcessorBase.run(SocketProcessorBase.java:52)
		at org.apache.tomcat.util.threads.ThreadPoolExecutor.runWorker(ThreadPoolExecutor.java:1191)
		at org.apache.tomcat.util.threads.ThreadPoolExecutor$Worker.run(ThreadPoolExecutor.java:659)
		at org.apache.tomcat.util.threads.TaskThread$WrappingRunnable.run(TaskThread.java:61)
		at java.base/java.lang.Thread.run(Thread.java:832)
10-Aug-2023 14:46:51.168 SEVERE [http-nio-8080-exec-10] org.apache.catalina.core.StandardWrapperValve.invoke Servlet.service() for servlet [jsp] in context with path [/SA_Locadora] threw exception [An exception occurred processing [/form/consultar/back/consultar_cliente.jsp] at line [217]

214:                     }
215:                 }else if(vModoConsulta == 1) {
216:                     List<Cliente> listaClientes = new ArrayList<>();
217:                     listaClientes = cli.consultarClientes();
218: 
219:                     for(Cliente c : listaClientes) {
220:            %>


Stacktrace:] with root cause
	java.lang.NullPointerException: Cannot invoke "java.sql.Connection.prepareStatement(String)" because "con" is null
		at classes.Cliente.consultarClientes(Cliente.java:166)
		at org.apache.jsp.form.consultar.back.consultar_005fcliente_jsp._jspService(consultar_005fcliente_jsp.java:376)
		at org.apache.jasper.runtime.HttpJspBase.service(HttpJspBase.java:70)
		at jakarta.servlet.http.HttpServlet.service(HttpServlet.java:631)
		at org.apache.jasper.servlet.JspServletWrapper.service(JspServletWrapper.java:456)
		at org.apache.jasper.servlet.JspServlet.serviceJspFile(JspServlet.java:380)
		at org.apache.jasper.servlet.JspServlet.service(JspServlet.java:328)
		at jakarta.servlet.http.HttpServlet.service(HttpServlet.java:631)
		at org.apache.catalina.core.ApplicationFilterChain.internalDoFilter(ApplicationFilterChain.java:205)
		at org.apache.catalina.core.ApplicationFilterChain.doFilter(ApplicationFilterChain.java:149)
		at org.apache.tomcat.websocket.server.WsFilter.doFilter(WsFilter.java:53)
		at org.apache.catalina.core.ApplicationFilterChain.internalDoFilter(ApplicationFilterChain.java:174)
		at org.apache.catalina.core.ApplicationFilterChain.doFilter(ApplicationFilterChain.java:149)
		at org.apache.catalina.core.StandardWrapperValve.invoke(StandardWrapperValve.java:166)
		at org.apache.catalina.core.StandardContextValve.invoke(StandardContextValve.java:90)
		at org.apache.catalina.authenticator.AuthenticatorBase.invoke(AuthenticatorBase.java:493)
		at org.apache.catalina.core.StandardHostValve.invoke(StandardHostValve.java:115)
		at org.apache.catalina.valves.ErrorReportValve.invoke(ErrorReportValve.java:93)
		at org.apache.catalina.valves.AbstractAccessLogValve.invoke(AbstractAccessLogValve.java:676)
		at org.apache.catalina.core.StandardEngineValve.invoke(StandardEngineValve.java:74)
		at org.apache.catalina.connector.CoyoteAdapter.service(CoyoteAdapter.java:341)
		at org.apache.coyote.http11.Http11Processor.service(Http11Processor.java:390)
		at org.apache.coyote.AbstractProcessorLight.process(AbstractProcessorLight.java:63)
		at org.apache.coyote.AbstractProtocol$ConnectionHandler.process(AbstractProtocol.java:894)
		at org.apache.tomcat.util.net.NioEndpoint$SocketProcessor.doRun(NioEndpoint.java:1741)
		at org.apache.tomcat.util.net.SocketProcessorBase.run(SocketProcessorBase.java:52)
		at org.apache.tomcat.util.threads.ThreadPoolExecutor.runWorker(ThreadPoolExecutor.java:1191)
		at org.apache.tomcat.util.threads.ThreadPoolExecutor$Worker.run(ThreadPoolExecutor.java:659)
		at org.apache.tomcat.util.threads.TaskThread$WrappingRunnable.run(TaskThread.java:61)
		at java.base/java.lang.Thread.run(Thread.java:832)
10-Aug-2023 14:46:52.247 SEVERE [http-nio-8080-exec-1] org.apache.catalina.core.StandardWrapperValve.invoke Servlet.service() for servlet [jsp] in context with path [/SA_Locadora] threw exception [An exception occurred processing [/form/consultar/back/consultar_cliente.jsp] at line [217]

214:                     }
215:                 }else if(vModoConsulta == 1) {
216:                     List<Cliente> listaClientes = new ArrayList<>();
217:                     listaClientes = cli.consultarClientes();
218: 
219:                     for(Cliente c : listaClientes) {
220:            %>


Stacktrace:] with root cause
	java.lang.NullPointerException: Cannot invoke "java.sql.Connection.prepareStatement(String)" because "con" is null
		at classes.Cliente.consultarClientes(Cliente.java:166)
		at org.apache.jsp.form.consultar.back.consultar_005fcliente_jsp._jspService(consultar_005fcliente_jsp.java:376)
		at org.apache.jasper.runtime.HttpJspBase.service(HttpJspBase.java:70)
		at jakarta.servlet.http.HttpServlet.service(HttpServlet.java:631)
		at org.apache.jasper.servlet.JspServletWrapper.service(JspServletWrapper.java:456)
		at org.apache.jasper.servlet.JspServlet.serviceJspFile(JspServlet.java:380)
		at org.apache.jasper.servlet.JspServlet.service(JspServlet.java:328)
		at jakarta.servlet.http.HttpServlet.service(HttpServlet.java:631)
		at org.apache.catalina.core.ApplicationFilterChain.internalDoFilter(ApplicationFilterChain.java:205)
		at org.apache.catalina.core.ApplicationFilterChain.doFilter(ApplicationFilterChain.java:149)
		at org.apache.tomcat.websocket.server.WsFilter.doFilter(WsFilter.java:53)
		at org.apache.catalina.core.ApplicationFilterChain.internalDoFilter(ApplicationFilterChain.java:174)
		at org.apache.catalina.core.ApplicationFilterChain.doFilter(ApplicationFilterChain.java:149)
		at org.apache.catalina.core.StandardWrapperValve.invoke(StandardWrapperValve.java:166)
		at org.apache.catalina.core.StandardContextValve.invoke(StandardContextValve.java:90)
		at org.apache.catalina.authenticator.AuthenticatorBase.invoke(AuthenticatorBase.java:493)
		at org.apache.catalina.core.StandardHostValve.invoke(StandardHostValve.java:115)
		at org.apache.catalina.valves.ErrorReportValve.invoke(ErrorReportValve.java:93)
		at org.apache.catalina.valves.AbstractAccessLogValve.invoke(AbstractAccessLogValve.java:676)
		at org.apache.catalina.core.StandardEngineValve.invoke(StandardEngineValve.java:74)
		at org.apache.catalina.connector.CoyoteAdapter.service(CoyoteAdapter.java:341)
		at org.apache.coyote.http11.Http11Processor.service(Http11Processor.java:390)
		at org.apache.coyote.AbstractProcessorLight.process(AbstractProcessorLight.java:63)
		at org.apache.coyote.AbstractProtocol$ConnectionHandler.process(AbstractProtocol.java:894)
		at org.apache.tomcat.util.net.NioEndpoint$SocketProcessor.doRun(NioEndpoint.java:1741)
		at org.apache.tomcat.util.net.SocketProcessorBase.run(SocketProcessorBase.java:52)
		at org.apache.tomcat.util.threads.ThreadPoolExecutor.runWorker(ThreadPoolExecutor.java:1191)
		at org.apache.tomcat.util.threads.ThreadPoolExecutor$Worker.run(ThreadPoolExecutor.java:659)
		at org.apache.tomcat.util.threads.TaskThread$WrappingRunnable.run(TaskThread.java:61)
		at java.base/java.lang.Thread.run(Thread.java:832)
10-Aug-2023 14:46:52.404 SEVERE [http-nio-8080-exec-2] org.apache.catalina.core.StandardWrapperValve.invoke Servlet.service() for servlet [jsp] in context with path [/SA_Locadora] threw exception [An exception occurred processing [/form/consultar/back/consultar_cliente.jsp] at line [217]

214:                     }
215:                 }else if(vModoConsulta == 1) {
216:                     List<Cliente> listaClientes = new ArrayList<>();
217:                     listaClientes = cli.consultarClientes();
218: 
219:                     for(Cliente c : listaClientes) {
220:            %>


Stacktrace:] with root cause
	java.lang.NullPointerException: Cannot invoke "java.sql.Connection.prepareStatement(String)" because "con" is null
		at classes.Cliente.consultarClientes(Cliente.java:166)
		at org.apache.jsp.form.consultar.back.consultar_005fcliente_jsp._jspService(consultar_005fcliente_jsp.java:376)
		at org.apache.jasper.runtime.HttpJspBase.service(HttpJspBase.java:70)
		at jakarta.servlet.http.HttpServlet.service(HttpServlet.java:631)
		at org.apache.jasper.servlet.JspServletWrapper.service(JspServletWrapper.java:456)
		at org.apache.jasper.servlet.JspServlet.serviceJspFile(JspServlet.java:380)
		at org.apache.jasper.servlet.JspServlet.service(JspServlet.java:328)
		at jakarta.servlet.http.HttpServlet.service(HttpServlet.java:631)
		at org.apache.catalina.core.ApplicationFilterChain.internalDoFilter(ApplicationFilterChain.java:205)
		at org.apache.catalina.core.ApplicationFilterChain.doFilter(ApplicationFilterChain.java:149)
		at org.apache.tomcat.websocket.server.WsFilter.doFilter(WsFilter.java:53)
		at org.apache.catalina.core.ApplicationFilterChain.internalDoFilter(ApplicationFilterChain.java:174)
		at org.apache.catalina.core.ApplicationFilterChain.doFilter(ApplicationFilterChain.java:149)
		at org.apache.catalina.core.StandardWrapperValve.invoke(StandardWrapperValve.java:166)
		at org.apache.catalina.core.StandardContextValve.invoke(StandardContextValve.java:90)
		at org.apache.catalina.authenticator.AuthenticatorBase.invoke(AuthenticatorBase.java:493)
		at org.apache.catalina.core.StandardHostValve.invoke(StandardHostValve.java:115)
		at org.apache.catalina.valves.ErrorReportValve.invoke(ErrorReportValve.java:93)
		at org.apache.catalina.valves.AbstractAccessLogValve.invoke(AbstractAccessLogValve.java:676)
		at org.apache.catalina.core.StandardEngineValve.invoke(StandardEngineValve.java:74)
		at org.apache.catalina.connector.CoyoteAdapter.service(CoyoteAdapter.java:341)
		at org.apache.coyote.http11.Http11Processor.service(Http11Processor.java:390)
		at org.apache.coyote.AbstractProcessorLight.process(AbstractProcessorLight.java:63)
		at org.apache.coyote.AbstractProtocol$ConnectionHandler.process(AbstractProtocol.java:894)
		at org.apache.tomcat.util.net.NioEndpoint$SocketProcessor.doRun(NioEndpoint.java:1741)
		at org.apache.tomcat.util.net.SocketProcessorBase.run(SocketProcessorBase.java:52)
		at org.apache.tomcat.util.threads.ThreadPoolExecutor.runWorker(ThreadPoolExecutor.java:1191)
		at org.apache.tomcat.util.threads.ThreadPoolExecutor$Worker.run(ThreadPoolExecutor.java:659)
		at org.apache.tomcat.util.threads.TaskThread$WrappingRunnable.run(TaskThread.java:61)
		at java.base/java.lang.Thread.run(Thread.java:832)
10-Aug-2023 19:15:25.797 SEVERE [http-nio-8080-exec-153] org.apache.catalina.core.StandardWrapperValve.invoke Servlet.service() for servlet [jsp] in context with path [/SA_Locadora] threw exception [Unable to compile class for JSP: 

An error occurred at line: [25] in the jsp file: [/index.jsp]
responde cannot be resolved
22:             
23:             for(Cookie atual : cookies) {
24:                 if(atual.getName().equals("login")) {
25:                     responde.sendRedirect("home.html");
26:                 }
27:             }
28:         %>


Stacktrace:] with root cause
	org.apache.jasper.JasperException: Unable to compile class for JSP: 

An error occurred at line: [25] in the jsp file: [/index.jsp]
responde cannot be resolved
22:             
23:             for(Cookie atual : cookies) {
24:                 if(atual.getName().equals("login")) {
25:                     responde.sendRedirect("home.html");
26:                 }
27:             }
28:         %>


Stacktrace:
		at org.apache.jasper.compiler.DefaultErrorHandler.javacError(DefaultErrorHandler.java:102)
		at org.apache.jasper.compiler.ErrorDispatcher.javacError(ErrorDispatcher.java:213)
		at org.apache.jasper.compiler.JDTCompiler.generateClass(JDTCompiler.java:513)
		at org.apache.jasper.compiler.Compiler.compile(Compiler.java:402)
		at org.apache.jasper.compiler.Compiler.compile(Compiler.java:372)
		at org.apache.jasper.compiler.Compiler.compile(Compiler.java:356)
		at org.apache.jasper.JspCompilationContext.compile(JspCompilationContext.java:603)
		at org.apache.jasper.servlet.JspServletWrapper.service(JspServletWrapper.java:396)
		at org.apache.jasper.servlet.JspServlet.serviceJspFile(JspServlet.java:380)
		at org.apache.jasper.servlet.JspServlet.service(JspServlet.java:328)
		at jakarta.servlet.http.HttpServlet.service(HttpServlet.java:631)
		at org.apache.catalina.core.ApplicationFilterChain.internalDoFilter(ApplicationFilterChain.java:205)
		at org.apache.catalina.core.ApplicationFilterChain.doFilter(ApplicationFilterChain.java:149)
		at org.apache.tomcat.websocket.server.WsFilter.doFilter(WsFilter.java:53)
		at org.apache.catalina.core.ApplicationFilterChain.internalDoFilter(ApplicationFilterChain.java:174)
		at org.apache.catalina.core.ApplicationFilterChain.doFilter(ApplicationFilterChain.java:149)
		at org.apache.catalina.core.StandardWrapperValve.invoke(StandardWrapperValve.java:166)
		at org.apache.catalina.core.StandardContextValve.invoke(StandardContextValve.java:90)
		at org.apache.catalina.authenticator.AuthenticatorBase.invoke(AuthenticatorBase.java:493)
		at org.apache.catalina.core.StandardHostValve.invoke(StandardHostValve.java:115)
		at org.apache.catalina.valves.ErrorReportValve.invoke(ErrorReportValve.java:93)
		at org.apache.catalina.valves.AbstractAccessLogValve.invoke(AbstractAccessLogValve.java:676)
		at org.apache.catalina.core.StandardEngineValve.invoke(StandardEngineValve.java:74)
		at org.apache.catalina.connector.CoyoteAdapter.service(CoyoteAdapter.java:341)
		at org.apache.coyote.http11.Http11Processor.service(Http11Processor.java:390)
		at org.apache.coyote.AbstractProcessorLight.process(AbstractProcessorLight.java:63)
		at org.apache.coyote.AbstractProtocol$ConnectionHandler.process(AbstractProtocol.java:894)
		at org.apache.tomcat.util.net.NioEndpoint$SocketProcessor.doRun(NioEndpoint.java:1741)
		at org.apache.tomcat.util.net.SocketProcessorBase.run(SocketProcessorBase.java:52)
		at org.apache.tomcat.util.threads.ThreadPoolExecutor.runWorker(ThreadPoolExecutor.java:1191)
		at org.apache.tomcat.util.threads.ThreadPoolExecutor$Worker.run(ThreadPoolExecutor.java:659)
		at org.apache.tomcat.util.threads.TaskThread$WrappingRunnable.run(TaskThread.java:61)
		at java.base/java.lang.Thread.run(Thread.java:832)
10-Aug-2023 19:15:37.254 SEVERE [http-nio-8080-exec-144] org.apache.catalina.core.StandardWrapperValve.invoke Servlet.service() for servlet [jsp] in context with path [/SA_Locadora] threw exception [An exception occurred processing [/index.jsp] at line [23]

20:         <%
21:             Cookie[] cookies = request.getCookies();
22:             
23:             for(Cookie atual : cookies) {
24:                 if(atual.getName().equals("login")) {
25:                     response.sendRedirect("home.html");
26:                 }


Stacktrace:] with root cause
	java.lang.NullPointerException: Cannot read the array length because "cookies" is null
		at org.apache.jsp.index_jsp._jspService(index_jsp.java:144)
		at org.apache.jasper.runtime.HttpJspBase.service(HttpJspBase.java:70)
		at jakarta.servlet.http.HttpServlet.service(HttpServlet.java:631)
		at org.apache.jasper.servlet.JspServletWrapper.service(JspServletWrapper.java:456)
		at org.apache.jasper.servlet.JspServlet.serviceJspFile(JspServlet.java:380)
		at org.apache.jasper.servlet.JspServlet.service(JspServlet.java:328)
		at jakarta.servlet.http.HttpServlet.service(HttpServlet.java:631)
		at org.apache.catalina.core.ApplicationFilterChain.internalDoFilter(ApplicationFilterChain.java:205)
		at org.apache.catalina.core.ApplicationFilterChain.doFilter(ApplicationFilterChain.java:149)
		at org.apache.tomcat.websocket.server.WsFilter.doFilter(WsFilter.java:53)
		at org.apache.catalina.core.ApplicationFilterChain.internalDoFilter(ApplicationFilterChain.java:174)
		at org.apache.catalina.core.ApplicationFilterChain.doFilter(ApplicationFilterChain.java:149)
		at org.apache.catalina.core.StandardWrapperValve.invoke(StandardWrapperValve.java:166)
		at org.apache.catalina.core.StandardContextValve.invoke(StandardContextValve.java:90)
		at org.apache.catalina.authenticator.AuthenticatorBase.invoke(AuthenticatorBase.java:493)
		at org.apache.catalina.core.StandardHostValve.invoke(StandardHostValve.java:115)
		at org.apache.catalina.valves.ErrorReportValve.invoke(ErrorReportValve.java:93)
		at org.apache.catalina.valves.AbstractAccessLogValve.invoke(AbstractAccessLogValve.java:676)
		at org.apache.catalina.core.StandardEngineValve.invoke(StandardEngineValve.java:74)
		at org.apache.catalina.connector.CoyoteAdapter.service(CoyoteAdapter.java:341)
		at org.apache.coyote.http11.Http11Processor.service(Http11Processor.java:390)
		at org.apache.coyote.AbstractProcessorLight.process(AbstractProcessorLight.java:63)
		at org.apache.coyote.AbstractProtocol$ConnectionHandler.process(AbstractProtocol.java:894)
		at org.apache.tomcat.util.net.NioEndpoint$SocketProcessor.doRun(NioEndpoint.java:1741)
		at org.apache.tomcat.util.net.SocketProcessorBase.run(SocketProcessorBase.java:52)
		at org.apache.tomcat.util.threads.ThreadPoolExecutor.runWorker(ThreadPoolExecutor.java:1191)
		at org.apache.tomcat.util.threads.ThreadPoolExecutor$Worker.run(ThreadPoolExecutor.java:659)
		at org.apache.tomcat.util.threads.TaskThread$WrappingRunnable.run(TaskThread.java:61)
		at java.base/java.lang.Thread.run(Thread.java:832)
10-Aug-2023 19:16:43.692 INFO [main] org.apache.catalina.core.ApplicationContext.log SessionListener: contextDestroyed()
10-Aug-2023 19:16:43.692 INFO [main] org.apache.catalina.core.ApplicationContext.log ContextListener: contextDestroyed()
10-Aug-2023 19:16:56.179 INFO [main] org.apache.catalina.core.ApplicationContext.log ContextListener: contextInitialized()
10-Aug-2023 19:16:56.179 INFO [main] org.apache.catalina.core.ApplicationContext.log SessionListener: contextInitialized()
10-Aug-2023 19:16:56.184 INFO [main] org.apache.catalina.core.ApplicationContext.log ContextListener: attributeAdded('StockTicker', 'async.Stockticker@3119cf6f')
10-Aug-2023 19:22:54.052 SEVERE [http-nio-8080-exec-18] org.apache.catalina.core.StandardWrapperValve.invoke Servlet.service() for servlet [jsp] in context with path [/SA_Locadora] threw exception [Unable to compile class for JSP: 

An error occurred at line: [29] in the jsp file: [/home.jsp]
Duplicate local variable cookies
26:         %>
27:         
28:         <%
29:             Cookie[] cookies = request.getCookies();
30:             
31:             if(cookies == null) {
32:                 response.sendRedirect("index.jsp");


Stacktrace:] with root cause
	org.apache.jasper.JasperException: Unable to compile class for JSP: 

An error occurred at line: [29] in the jsp file: [/home.jsp]
Duplicate local variable cookies
26:         %>
27:         
28:         <%
29:             Cookie[] cookies = request.getCookies();
30:             
31:             if(cookies == null) {
32:                 response.sendRedirect("index.jsp");


Stacktrace:
		at org.apache.jasper.compiler.DefaultErrorHandler.javacError(DefaultErrorHandler.java:102)
		at org.apache.jasper.compiler.ErrorDispatcher.javacError(ErrorDispatcher.java:213)
		at org.apache.jasper.compiler.JDTCompiler.generateClass(JDTCompiler.java:513)
		at org.apache.jasper.compiler.Compiler.compile(Compiler.java:402)
		at org.apache.jasper.compiler.Compiler.compile(Compiler.java:372)
		at org.apache.jasper.compiler.Compiler.compile(Compiler.java:356)
		at org.apache.jasper.JspCompilationContext.compile(JspCompilationContext.java:603)
		at org.apache.jasper.servlet.JspServletWrapper.service(JspServletWrapper.java:396)
		at org.apache.jasper.servlet.JspServlet.serviceJspFile(JspServlet.java:380)
		at org.apache.jasper.servlet.JspServlet.service(JspServlet.java:328)
		at jakarta.servlet.http.HttpServlet.service(HttpServlet.java:631)
		at org.apache.catalina.core.ApplicationFilterChain.internalDoFilter(ApplicationFilterChain.java:205)
		at org.apache.catalina.core.ApplicationFilterChain.doFilter(ApplicationFilterChain.java:149)
		at org.apache.tomcat.websocket.server.WsFilter.doFilter(WsFilter.java:53)
		at org.apache.catalina.core.ApplicationFilterChain.internalDoFilter(ApplicationFilterChain.java:174)
		at org.apache.catalina.core.ApplicationFilterChain.doFilter(ApplicationFilterChain.java:149)
		at org.apache.catalina.core.StandardWrapperValve.invoke(StandardWrapperValve.java:166)
		at org.apache.catalina.core.StandardContextValve.invoke(StandardContextValve.java:90)
		at org.apache.catalina.authenticator.AuthenticatorBase.invoke(AuthenticatorBase.java:493)
		at org.apache.catalina.core.StandardHostValve.invoke(StandardHostValve.java:115)
		at org.apache.catalina.valves.ErrorReportValve.invoke(ErrorReportValve.java:93)
		at org.apache.catalina.valves.AbstractAccessLogValve.invoke(AbstractAccessLogValve.java:676)
		at org.apache.catalina.core.StandardEngineValve.invoke(StandardEngineValve.java:74)
		at org.apache.catalina.connector.CoyoteAdapter.service(CoyoteAdapter.java:341)
		at org.apache.coyote.http11.Http11Processor.service(Http11Processor.java:390)
		at org.apache.coyote.AbstractProcessorLight.process(AbstractProcessorLight.java:63)
		at org.apache.coyote.AbstractProtocol$ConnectionHandler.process(AbstractProtocol.java:894)
		at org.apache.tomcat.util.net.NioEndpoint$SocketProcessor.doRun(NioEndpoint.java:1741)
		at org.apache.tomcat.util.net.SocketProcessorBase.run(SocketProcessorBase.java:52)
		at org.apache.tomcat.util.threads.ThreadPoolExecutor.runWorker(ThreadPoolExecutor.java:1191)
		at org.apache.tomcat.util.threads.ThreadPoolExecutor$Worker.run(ThreadPoolExecutor.java:659)
		at org.apache.tomcat.util.threads.TaskThread$WrappingRunnable.run(TaskThread.java:61)
		at java.base/java.lang.Thread.run(Thread.java:832)
10-Aug-2023 19:46:14.099 INFO [main] org.apache.catalina.core.ApplicationContext.log SessionListener: contextDestroyed()
10-Aug-2023 19:46:14.099 INFO [main] org.apache.catalina.core.ApplicationContext.log ContextListener: contextDestroyed()
